2025-06-29 01:28:06,944 - INFO - Iniciando entrenamiento de harmonización distribuido...
2025-06-29 01:28:06,944 - INFO - Configuración: {'batch_size': 8, 'learning_rate': 5e-05, 'weight_decay': 1e-06, 'num_epochs': 50, 'image_size': 384, 'num_workers': 4, 'pin_memory': True, 'device': 'cuda:0'}
2025-06-29 01:28:06,944 - INFO - 
Época 1/50
2025-06-29 01:28:08,108 - INFO - Batch 0/2: Loss: 0.9744, MSE: 0.0802
2025-06-29 01:28:08,711 - INFO - Train - Loss: 0.7237, MSE: 0.0602
2025-06-29 01:28:08,711 - INFO - Val   - Loss: 0.0000, MSE: 0.0000
2025-06-29 01:28:09,698 - INFO - ¡Nuevo mejor modelo de harmonización! Loss: 0.0000
2025-06-29 01:28:09,698 - INFO - 
Época 2/50
2025-06-29 01:28:10,386 - INFO - Batch 0/2: Loss: 0.9707, MSE: 0.0528
2025-06-29 01:28:11,030 - INFO - Train - Loss: 0.9676, MSE: 0.0681
2025-06-29 01:28:11,030 - INFO - Val   - Loss: 0.0000, MSE: 0.0000
2025-06-29 01:28:11,502 - INFO - 
Época 3/50
2025-06-29 01:28:12,078 - INFO - Batch 0/2: Loss: 0.9557, MSE: 0.0627
2025-06-29 01:28:12,575 - INFO - Train - Loss: 0.9976, MSE: 0.0560
2025-06-29 01:28:12,576 - INFO - Val   - Loss: 0.0000, MSE: 0.0000
2025-06-29 01:28:13,046 - INFO - 
Época 4/50
2025-06-29 01:28:13,681 - INFO - Batch 0/2: Loss: 1.0009, MSE: 0.0752
2025-06-29 01:28:14,185 - INFO - Train - Loss: 0.8820, MSE: 0.0612
2025-06-29 01:28:14,185 - INFO - Val   - Loss: 0.0000, MSE: 0.0000
2025-06-29 01:28:14,648 - INFO - 
Época 5/50
2025-06-29 01:28:15,339 - INFO - Batch 0/2: Loss: 0.7672, MSE: 0.0617
2025-06-29 01:28:15,977 - INFO - Train - Loss: 0.9159, MSE: 0.0730
2025-06-29 01:28:15,977 - INFO - Val   - Loss: 0.0000, MSE: 0.0000
2025-06-29 01:28:16,437 - INFO - 
Época 6/50
2025-06-29 01:28:17,005 - INFO - Batch 0/2: Loss: 0.7880, MSE: 0.0517
2025-06-29 01:28:17,503 - INFO - Train - Loss: 0.8712, MSE: 0.0631
2025-06-29 01:28:17,503 - INFO - Val   - Loss: 0.0000, MSE: 0.0000
2025-06-29 01:28:17,963 - INFO - 
Época 7/50
2025-06-29 01:28:18,650 - INFO - Batch 0/2: Loss: 0.8072, MSE: 0.0714
2025-06-29 01:28:19,219 - INFO - Train - Loss: 0.7316, MSE: 0.0576
2025-06-29 01:28:19,220 - INFO - Val   - Loss: 0.0000, MSE: 0.0000
2025-06-29 01:28:19,688 - INFO - 
Época 8/50
2025-06-29 01:28:20,375 - INFO - Batch 0/2: Loss: 0.7075, MSE: 0.0557
2025-06-29 01:28:21,017 - INFO - Train - Loss: 0.7938, MSE: 0.0633
2025-06-29 01:28:21,018 - INFO - Val   - Loss: 0.0000, MSE: 0.0000
2025-06-29 01:28:21,522 - INFO - 
Época 9/50
2025-06-29 01:28:22,105 - INFO - Batch 0/2: Loss: 0.7936, MSE: 0.0472
2025-06-29 01:28:22,605 - INFO - Train - Loss: 0.7133, MSE: 0.0466
2025-06-29 01:28:22,606 - INFO - Val   - Loss: 0.0000, MSE: 0.0000
2025-06-29 01:28:23,125 - INFO - 
Época 10/50
2025-06-29 01:28:23,753 - INFO - Batch 0/2: Loss: 0.6929, MSE: 0.0570
2025-06-29 01:28:24,254 - INFO - Train - Loss: 0.5624, MSE: 0.0476
2025-06-29 01:28:24,254 - INFO - Val   - Loss: 0.0000, MSE: 0.0000
2025-06-29 01:28:24,717 - INFO - 
Época 11/50
2025-06-29 01:28:25,400 - INFO - Batch 0/2: Loss: 0.7906, MSE: 0.0489
2025-06-29 01:28:26,048 - INFO - Train - Loss: 0.7331, MSE: 0.0493
2025-06-29 01:28:26,049 - INFO - Val   - Loss: 0.0000, MSE: 0.0000
2025-06-29 01:28:26,512 - INFO - 
Época 12/50
2025-06-29 01:28:27,078 - INFO - Batch 0/2: Loss: 0.8865, MSE: 0.0615
2025-06-29 01:28:27,581 - INFO - Train - Loss: 0.7480, MSE: 0.0528
2025-06-29 01:28:27,581 - INFO - Val   - Loss: 0.0000, MSE: 0.0000
2025-06-29 01:28:28,056 - INFO - 
Época 13/50
2025-06-29 01:28:28,715 - INFO - Batch 0/2: Loss: 0.6097, MSE: 0.0354
2025-06-29 01:28:29,297 - INFO - Train - Loss: 0.6177, MSE: 0.0393
2025-06-29 01:28:29,297 - INFO - Val   - Loss: 0.0000, MSE: 0.0000
2025-06-29 01:28:29,810 - INFO - 
Época 14/50
2025-06-29 01:28:30,504 - INFO - Batch 0/2: Loss: 0.5486, MSE: 0.0417
2025-06-29 01:28:31,137 - INFO - Train - Loss: 0.5843, MSE: 0.0414
2025-06-29 01:28:31,137 - INFO - Val   - Loss: 0.0000, MSE: 0.0000
2025-06-29 01:28:31,645 - INFO - 
Época 15/50
2025-06-29 01:28:32,232 - INFO - Batch 0/2: Loss: 0.6301, MSE: 0.0665
2025-06-29 01:28:32,733 - INFO - Train - Loss: 0.5948, MSE: 0.0565
2025-06-29 01:28:32,733 - INFO - Val   - Loss: 0.0000, MSE: 0.0000
2025-06-29 01:28:33,242 - INFO - 
Época 16/50
2025-06-29 01:28:33,896 - INFO - Batch 0/2: Loss: 0.5335, MSE: 0.0475
2025-06-29 01:28:34,400 - INFO - Train - Loss: 0.5095, MSE: 0.0392
2025-06-29 01:28:34,400 - INFO - Val   - Loss: 0.0000, MSE: 0.0000
2025-06-29 01:28:34,916 - INFO - 
Época 17/50
2025-06-29 01:28:35,596 - INFO - Batch 0/2: Loss: 0.4350, MSE: 0.0350
2025-06-29 01:28:36,211 - INFO - Train - Loss: 0.4900, MSE: 0.0338
2025-06-29 01:28:36,211 - INFO - Val   - Loss: 0.0000, MSE: 0.0000
2025-06-29 01:28:36,726 - INFO - 
Época 18/50
2025-06-29 01:28:37,301 - INFO - Batch 0/2: Loss: 0.3911, MSE: 0.0265
2025-06-29 01:28:37,801 - INFO - Train - Loss: 0.4877, MSE: 0.0415
2025-06-29 01:28:37,801 - INFO - Val   - Loss: 0.0000, MSE: 0.0000
2025-06-29 01:28:38,314 - INFO - 
Época 19/50
2025-06-29 01:28:38,951 - INFO - Batch 0/2: Loss: 0.6398, MSE: 0.0382
2025-06-29 01:28:39,451 - INFO - Train - Loss: 0.5579, MSE: 0.0366
2025-06-29 01:28:39,452 - INFO - Val   - Loss: 0.0000, MSE: 0.0000
2025-06-29 01:28:39,949 - INFO - 
Época 20/50
2025-06-29 01:28:40,654 - INFO - Batch 0/2: Loss: 0.3992, MSE: 0.0368
2025-06-29 01:28:41,281 - INFO - Train - Loss: 0.4614, MSE: 0.0358
2025-06-29 01:28:41,281 - INFO - Val   - Loss: 0.0000, MSE: 0.0000
2025-06-29 01:28:41,745 - INFO - 
Época 21/50
2025-06-29 01:28:42,304 - INFO - Batch 0/2: Loss: 0.6563, MSE: 0.0353
2025-06-29 01:28:42,799 - INFO - Train - Loss: 0.5841, MSE: 0.0334
2025-06-29 01:28:42,799 - INFO - Val   - Loss: 0.0000, MSE: 0.0000
2025-06-29 01:28:43,258 - INFO - 
Época 22/50
2025-06-29 01:28:43,931 - INFO - Batch 0/2: Loss: 0.4734, MSE: 0.0395
2025-06-29 01:28:44,492 - INFO - Train - Loss: 0.4687, MSE: 0.0426
2025-06-29 01:28:44,493 - INFO - Val   - Loss: 0.0000, MSE: 0.0000
2025-06-29 01:28:44,964 - INFO - 
Época 23/50
2025-06-29 01:28:45,672 - INFO - Batch 0/2: Loss: 0.5076, MSE: 0.0422
2025-06-29 01:28:46,328 - INFO - Train - Loss: 0.4858, MSE: 0.0411
2025-06-29 01:28:46,328 - INFO - Val   - Loss: 0.0000, MSE: 0.0000
2025-06-29 01:28:46,795 - INFO - 
Época 24/50
2025-06-29 01:28:47,376 - INFO - Batch 0/2: Loss: 0.5500, MSE: 0.0432
2025-06-29 01:28:47,865 - INFO - Train - Loss: 0.5156, MSE: 0.0387
2025-06-29 01:28:47,865 - INFO - Val   - Loss: 0.0000, MSE: 0.0000
2025-06-29 01:28:48,323 - INFO - 
Época 25/50
2025-06-29 01:28:49,008 - INFO - Batch 0/2: Loss: 0.4189, MSE: 0.0421
2025-06-29 01:28:49,578 - INFO - Train - Loss: 0.4034, MSE: 0.0375
2025-06-29 01:28:49,578 - INFO - Val   - Loss: 0.0000, MSE: 0.0000
2025-06-29 01:28:50,033 - INFO - 
Época 26/50
2025-06-29 01:28:50,726 - INFO - Batch 0/2: Loss: 0.5136, MSE: 0.0381
2025-06-29 01:28:51,362 - INFO - Train - Loss: 0.4857, MSE: 0.0345
2025-06-29 01:28:51,363 - INFO - Val   - Loss: 0.0000, MSE: 0.0000
2025-06-29 01:28:51,827 - INFO - 
Época 27/50
2025-06-29 01:28:52,422 - INFO - Batch 0/2: Loss: 0.4805, MSE: 0.0350
2025-06-29 01:28:52,929 - INFO - Train - Loss: 0.5049, MSE: 0.0371
2025-06-29 01:28:52,929 - INFO - Val   - Loss: 0.0000, MSE: 0.0000
2025-06-29 01:28:53,388 - INFO - 
Época 28/50
2025-06-29 01:28:54,087 - INFO - Batch 0/2: Loss: 0.3152, MSE: 0.0247
2025-06-29 01:28:54,654 - INFO - Train - Loss: 0.4582, MSE: 0.0369
2025-06-29 01:28:54,655 - INFO - Val   - Loss: 0.0000, MSE: 0.0000
2025-06-29 01:28:55,112 - INFO - 
Época 29/50
2025-06-29 01:28:55,810 - INFO - Batch 0/2: Loss: 0.5060, MSE: 0.0358
2025-06-29 01:28:56,451 - INFO - Train - Loss: 0.5509, MSE: 0.0383
2025-06-29 01:28:56,451 - INFO - Val   - Loss: 0.0000, MSE: 0.0000
2025-06-29 01:28:56,922 - INFO - 
Época 30/50
2025-06-29 01:28:57,488 - INFO - Batch 0/2: Loss: 0.5381, MSE: 0.0426
2025-06-29 01:28:58,037 - INFO - Train - Loss: 0.5200, MSE: 0.0451
2025-06-29 01:28:58,037 - INFO - Val   - Loss: 0.0000, MSE: 0.0000
2025-06-29 01:28:58,504 - INFO - 
Época 31/50
2025-06-29 01:28:59,182 - INFO - Batch 0/2: Loss: 0.4374, MSE: 0.0285
2025-06-29 01:28:59,753 - INFO - Train - Loss: 0.4143, MSE: 0.0294
2025-06-29 01:28:59,753 - INFO - Val   - Loss: 0.0000, MSE: 0.0000
2025-06-29 01:29:00,210 - INFO - 
Época 32/50
2025-06-29 01:29:00,932 - INFO - Batch 0/2: Loss: 0.5553, MSE: 0.0332
2025-06-29 01:29:01,581 - INFO - Train - Loss: 0.5006, MSE: 0.0352
2025-06-29 01:29:01,581 - INFO - Val   - Loss: 0.0000, MSE: 0.0000
2025-06-29 01:29:02,041 - INFO - 
Época 33/50
2025-06-29 01:29:02,592 - INFO - Batch 0/2: Loss: 0.3803, MSE: 0.0257
2025-06-29 01:29:03,087 - INFO - Train - Loss: 0.4937, MSE: 0.0381
2025-06-29 01:29:03,087 - INFO - Val   - Loss: 0.0000, MSE: 0.0000
2025-06-29 01:29:03,549 - INFO - 
Época 34/50
2025-06-29 01:29:04,257 - INFO - Batch 0/2: Loss: 0.3898, MSE: 0.0374
2025-06-29 01:29:04,842 - INFO - Train - Loss: 0.4003, MSE: 0.0384
2025-06-29 01:29:04,842 - INFO - Val   - Loss: 0.0000, MSE: 0.0000
2025-06-29 01:29:05,311 - INFO - 
Época 35/50
2025-06-29 01:29:05,895 - INFO - Batch 0/2: Loss: 0.4789, MSE: 0.0425
2025-06-29 01:29:06,392 - INFO - Train - Loss: 0.4792, MSE: 0.0428
2025-06-29 01:29:06,392 - INFO - Val   - Loss: 0.0000, MSE: 0.0000
2025-06-29 01:29:06,866 - INFO - 
Época 36/50
2025-06-29 01:29:07,470 - INFO - Batch 0/2: Loss: 0.4472, MSE: 0.0385
2025-06-29 01:29:07,974 - INFO - Train - Loss: 0.4401, MSE: 0.0372
2025-06-29 01:29:07,974 - INFO - Val   - Loss: 0.0000, MSE: 0.0000
2025-06-29 01:29:08,439 - INFO - 
Época 37/50
2025-06-29 01:29:09,123 - INFO - Batch 0/2: Loss: 0.4696, MSE: 0.0371
2025-06-29 01:29:09,778 - INFO - Train - Loss: 0.4040, MSE: 0.0312
2025-06-29 01:29:09,778 - INFO - Val   - Loss: 0.0000, MSE: 0.0000
2025-06-29 01:29:10,245 - INFO - 
Época 38/50
2025-06-29 01:29:10,841 - INFO - Batch 0/2: Loss: 0.4555, MSE: 0.0324
2025-06-29 01:29:11,340 - INFO - Train - Loss: 0.4358, MSE: 0.0323
2025-06-29 01:29:11,340 - INFO - Val   - Loss: 0.0000, MSE: 0.0000
2025-06-29 01:29:11,811 - INFO - 
Época 39/50
2025-06-29 01:29:12,444 - INFO - Batch 0/2: Loss: 0.3995, MSE: 0.0266
2025-06-29 01:29:12,945 - INFO - Train - Loss: 0.3908, MSE: 0.0280
2025-06-29 01:29:12,945 - INFO - Val   - Loss: 0.0000, MSE: 0.0000
2025-06-29 01:29:13,405 - INFO - 
Época 40/50
2025-06-29 01:29:14,116 - INFO - Batch 0/2: Loss: 0.3654, MSE: 0.0264
2025-06-29 01:29:14,760 - INFO - Train - Loss: 0.4593, MSE: 0.0355
2025-06-29 01:29:14,760 - INFO - Val   - Loss: 0.0000, MSE: 0.0000
2025-06-29 01:29:15,231 - INFO - 
Época 41/50
2025-06-29 01:29:15,828 - INFO - Batch 0/2: Loss: 0.3621, MSE: 0.0251
2025-06-29 01:29:16,333 - INFO - Train - Loss: 0.4191, MSE: 0.0287
2025-06-29 01:29:16,334 - INFO - Val   - Loss: 0.0000, MSE: 0.0000
2025-06-29 01:29:16,831 - INFO - 
Época 42/50
2025-06-29 01:29:17,490 - INFO - Batch 0/2: Loss: 0.5345, MSE: 0.0470
2025-06-29 01:29:18,068 - INFO - Train - Loss: 0.4893, MSE: 0.0424
2025-06-29 01:29:18,068 - INFO - Val   - Loss: 0.0000, MSE: 0.0000
2025-06-29 01:29:18,533 - INFO - 
Época 43/50
2025-06-29 01:29:19,249 - INFO - Batch 0/2: Loss: 0.3151, MSE: 0.0260
2025-06-29 01:29:19,884 - INFO - Train - Loss: 0.3256, MSE: 0.0251
2025-06-29 01:29:19,885 - INFO - Val   - Loss: 0.0000, MSE: 0.0000
2025-06-29 01:29:20,364 - INFO - 
Época 44/50
2025-06-29 01:29:20,947 - INFO - Batch 0/2: Loss: 0.3270, MSE: 0.0275
2025-06-29 01:29:21,449 - INFO - Train - Loss: 0.3816, MSE: 0.0297
2025-06-29 01:29:21,449 - INFO - Val   - Loss: 0.0000, MSE: 0.0000
2025-06-29 01:29:21,905 - INFO - 
Época 45/50
2025-06-29 01:29:22,614 - INFO - Batch 0/2: Loss: 0.2756, MSE: 0.0205
2025-06-29 01:29:23,189 - INFO - Train - Loss: 0.2979, MSE: 0.0270
2025-06-29 01:29:23,189 - INFO - Val   - Loss: 0.0000, MSE: 0.0000
2025-06-29 01:29:23,669 - INFO - 
Época 46/50
2025-06-29 01:29:24,374 - INFO - Batch 0/2: Loss: 0.4710, MSE: 0.0392
2025-06-29 01:29:25,016 - INFO - Train - Loss: 0.4333, MSE: 0.0360
2025-06-29 01:29:25,016 - INFO - Val   - Loss: 0.0000, MSE: 0.0000
2025-06-29 01:29:25,526 - INFO - 
Época 47/50
2025-06-29 01:29:26,093 - INFO - Batch 0/2: Loss: 0.4817, MSE: 0.0299
2025-06-29 01:29:26,590 - INFO - Train - Loss: 0.3942, MSE: 0.0242
2025-06-29 01:29:26,590 - INFO - Val   - Loss: 0.0000, MSE: 0.0000
2025-06-29 01:29:27,101 - INFO - 
Época 48/50
2025-06-29 01:29:27,797 - INFO - Batch 0/2: Loss: 0.4752, MSE: 0.0353
2025-06-29 01:29:28,361 - INFO - Train - Loss: 0.4069, MSE: 0.0340
2025-06-29 01:29:28,362 - INFO - Val   - Loss: 0.0000, MSE: 0.0000
2025-06-29 01:29:28,834 - INFO - 
Época 49/50
2025-06-29 01:29:29,525 - INFO - Batch 0/2: Loss: 0.3042, MSE: 0.0267
2025-06-29 01:29:30,169 - INFO - Train - Loss: 0.3086, MSE: 0.0281
2025-06-29 01:29:30,169 - INFO - Val   - Loss: 0.0000, MSE: 0.0000
2025-06-29 01:29:30,673 - INFO - 
Época 50/50
2025-06-29 01:29:31,261 - INFO - Batch 0/2: Loss: 0.3721, MSE: 0.0246
2025-06-29 01:29:31,765 - INFO - Train - Loss: 0.4041, MSE: 0.0311
2025-06-29 01:29:31,765 - INFO - Val   - Loss: 0.0000, MSE: 0.0000
2025-06-29 01:29:32,235 - INFO - Entrenamiento de harmonización completado!
