2025-06-29 02:05:37,083 - INFO - Iniciando entrenamiento de harmonización distribuido...
2025-06-29 02:05:37,083 - INFO - Configuración: {'batch_size': 2, 'learning_rate': 5e-05, 'weight_decay': 1e-06, 'num_epochs': 50, 'image_size': 384, 'num_workers': 4, 'pin_memory': True, 'device': 'cuda:0'}
2025-06-29 02:05:37,083 - INFO - 
Época 1/50
2025-06-29 02:05:37,881 - INFO - Batch 0/80: Loss: 0.9687, MSE: 0.0671
2025-06-29 02:05:39,497 - INFO - Batch 20/80: Loss: 0.9202, MSE: 0.0392
2025-06-29 02:05:40,954 - INFO - Batch 40/80: Loss: 0.9527, MSE: 0.0503
2025-06-29 02:05:42,413 - INFO - Batch 60/80: Loss: 0.7844, MSE: 0.0491
2025-06-29 02:05:44,570 - INFO - Train - Loss: 0.7700, MSE: 0.0494
2025-06-29 02:05:44,570 - INFO - Val   - Loss: 0.5849, MSE: 0.0379
2025-06-29 02:05:45,551 - INFO - ¡Nuevo mejor modelo de harmonización! Loss: 0.5849
2025-06-29 02:05:45,551 - INFO - 
Época 2/50
2025-06-29 02:05:45,867 - INFO - Batch 0/80: Loss: 0.4407, MSE: 0.0464
2025-06-29 02:05:47,338 - INFO - Batch 20/80: Loss: 0.7390, MSE: 0.0324
2025-06-29 02:05:48,806 - INFO - Batch 40/80: Loss: 0.7484, MSE: 0.0449
2025-06-29 02:05:50,273 - INFO - Batch 60/80: Loss: 0.4745, MSE: 0.0219
2025-06-29 02:05:52,769 - INFO - Train - Loss: 0.4926, MSE: 0.0363
2025-06-29 02:05:52,769 - INFO - Val   - Loss: 0.4683, MSE: 0.0349
2025-06-29 02:05:53,741 - INFO - ¡Nuevo mejor modelo de harmonización! Loss: 0.4683
2025-06-29 02:05:53,741 - INFO - 
Época 3/50
2025-06-29 02:05:54,030 - INFO - Batch 0/80: Loss: 0.4636, MSE: 0.0442
2025-06-29 02:05:55,910 - INFO - Batch 20/80: Loss: 0.5694, MSE: 0.0278
2025-06-29 02:05:57,569 - INFO - Batch 40/80: Loss: 0.5307, MSE: 0.0275
2025-06-29 02:05:59,037 - INFO - Batch 60/80: Loss: 0.2943, MSE: 0.0250
2025-06-29 02:06:01,231 - INFO - Train - Loss: 0.4172, MSE: 0.0354
2025-06-29 02:06:01,231 - INFO - Val   - Loss: 0.4167, MSE: 0.0360
2025-06-29 02:06:02,245 - INFO - ¡Nuevo mejor modelo de harmonización! Loss: 0.4167
2025-06-29 02:06:02,245 - INFO - 
Época 4/50
2025-06-29 02:06:02,563 - INFO - Batch 0/80: Loss: 0.4393, MSE: 0.0404
2025-06-29 02:06:03,993 - INFO - Batch 20/80: Loss: 0.6184, MSE: 0.0481
2025-06-29 02:06:05,458 - INFO - Batch 40/80: Loss: 0.6294, MSE: 0.0284
2025-06-29 02:06:06,923 - INFO - Batch 60/80: Loss: 0.4290, MSE: 0.0439
2025-06-29 02:06:09,406 - INFO - Train - Loss: 0.3907, MSE: 0.0319
2025-06-29 02:06:09,406 - INFO - Val   - Loss: 0.3906, MSE: 0.0326
2025-06-29 02:06:10,390 - INFO - ¡Nuevo mejor modelo de harmonización! Loss: 0.3906
2025-06-29 02:06:10,390 - INFO - 
Época 5/50
2025-06-29 02:06:10,676 - INFO - Batch 0/80: Loss: 0.6707, MSE: 0.0375
2025-06-29 02:06:12,150 - INFO - Batch 20/80: Loss: 0.5744, MSE: 0.0513
2025-06-29 02:06:14,037 - INFO - Batch 40/80: Loss: 0.3213, MSE: 0.0324
2025-06-29 02:06:15,701 - INFO - Batch 60/80: Loss: 0.2616, MSE: 0.0164
2025-06-29 02:06:17,848 - INFO - Train - Loss: 0.3993, MSE: 0.0324
2025-06-29 02:06:17,848 - INFO - Val   - Loss: 0.4216, MSE: 0.0357
2025-06-29 02:06:18,419 - INFO - 
Época 6/50
2025-06-29 02:06:18,754 - INFO - Batch 0/80: Loss: 0.2992, MSE: 0.0368
2025-06-29 02:06:20,460 - INFO - Batch 20/80: Loss: 0.3879, MSE: 0.0495
2025-06-29 02:06:21,925 - INFO - Batch 40/80: Loss: 0.3546, MSE: 0.0338
2025-06-29 02:06:23,391 - INFO - Batch 60/80: Loss: 0.2579, MSE: 0.0305
2025-06-29 02:06:25,606 - INFO - Train - Loss: 0.3726, MSE: 0.0309
2025-06-29 02:06:25,607 - INFO - Val   - Loss: 0.3997, MSE: 0.0316
2025-06-29 02:06:26,131 - INFO - 
Época 7/50
2025-06-29 02:06:26,457 - INFO - Batch 0/80: Loss: 0.3462, MSE: 0.0282
2025-06-29 02:06:27,964 - INFO - Batch 20/80: Loss: 0.4270, MSE: 0.0344
2025-06-29 02:06:29,433 - INFO - Batch 40/80: Loss: 0.2651, MSE: 0.0197
2025-06-29 02:06:30,901 - INFO - Batch 60/80: Loss: 0.3259, MSE: 0.0282
2025-06-29 02:06:33,087 - INFO - Train - Loss: 0.3696, MSE: 0.0316
2025-06-29 02:06:33,087 - INFO - Val   - Loss: 0.3705, MSE: 0.0328
2025-06-29 02:06:34,067 - INFO - ¡Nuevo mejor modelo de harmonización! Loss: 0.3705
2025-06-29 02:06:34,067 - INFO - 
Época 8/50
2025-06-29 02:06:34,389 - INFO - Batch 0/80: Loss: 0.3521, MSE: 0.0246
2025-06-29 02:06:35,824 - INFO - Batch 20/80: Loss: 0.6119, MSE: 0.0409
2025-06-29 02:06:37,296 - INFO - Batch 40/80: Loss: 0.3432, MSE: 0.0257
2025-06-29 02:06:38,771 - INFO - Batch 60/80: Loss: 0.2714, MSE: 0.0227
2025-06-29 02:06:41,273 - INFO - Train - Loss: 0.3697, MSE: 0.0300
2025-06-29 02:06:41,273 - INFO - Val   - Loss: 0.3484, MSE: 0.0333
2025-06-29 02:06:42,260 - INFO - ¡Nuevo mejor modelo de harmonización! Loss: 0.3484
2025-06-29 02:06:42,260 - INFO - 
Época 9/50
2025-06-29 02:06:42,542 - INFO - Batch 0/80: Loss: 0.3472, MSE: 0.0253
2025-06-29 02:06:44,043 - INFO - Batch 20/80: Loss: 0.6403, MSE: 0.0538
2025-06-29 02:06:46,110 - INFO - Batch 40/80: Loss: 0.5685, MSE: 0.0227
2025-06-29 02:06:47,580 - INFO - Batch 60/80: Loss: 0.4067, MSE: 0.0514
2025-06-29 02:06:49,728 - INFO - Train - Loss: 0.3662, MSE: 0.0333
2025-06-29 02:06:49,728 - INFO - Val   - Loss: 0.3545, MSE: 0.0284
2025-06-29 02:06:50,257 - INFO - 
Época 10/50
2025-06-29 02:06:50,585 - INFO - Batch 0/80: Loss: 0.2984, MSE: 0.0372
2025-06-29 02:06:52,318 - INFO - Batch 20/80: Loss: 0.6455, MSE: 0.0319
2025-06-29 02:06:53,754 - INFO - Batch 40/80: Loss: 0.3246, MSE: 0.0404
2025-06-29 02:06:55,228 - INFO - Batch 60/80: Loss: 0.4112, MSE: 0.0199
2025-06-29 02:06:57,435 - INFO - Train - Loss: 0.3610, MSE: 0.0315
2025-06-29 02:06:57,435 - INFO - Val   - Loss: 0.3561, MSE: 0.0281
2025-06-29 02:06:57,980 - INFO - 
Época 11/50
2025-06-29 02:06:58,322 - INFO - Batch 0/80: Loss: 0.3647, MSE: 0.0405
2025-06-29 02:06:59,875 - INFO - Batch 20/80: Loss: 0.4318, MSE: 0.0328
2025-06-29 02:07:01,355 - INFO - Batch 40/80: Loss: 0.3281, MSE: 0.0231
2025-06-29 02:07:02,836 - INFO - Batch 60/80: Loss: 0.2709, MSE: 0.0204
2025-06-29 02:07:05,062 - INFO - Train - Loss: 0.3719, MSE: 0.0322
2025-06-29 02:07:05,062 - INFO - Val   - Loss: 0.3654, MSE: 0.0269
2025-06-29 02:07:05,608 - INFO - 
Época 12/50
2025-06-29 02:07:05,893 - INFO - Batch 0/80: Loss: 0.3514, MSE: 0.0282
2025-06-29 02:07:07,394 - INFO - Batch 20/80: Loss: 0.5718, MSE: 0.0344
2025-06-29 02:07:08,872 - INFO - Batch 40/80: Loss: 0.3108, MSE: 0.0273
2025-06-29 02:07:10,355 - INFO - Batch 60/80: Loss: 0.4429, MSE: 0.0495
2025-06-29 02:07:12,567 - INFO - Train - Loss: 0.3618, MSE: 0.0355
2025-06-29 02:07:12,567 - INFO - Val   - Loss: 0.3610, MSE: 0.0299
2025-06-29 02:07:13,049 - INFO - 
Época 13/50
2025-06-29 02:07:13,382 - INFO - Batch 0/80: Loss: 0.3295, MSE: 0.0401
2025-06-29 02:07:14,940 - INFO - Batch 20/80: Loss: 0.5634, MSE: 0.0520
2025-06-29 02:07:16,427 - INFO - Batch 40/80: Loss: 0.3248, MSE: 0.0213
2025-06-29 02:07:17,912 - INFO - Batch 60/80: Loss: 0.2887, MSE: 0.0332
2025-06-29 02:07:20,114 - INFO - Train - Loss: 0.3462, MSE: 0.0314
2025-06-29 02:07:20,114 - INFO - Val   - Loss: 0.3590, MSE: 0.0284
2025-06-29 02:07:20,583 - INFO - 
Época 14/50
2025-06-29 02:07:20,921 - INFO - Batch 0/80: Loss: 0.2969, MSE: 0.0187
2025-06-29 02:07:22,480 - INFO - Batch 20/80: Loss: 0.5344, MSE: 0.0380
2025-06-29 02:07:23,969 - INFO - Batch 40/80: Loss: 0.2960, MSE: 0.0237
2025-06-29 02:07:25,458 - INFO - Batch 60/80: Loss: 0.2322, MSE: 0.0102
2025-06-29 02:07:27,677 - INFO - Train - Loss: 0.3527, MSE: 0.0303
2025-06-29 02:07:27,677 - INFO - Val   - Loss: 0.3508, MSE: 0.0297
2025-06-29 02:07:28,178 - INFO - 
Época 15/50
2025-06-29 02:07:28,518 - INFO - Batch 0/80: Loss: 0.3224, MSE: 0.0231
2025-06-29 02:07:30,042 - INFO - Batch 20/80: Loss: 0.6826, MSE: 0.0277
2025-06-29 02:07:31,532 - INFO - Batch 40/80: Loss: 0.3997, MSE: 0.0236
2025-06-29 02:07:33,022 - INFO - Batch 60/80: Loss: 0.4352, MSE: 0.0272
2025-06-29 02:07:35,247 - INFO - Train - Loss: 0.3597, MSE: 0.0319
2025-06-29 02:07:35,247 - INFO - Val   - Loss: 0.3695, MSE: 0.0342
2025-06-29 02:07:35,776 - INFO - 
Época 16/50
2025-06-29 02:07:36,076 - INFO - Batch 0/80: Loss: 0.3101, MSE: 0.0212
2025-06-29 02:07:37,604 - INFO - Batch 20/80: Loss: 0.6823, MSE: 0.0393
2025-06-29 02:07:39,127 - INFO - Batch 40/80: Loss: 0.4594, MSE: 0.0278
2025-06-29 02:07:40,618 - INFO - Batch 60/80: Loss: 0.3299, MSE: 0.0362
2025-06-29 02:07:42,826 - INFO - Train - Loss: 0.3723, MSE: 0.0345
2025-06-29 02:07:42,826 - INFO - Val   - Loss: 0.3653, MSE: 0.0330
2025-06-29 02:07:43,350 - INFO - 
Época 17/50
2025-06-29 02:07:43,631 - INFO - Batch 0/80: Loss: 0.2627, MSE: 0.0248
2025-06-29 02:07:45,156 - INFO - Batch 20/80: Loss: 0.5117, MSE: 0.0297
2025-06-29 02:07:46,684 - INFO - Batch 40/80: Loss: 0.5997, MSE: 0.0389
2025-06-29 02:07:48,171 - INFO - Batch 60/80: Loss: 0.3779, MSE: 0.0213
2025-06-29 02:07:50,413 - INFO - Train - Loss: 0.3518, MSE: 0.0319
2025-06-29 02:07:50,414 - INFO - Val   - Loss: 0.3353, MSE: 0.0294
2025-06-29 02:07:51,413 - INFO - ¡Nuevo mejor modelo de harmonización! Loss: 0.3353
2025-06-29 02:07:51,413 - INFO - 
Época 18/50
2025-06-29 02:07:51,734 - INFO - Batch 0/80: Loss: 0.3213, MSE: 0.0254
2025-06-29 02:07:53,225 - INFO - Batch 20/80: Loss: 0.6225, MSE: 0.0411
2025-06-29 02:07:54,713 - INFO - Batch 40/80: Loss: 0.4667, MSE: 0.0450
2025-06-29 02:07:56,202 - INFO - Batch 60/80: Loss: 0.3371, MSE: 0.0471
2025-06-29 02:07:58,736 - INFO - Train - Loss: 0.3488, MSE: 0.0311
2025-06-29 02:07:58,736 - INFO - Val   - Loss: 0.3303, MSE: 0.0274
2025-06-29 02:07:59,737 - INFO - ¡Nuevo mejor modelo de harmonización! Loss: 0.3303
2025-06-29 02:07:59,737 - INFO - 
Época 19/50
2025-06-29 02:08:00,057 - INFO - Batch 0/80: Loss: 0.2900, MSE: 0.0318
2025-06-29 02:08:02,062 - INFO - Batch 20/80: Loss: 0.5430, MSE: 0.0428
2025-06-29 02:08:03,552 - INFO - Batch 40/80: Loss: 0.4237, MSE: 0.0412
2025-06-29 02:08:05,040 - INFO - Batch 60/80: Loss: 0.5054, MSE: 0.0372
2025-06-29 02:08:07,237 - INFO - Train - Loss: 0.3400, MSE: 0.0312
2025-06-29 02:08:07,237 - INFO - Val   - Loss: 0.3514, MSE: 0.0288
2025-06-29 02:08:07,786 - INFO - 
Época 20/50
2025-06-29 02:08:08,122 - INFO - Batch 0/80: Loss: 0.2979, MSE: 0.0363
2025-06-29 02:08:09,678 - INFO - Batch 20/80: Loss: 0.6173, MSE: 0.0252
2025-06-29 02:08:11,168 - INFO - Batch 40/80: Loss: 0.2213, MSE: 0.0210
2025-06-29 02:08:12,660 - INFO - Batch 60/80: Loss: 0.2657, MSE: 0.0447
2025-06-29 02:08:14,905 - INFO - Train - Loss: 0.3313, MSE: 0.0302
2025-06-29 02:08:14,905 - INFO - Val   - Loss: 0.3027, MSE: 0.0262
2025-06-29 02:08:17,022 - INFO - ¡Nuevo mejor modelo de harmonización! Loss: 0.3027
2025-06-29 02:08:17,022 - INFO - 
Época 21/50
2025-06-29 02:08:17,354 - INFO - Batch 0/80: Loss: 0.2700, MSE: 0.0266
2025-06-29 02:08:18,964 - INFO - Batch 20/80: Loss: 0.4960, MSE: 0.0228
2025-06-29 02:08:20,460 - INFO - Batch 40/80: Loss: 0.2983, MSE: 0.0300
2025-06-29 02:08:21,954 - INFO - Batch 60/80: Loss: 0.3797, MSE: 0.0315
2025-06-29 02:08:24,163 - INFO - Train - Loss: 0.3291, MSE: 0.0307
2025-06-29 02:08:24,164 - INFO - Val   - Loss: 0.3675, MSE: 0.0306
2025-06-29 02:08:26,310 - INFO - 
Época 22/50
2025-06-29 02:08:26,660 - INFO - Batch 0/80: Loss: 0.3998, MSE: 0.0473
2025-06-29 02:08:28,287 - INFO - Batch 20/80: Loss: 0.4691, MSE: 0.0626
2025-06-29 02:08:29,779 - INFO - Batch 40/80: Loss: 0.8156, MSE: 0.0336
2025-06-29 02:08:31,274 - INFO - Batch 60/80: Loss: 0.3336, MSE: 0.0294
2025-06-29 02:08:33,483 - INFO - Train - Loss: 0.3223, MSE: 0.0282
2025-06-29 02:08:33,483 - INFO - Val   - Loss: 0.3346, MSE: 0.0293
2025-06-29 02:08:34,257 - INFO - 
Época 23/50
2025-06-29 02:08:34,553 - INFO - Batch 0/80: Loss: 0.2844, MSE: 0.0230
2025-06-29 02:08:36,043 - INFO - Batch 20/80: Loss: 0.5956, MSE: 0.0415
2025-06-29 02:08:37,536 - INFO - Batch 40/80: Loss: 0.2923, MSE: 0.0182
2025-06-29 02:08:39,031 - INFO - Batch 60/80: Loss: 0.2877, MSE: 0.0313
2025-06-29 02:08:41,273 - INFO - Train - Loss: 0.3465, MSE: 0.0306
2025-06-29 02:08:41,273 - INFO - Val   - Loss: 0.2949, MSE: 0.0297
2025-06-29 02:08:43,012 - INFO - ¡Nuevo mejor modelo de harmonización! Loss: 0.2949
2025-06-29 02:08:43,012 - INFO - 
Época 24/50
2025-06-29 02:08:43,352 - INFO - Batch 0/80: Loss: 0.4063, MSE: 0.0349
2025-06-29 02:08:45,215 - INFO - Batch 20/80: Loss: 0.5281, MSE: 0.0287
2025-06-29 02:08:46,719 - INFO - Batch 40/80: Loss: 0.3902, MSE: 0.0206
2025-06-29 02:08:48,222 - INFO - Batch 60/80: Loss: 0.3083, MSE: 0.0327
2025-06-29 02:08:50,459 - INFO - Train - Loss: 0.3250, MSE: 0.0290
2025-06-29 02:08:50,459 - INFO - Val   - Loss: 0.3443, MSE: 0.0270
2025-06-29 02:08:52,374 - INFO - 
Época 25/50
2025-06-29 02:08:52,703 - INFO - Batch 0/80: Loss: 0.3107, MSE: 0.0377
2025-06-29 02:08:54,538 - INFO - Batch 20/80: Loss: 0.4578, MSE: 0.0171
2025-06-29 02:08:56,029 - INFO - Batch 40/80: Loss: 0.2795, MSE: 0.0176
2025-06-29 02:08:57,554 - INFO - Batch 60/80: Loss: 0.4614, MSE: 0.0218
2025-06-29 02:08:59,746 - INFO - Train - Loss: 0.3324, MSE: 0.0297
2025-06-29 02:08:59,746 - INFO - Val   - Loss: 0.3361, MSE: 0.0281
2025-06-29 02:09:00,287 - INFO - 
Época 26/50
2025-06-29 02:09:00,608 - INFO - Batch 0/80: Loss: 0.2656, MSE: 0.0267
2025-06-29 02:09:02,129 - INFO - Batch 20/80: Loss: 0.4242, MSE: 0.0267
2025-06-29 02:09:03,618 - INFO - Batch 40/80: Loss: 0.4072, MSE: 0.0614
2025-06-29 02:09:05,108 - INFO - Batch 60/80: Loss: 0.2293, MSE: 0.0280
2025-06-29 02:09:07,304 - INFO - Train - Loss: 0.3149, MSE: 0.0314
2025-06-29 02:09:07,304 - INFO - Val   - Loss: 0.3439, MSE: 0.0312
2025-06-29 02:09:07,831 - INFO - 
Época 27/50
2025-06-29 02:09:08,161 - INFO - Batch 0/80: Loss: 0.3073, MSE: 0.0281
2025-06-29 02:09:09,683 - INFO - Batch 20/80: Loss: 0.4694, MSE: 0.0247
2025-06-29 02:09:11,171 - INFO - Batch 40/80: Loss: 0.2155, MSE: 0.0117
2025-06-29 02:09:12,661 - INFO - Batch 60/80: Loss: 0.2451, MSE: 0.0288
2025-06-29 02:09:14,902 - INFO - Train - Loss: 0.3165, MSE: 0.0281
2025-06-29 02:09:14,902 - INFO - Val   - Loss: 0.3361, MSE: 0.0320
2025-06-29 02:09:15,450 - INFO - 
Época 28/50
2025-06-29 02:09:15,735 - INFO - Batch 0/80: Loss: 0.3212, MSE: 0.0463
2025-06-29 02:09:17,261 - INFO - Batch 20/80: Loss: 0.5005, MSE: 0.0186
2025-06-29 02:09:18,752 - INFO - Batch 40/80: Loss: 0.2692, MSE: 0.0453
2025-06-29 02:09:20,278 - INFO - Batch 60/80: Loss: 0.3127, MSE: 0.0312
2025-06-29 02:09:22,528 - INFO - Train - Loss: 0.3309, MSE: 0.0307
2025-06-29 02:09:22,528 - INFO - Val   - Loss: 0.3268, MSE: 0.0294
2025-06-29 02:09:23,033 - INFO - 
Época 29/50
2025-06-29 02:09:23,378 - INFO - Batch 0/80: Loss: 0.2927, MSE: 0.0223
2025-06-29 02:09:24,879 - INFO - Batch 20/80: Loss: 0.6382, MSE: 0.0368
2025-06-29 02:09:26,369 - INFO - Batch 40/80: Loss: 0.3275, MSE: 0.0465
2025-06-29 02:09:27,859 - INFO - Batch 60/80: Loss: 0.1854, MSE: 0.0231
2025-06-29 02:09:30,084 - INFO - Train - Loss: 0.3293, MSE: 0.0312
2025-06-29 02:09:30,085 - INFO - Val   - Loss: 0.3320, MSE: 0.0295
2025-06-29 02:09:30,632 - INFO - 
Época 30/50
2025-06-29 02:09:30,949 - INFO - Batch 0/80: Loss: 0.3161, MSE: 0.0369
2025-06-29 02:09:32,477 - INFO - Batch 20/80: Loss: 0.4152, MSE: 0.0382
2025-06-29 02:09:33,968 - INFO - Batch 40/80: Loss: 0.4019, MSE: 0.0241
2025-06-29 02:09:35,456 - INFO - Batch 60/80: Loss: 0.3431, MSE: 0.0671
2025-06-29 02:09:37,616 - INFO - Train - Loss: 0.3166, MSE: 0.0301
2025-06-29 02:09:37,616 - INFO - Val   - Loss: 0.3093, MSE: 0.0281
2025-06-29 02:09:38,166 - INFO - 
Época 31/50
2025-06-29 02:09:38,470 - INFO - Batch 0/80: Loss: 0.3181, MSE: 0.0245
2025-06-29 02:09:39,990 - INFO - Batch 20/80: Loss: 0.6747, MSE: 0.0515
2025-06-29 02:09:41,472 - INFO - Batch 40/80: Loss: 0.2324, MSE: 0.0167
2025-06-29 02:09:42,956 - INFO - Batch 60/80: Loss: 0.2258, MSE: 0.0076
2025-06-29 02:09:45,172 - INFO - Train - Loss: 0.3383, MSE: 0.0302
2025-06-29 02:09:45,172 - INFO - Val   - Loss: 0.3567, MSE: 0.0273
2025-06-29 02:09:45,703 - INFO - 
Época 32/50
2025-06-29 02:09:46,010 - INFO - Batch 0/80: Loss: 0.2721, MSE: 0.0179
2025-06-29 02:09:47,534 - INFO - Batch 20/80: Loss: 0.5861, MSE: 0.0186
2025-06-29 02:09:49,021 - INFO - Batch 40/80: Loss: 0.3805, MSE: 0.0227
2025-06-29 02:09:50,508 - INFO - Batch 60/80: Loss: 0.3577, MSE: 0.0264
2025-06-29 02:09:52,746 - INFO - Train - Loss: 0.3380, MSE: 0.0290
2025-06-29 02:09:52,746 - INFO - Val   - Loss: 0.3604, MSE: 0.0342
2025-06-29 02:09:53,272 - INFO - 
Época 33/50
2025-06-29 02:09:53,563 - INFO - Batch 0/80: Loss: 0.4586, MSE: 0.0437
2025-06-29 02:09:55,092 - INFO - Batch 20/80: Loss: 0.5247, MSE: 0.0277
2025-06-29 02:09:56,601 - INFO - Batch 40/80: Loss: 0.1756, MSE: 0.0179
2025-06-29 02:09:58,102 - INFO - Batch 60/80: Loss: 0.3835, MSE: 0.0385
2025-06-29 02:10:00,322 - INFO - Train - Loss: 0.3378, MSE: 0.0306
2025-06-29 02:10:00,322 - INFO - Val   - Loss: 0.3543, MSE: 0.0296
2025-06-29 02:10:00,804 - INFO - 
Época 34/50
2025-06-29 02:10:01,127 - INFO - Batch 0/80: Loss: 0.3085, MSE: 0.0321
2025-06-29 02:10:02,651 - INFO - Batch 20/80: Loss: 0.5268, MSE: 0.0291
2025-06-29 02:10:04,138 - INFO - Batch 40/80: Loss: 0.1606, MSE: 0.0134
2025-06-29 02:10:05,659 - INFO - Batch 60/80: Loss: 0.3771, MSE: 0.0275
2025-06-29 02:10:07,883 - INFO - Train - Loss: 0.3205, MSE: 0.0311
2025-06-29 02:10:07,883 - INFO - Val   - Loss: 0.3712, MSE: 0.0288
2025-06-29 02:10:08,429 - INFO - 
Época 35/50
2025-06-29 02:10:08,771 - INFO - Batch 0/80: Loss: 0.3082, MSE: 0.0275
2025-06-29 02:10:10,280 - INFO - Batch 20/80: Loss: 0.5217, MSE: 0.0260
2025-06-29 02:10:11,776 - INFO - Batch 40/80: Loss: 0.2695, MSE: 0.0100
2025-06-29 02:10:13,266 - INFO - Batch 60/80: Loss: 0.3795, MSE: 0.0304
2025-06-29 02:10:15,480 - INFO - Train - Loss: 0.3281, MSE: 0.0291
2025-06-29 02:10:15,480 - INFO - Val   - Loss: 0.3347, MSE: 0.0258
2025-06-29 02:10:15,998 - INFO - 
Época 36/50
2025-06-29 02:10:16,278 - INFO - Batch 0/80: Loss: 0.3524, MSE: 0.0563
2025-06-29 02:10:17,806 - INFO - Batch 20/80: Loss: 0.3875, MSE: 0.0175
2025-06-29 02:10:19,294 - INFO - Batch 40/80: Loss: 0.3384, MSE: 0.0181
2025-06-29 02:10:20,782 - INFO - Batch 60/80: Loss: 0.3957, MSE: 0.0449
2025-06-29 02:10:23,030 - INFO - Train - Loss: 0.3250, MSE: 0.0304
2025-06-29 02:10:23,030 - INFO - Val   - Loss: 0.3496, MSE: 0.0270
2025-06-29 02:10:23,559 - INFO - 
Época 37/50
2025-06-29 02:10:23,837 - INFO - Batch 0/80: Loss: 0.2892, MSE: 0.0165
2025-06-29 02:10:25,365 - INFO - Batch 20/80: Loss: 0.5229, MSE: 0.0240
2025-06-29 02:10:26,855 - INFO - Batch 40/80: Loss: 0.5472, MSE: 0.0396
2025-06-29 02:10:28,381 - INFO - Batch 60/80: Loss: 0.3716, MSE: 0.0355
2025-06-29 02:10:30,610 - INFO - Train - Loss: 0.3182, MSE: 0.0301
2025-06-29 02:10:30,611 - INFO - Val   - Loss: 0.3681, MSE: 0.0287
2025-06-29 02:10:31,134 - INFO - 
Época 38/50
2025-06-29 02:10:31,425 - INFO - Batch 0/80: Loss: 0.2426, MSE: 0.0158
2025-06-29 02:10:32,944 - INFO - Batch 20/80: Loss: 0.6308, MSE: 0.0258
2025-06-29 02:10:34,473 - INFO - Batch 40/80: Loss: 0.2469, MSE: 0.0158
2025-06-29 02:10:35,962 - INFO - Batch 60/80: Loss: 0.2852, MSE: 0.0256
2025-06-29 02:10:38,158 - INFO - Train - Loss: 0.3186, MSE: 0.0270
2025-06-29 02:10:38,158 - INFO - Val   - Loss: 0.3326, MSE: 0.0289
2025-06-29 02:10:38,679 - INFO - 
Época 39/50
2025-06-29 02:10:38,968 - INFO - Batch 0/80: Loss: 0.3371, MSE: 0.0280
2025-06-29 02:10:40,499 - INFO - Batch 20/80: Loss: 0.3358, MSE: 0.0345
2025-06-29 02:10:41,987 - INFO - Batch 40/80: Loss: 0.2874, MSE: 0.0286
2025-06-29 02:10:43,480 - INFO - Batch 60/80: Loss: 0.3800, MSE: 0.0371
2025-06-29 02:10:45,731 - INFO - Train - Loss: 0.3204, MSE: 0.0317
2025-06-29 02:10:45,731 - INFO - Val   - Loss: 0.3494, MSE: 0.0283
2025-06-29 02:10:46,274 - INFO - 
Época 40/50
2025-06-29 02:10:46,589 - INFO - Batch 0/80: Loss: 0.2709, MSE: 0.0219
2025-06-29 02:10:48,083 - INFO - Batch 20/80: Loss: 0.5234, MSE: 0.0364
2025-06-29 02:10:49,572 - INFO - Batch 40/80: Loss: 0.2607, MSE: 0.0169
2025-06-29 02:10:51,096 - INFO - Batch 60/80: Loss: 0.5913, MSE: 0.0518
2025-06-29 02:10:53,311 - INFO - Train - Loss: 0.3128, MSE: 0.0290
2025-06-29 02:10:53,311 - INFO - Val   - Loss: 0.3145, MSE: 0.0295
2025-06-29 02:10:53,834 - INFO - 
Época 41/50
2025-06-29 02:10:54,140 - INFO - Batch 0/80: Loss: 0.2313, MSE: 0.0215
2025-06-29 02:10:55,683 - INFO - Batch 20/80: Loss: 0.6030, MSE: 0.0465
2025-06-29 02:10:57,173 - INFO - Batch 40/80: Loss: 0.2522, MSE: 0.0311
2025-06-29 02:10:58,664 - INFO - Batch 60/80: Loss: 0.2457, MSE: 0.0247
2025-06-29 02:11:00,885 - INFO - Train - Loss: 0.3230, MSE: 0.0315
2025-06-29 02:11:00,885 - INFO - Val   - Loss: 0.3432, MSE: 0.0296
2025-06-29 02:11:01,434 - INFO - 
Época 42/50
2025-06-29 02:11:01,735 - INFO - Batch 0/80: Loss: 0.2356, MSE: 0.0183
2025-06-29 02:11:03,280 - INFO - Batch 20/80: Loss: 0.4556, MSE: 0.0616
2025-06-29 02:11:04,773 - INFO - Batch 40/80: Loss: 0.3360, MSE: 0.0255
2025-06-29 02:11:06,263 - INFO - Batch 60/80: Loss: 0.2751, MSE: 0.0205
2025-06-29 02:11:08,461 - INFO - Train - Loss: 0.3183, MSE: 0.0291
2025-06-29 02:11:08,461 - INFO - Val   - Loss: 0.3224, MSE: 0.0252
2025-06-29 02:11:08,987 - INFO - 
Época 43/50
2025-06-29 02:11:09,268 - INFO - Batch 0/80: Loss: 0.3227, MSE: 0.0408
2025-06-29 02:11:10,794 - INFO - Batch 20/80: Loss: 0.6404, MSE: 0.0331
2025-06-29 02:11:12,283 - INFO - Batch 40/80: Loss: 0.3950, MSE: 0.0181
2025-06-29 02:11:13,785 - INFO - Batch 60/80: Loss: 0.2532, MSE: 0.0254
2025-06-29 02:11:15,975 - INFO - Train - Loss: 0.3048, MSE: 0.0276
2025-06-29 02:11:15,976 - INFO - Val   - Loss: 0.3268, MSE: 0.0312
2025-06-29 02:11:16,520 - INFO - 
Época 44/50
2025-06-29 02:11:16,832 - INFO - Batch 0/80: Loss: 0.3284, MSE: 0.0431
2025-06-29 02:11:18,358 - INFO - Batch 20/80: Loss: 0.6225, MSE: 0.0505
2025-06-29 02:11:19,848 - INFO - Batch 40/80: Loss: 0.2509, MSE: 0.0169
2025-06-29 02:11:21,350 - INFO - Batch 60/80: Loss: 0.3043, MSE: 0.0325
2025-06-29 02:11:23,560 - INFO - Train - Loss: 0.3181, MSE: 0.0297
2025-06-29 02:11:23,560 - INFO - Val   - Loss: 0.3281, MSE: 0.0251
2025-06-29 02:11:24,090 - INFO - 
Época 45/50
2025-06-29 02:11:24,409 - INFO - Batch 0/80: Loss: 0.2944, MSE: 0.0268
2025-06-29 02:11:25,934 - INFO - Batch 20/80: Loss: 0.5163, MSE: 0.0244
2025-06-29 02:11:27,423 - INFO - Batch 40/80: Loss: 0.2504, MSE: 0.0153
2025-06-29 02:11:28,914 - INFO - Batch 60/80: Loss: 0.3532, MSE: 0.0314
2025-06-29 02:11:31,160 - INFO - Train - Loss: 0.3242, MSE: 0.0293
2025-06-29 02:11:31,161 - INFO - Val   - Loss: 0.3044, MSE: 0.0246
2025-06-29 02:11:31,686 - INFO - 
Época 46/50
2025-06-29 02:11:31,974 - INFO - Batch 0/80: Loss: 0.4484, MSE: 0.0416
2025-06-29 02:11:33,505 - INFO - Batch 20/80: Loss: 0.4823, MSE: 0.0225
2025-06-29 02:11:35,032 - INFO - Batch 40/80: Loss: 0.2505, MSE: 0.0220
2025-06-29 02:11:36,525 - INFO - Batch 60/80: Loss: 0.3851, MSE: 0.0228
2025-06-29 02:11:38,743 - INFO - Train - Loss: 0.3197, MSE: 0.0282
2025-06-29 02:11:38,743 - INFO - Val   - Loss: 0.3470, MSE: 0.0287
2025-06-29 02:11:39,271 - INFO - 
Época 47/50
2025-06-29 02:11:39,557 - INFO - Batch 0/80: Loss: 0.4342, MSE: 0.0294
2025-06-29 02:11:41,088 - INFO - Batch 20/80: Loss: 0.6056, MSE: 0.0299
2025-06-29 02:11:42,613 - INFO - Batch 40/80: Loss: 0.3164, MSE: 0.0290
2025-06-29 02:11:44,106 - INFO - Batch 60/80: Loss: 0.1848, MSE: 0.0171
2025-06-29 02:11:46,341 - INFO - Train - Loss: 0.3087, MSE: 0.0282
2025-06-29 02:11:46,342 - INFO - Val   - Loss: 0.3048, MSE: 0.0256
2025-06-29 02:11:46,888 - INFO - 
Época 48/50
2025-06-29 02:11:47,232 - INFO - Batch 0/80: Loss: 0.2744, MSE: 0.0280
2025-06-29 02:11:48,745 - INFO - Batch 20/80: Loss: 0.3928, MSE: 0.0281
2025-06-29 02:11:50,236 - INFO - Batch 40/80: Loss: 0.2464, MSE: 0.0313
2025-06-29 02:11:51,728 - INFO - Batch 60/80: Loss: 0.2675, MSE: 0.0206
2025-06-29 02:11:53,951 - INFO - Train - Loss: 0.3057, MSE: 0.0269
2025-06-29 02:11:53,951 - INFO - Val   - Loss: 0.2966, MSE: 0.0235
2025-06-29 02:11:54,461 - INFO - 
Época 49/50
2025-06-29 02:11:54,743 - INFO - Batch 0/80: Loss: 0.3673, MSE: 0.0500
2025-06-29 02:11:56,271 - INFO - Batch 20/80: Loss: 0.3433, MSE: 0.0340
2025-06-29 02:11:57,762 - INFO - Batch 40/80: Loss: 0.4355, MSE: 0.0332
2025-06-29 02:11:59,254 - INFO - Batch 60/80: Loss: 0.3333, MSE: 0.0213
2025-06-29 02:12:01,476 - INFO - Train - Loss: 0.2982, MSE: 0.0291
2025-06-29 02:12:01,476 - INFO - Val   - Loss: 0.2979, MSE: 0.0254
2025-06-29 02:12:01,961 - INFO - 
Época 50/50
2025-06-29 02:12:02,282 - INFO - Batch 0/80: Loss: 0.2991, MSE: 0.0293
2025-06-29 02:12:03,838 - INFO - Batch 20/80: Loss: 0.6186, MSE: 0.0395
2025-06-29 02:12:05,328 - INFO - Batch 40/80: Loss: 0.3545, MSE: 0.0182
2025-06-29 02:12:06,819 - INFO - Batch 60/80: Loss: 0.2840, MSE: 0.0293
2025-06-29 02:12:09,074 - INFO - Train - Loss: 0.3119, MSE: 0.0298
2025-06-29 02:12:09,074 - INFO - Val   - Loss: 0.2935, MSE: 0.0251
2025-06-29 02:12:10,056 - INFO - ¡Nuevo mejor modelo de harmonización! Loss: 0.2935
2025-06-29 02:12:10,056 - INFO - Entrenamiento de harmonización completado!
