2025-06-29 01:10:22,480 - INFO - Iniciando entrenamiento de harmonización distribuido...
2025-06-29 01:10:22,480 - INFO - Configuración: {'batch_size': 8, 'learning_rate': 5e-05, 'weight_decay': 1e-06, 'num_epochs': 50, 'image_size': 384, 'num_workers': 4, 'pin_memory': True, 'device': 'cuda:0'}
2025-06-29 01:10:22,480 - INFO - 
Época 1/50
2025-06-29 01:10:23,631 - INFO - Batch 0/2: Loss: 0.9480, MSE: 0.0778
2025-06-29 01:10:24,117 - INFO - Train - Loss: 0.9132, MSE: 0.0660
2025-06-29 01:10:24,118 - INFO - Val   - Loss: 0.0000, MSE: 0.0000
2025-06-29 01:10:25,009 - INFO - ¡Nuevo mejor modelo de harmonización! Loss: 0.0000
2025-06-29 01:10:25,009 - INFO - 
Época 2/50
2025-06-29 01:10:25,701 - INFO - Batch 0/2: Loss: 1.0434, MSE: 0.0573
2025-06-29 01:10:26,266 - INFO - Train - Loss: 1.0362, MSE: 0.0601
2025-06-29 01:10:26,267 - INFO - Val   - Loss: 0.0000, MSE: 0.0000
2025-06-29 01:10:26,724 - INFO - 
Época 3/50
2025-06-29 01:10:27,403 - INFO - Batch 0/2: Loss: 0.9708, MSE: 0.0601
2025-06-29 01:10:28,043 - INFO - Train - Loss: 0.8508, MSE: 0.0548
2025-06-29 01:10:28,043 - INFO - Val   - Loss: 0.0000, MSE: 0.0000
2025-06-29 01:10:28,507 - INFO - 
Época 4/50
2025-06-29 01:10:29,081 - INFO - Batch 0/2: Loss: 0.7027, MSE: 0.0456
2025-06-29 01:10:29,582 - INFO - Train - Loss: 0.6537, MSE: 0.0502
2025-06-29 01:10:29,583 - INFO - Val   - Loss: 0.0000, MSE: 0.0000
2025-06-29 01:10:30,094 - INFO - 
Época 5/50
2025-06-29 01:10:30,781 - INFO - Batch 0/2: Loss: 1.1603, MSE: 0.0652
2025-06-29 01:10:31,284 - INFO - Train - Loss: 1.0072, MSE: 0.0576
2025-06-29 01:10:31,284 - INFO - Val   - Loss: 0.0000, MSE: 0.0000
2025-06-29 01:10:31,777 - INFO - 
Época 6/50
2025-06-29 01:10:32,476 - INFO - Batch 0/2: Loss: 0.8686, MSE: 0.0806
2025-06-29 01:10:33,122 - INFO - Train - Loss: 0.7596, MSE: 0.0627
2025-06-29 01:10:33,122 - INFO - Val   - Loss: 0.0000, MSE: 0.0000
2025-06-29 01:10:33,636 - INFO - 
Época 7/50
2025-06-29 01:10:34,233 - INFO - Batch 0/2: Loss: 0.7768, MSE: 0.0591
2025-06-29 01:10:34,736 - INFO - Train - Loss: 0.7904, MSE: 0.0490
2025-06-29 01:10:34,736 - INFO - Val   - Loss: 0.0000, MSE: 0.0000
2025-06-29 01:10:35,252 - INFO - 
Época 8/50
2025-06-29 01:10:35,881 - INFO - Batch 0/2: Loss: 0.7013, MSE: 0.0498
2025-06-29 01:10:36,381 - INFO - Train - Loss: 0.6720, MSE: 0.0442
2025-06-29 01:10:36,381 - INFO - Val   - Loss: 0.0000, MSE: 0.0000
2025-06-29 01:10:36,894 - INFO - 
Época 9/50
2025-06-29 01:10:37,613 - INFO - Batch 0/2: Loss: 0.7911, MSE: 0.0458
2025-06-29 01:10:38,221 - INFO - Train - Loss: 0.8009, MSE: 0.0543
2025-06-29 01:10:38,222 - INFO - Val   - Loss: 0.0000, MSE: 0.0000
2025-06-29 01:10:38,715 - INFO - 
Época 10/50
2025-06-29 01:10:39,303 - INFO - Batch 0/2: Loss: 0.5790, MSE: 0.0356
2025-06-29 01:10:39,807 - INFO - Train - Loss: 0.6971, MSE: 0.0445
2025-06-29 01:10:39,807 - INFO - Val   - Loss: 0.0000, MSE: 0.0000
2025-06-29 01:10:40,299 - INFO - 
Época 11/50
2025-06-29 01:10:40,947 - INFO - Batch 0/2: Loss: 0.6835, MSE: 0.0546
2025-06-29 01:10:41,449 - INFO - Train - Loss: 0.6616, MSE: 0.0508
2025-06-29 01:10:41,450 - INFO - Val   - Loss: 0.0000, MSE: 0.0000
2025-06-29 01:10:41,921 - INFO - 
Época 12/50
2025-06-29 01:10:42,620 - INFO - Batch 0/2: Loss: 0.6277, MSE: 0.0363
2025-06-29 01:10:43,268 - INFO - Train - Loss: 0.5870, MSE: 0.0384
2025-06-29 01:10:43,268 - INFO - Val   - Loss: 0.0000, MSE: 0.0000
2025-06-29 01:10:43,783 - INFO - 
Época 13/50
2025-06-29 01:10:44,372 - INFO - Batch 0/2: Loss: 0.5440, MSE: 0.0480
2025-06-29 01:10:44,881 - INFO - Train - Loss: 0.5345, MSE: 0.0403
2025-06-29 01:10:44,881 - INFO - Val   - Loss: 0.0000, MSE: 0.0000
2025-06-29 01:10:45,403 - INFO - 
Época 14/50
2025-06-29 01:10:46,048 - INFO - Batch 0/2: Loss: 0.5276, MSE: 0.0405
2025-06-29 01:10:46,549 - INFO - Train - Loss: 0.5243, MSE: 0.0408
2025-06-29 01:10:46,549 - INFO - Val   - Loss: 0.0000, MSE: 0.0000
2025-06-29 01:10:47,019 - INFO - 
Época 15/50
2025-06-29 01:10:47,704 - INFO - Batch 0/2: Loss: 0.5704, MSE: 0.0384
2025-06-29 01:10:48,350 - INFO - Train - Loss: 0.6191, MSE: 0.0421
2025-06-29 01:10:48,350 - INFO - Val   - Loss: 0.0000, MSE: 0.0000
2025-06-29 01:10:48,846 - INFO - 
Época 16/50
2025-06-29 01:10:49,446 - INFO - Batch 0/2: Loss: 0.7164, MSE: 0.0414
2025-06-29 01:10:49,951 - INFO - Train - Loss: 0.5665, MSE: 0.0316
2025-06-29 01:10:49,952 - INFO - Val   - Loss: 0.0000, MSE: 0.0000
2025-06-29 01:10:50,469 - INFO - 
Época 17/50
2025-06-29 01:10:51,112 - INFO - Batch 0/2: Loss: 0.4760, MSE: 0.0451
2025-06-29 01:10:51,616 - INFO - Train - Loss: 0.4712, MSE: 0.0394
2025-06-29 01:10:51,616 - INFO - Val   - Loss: 0.0000, MSE: 0.0000
2025-06-29 01:10:52,088 - INFO - 
Época 18/50
2025-06-29 01:10:52,804 - INFO - Batch 0/2: Loss: 0.5478, MSE: 0.0398
2025-06-29 01:10:53,449 - INFO - Train - Loss: 0.4831, MSE: 0.0374
2025-06-29 01:10:53,449 - INFO - Val   - Loss: 0.0000, MSE: 0.0000
2025-06-29 01:10:53,944 - INFO - 
Época 19/50
2025-06-29 01:10:54,551 - INFO - Batch 0/2: Loss: 0.5421, MSE: 0.0319
2025-06-29 01:10:55,051 - INFO - Train - Loss: 0.5523, MSE: 0.0311
2025-06-29 01:10:55,051 - INFO - Val   - Loss: 0.0000, MSE: 0.0000
2025-06-29 01:10:55,517 - INFO - 
Época 20/50
2025-06-29 01:10:56,161 - INFO - Batch 0/2: Loss: 0.5438, MSE: 0.0369
2025-06-29 01:10:56,657 - INFO - Train - Loss: 0.5729, MSE: 0.0407
2025-06-29 01:10:56,657 - INFO - Val   - Loss: 0.0000, MSE: 0.0000
2025-06-29 01:10:57,118 - INFO - 
Época 21/50
2025-06-29 01:10:57,799 - INFO - Batch 0/2: Loss: 0.6463, MSE: 0.0511
2025-06-29 01:10:58,449 - INFO - Train - Loss: 0.5625, MSE: 0.0439
2025-06-29 01:10:58,449 - INFO - Val   - Loss: 0.0000, MSE: 0.0000
2025-06-29 01:10:58,921 - INFO - 
Época 22/50
2025-06-29 01:10:59,488 - INFO - Batch 0/2: Loss: 0.4038, MSE: 0.0312
2025-06-29 01:10:59,988 - INFO - Train - Loss: 0.4236, MSE: 0.0308
2025-06-29 01:10:59,989 - INFO - Val   - Loss: 0.0000, MSE: 0.0000
2025-06-29 01:11:00,465 - INFO - 
Época 23/50
2025-06-29 01:11:01,117 - INFO - Batch 0/2: Loss: 0.4396, MSE: 0.0282
2025-06-29 01:11:01,686 - INFO - Train - Loss: 0.4382, MSE: 0.0314
2025-06-29 01:11:01,686 - INFO - Val   - Loss: 0.0000, MSE: 0.0000
2025-06-29 01:11:02,158 - INFO - 
Época 24/50
2025-06-29 01:11:02,834 - INFO - Batch 0/2: Loss: 0.4470, MSE: 0.0356
2025-06-29 01:11:03,472 - INFO - Train - Loss: 0.4633, MSE: 0.0343
2025-06-29 01:11:03,473 - INFO - Val   - Loss: 0.0000, MSE: 0.0000
2025-06-29 01:11:03,948 - INFO - 
Época 25/50
2025-06-29 01:11:04,525 - INFO - Batch 0/2: Loss: 0.4551, MSE: 0.0337
2025-06-29 01:11:05,025 - INFO - Train - Loss: 0.4906, MSE: 0.0346
2025-06-29 01:11:05,025 - INFO - Val   - Loss: 0.0000, MSE: 0.0000
2025-06-29 01:11:05,506 - INFO - 
Época 26/50
2025-06-29 01:11:06,165 - INFO - Batch 0/2: Loss: 0.5038, MSE: 0.0337
2025-06-29 01:11:06,743 - INFO - Train - Loss: 0.5151, MSE: 0.0402
2025-06-29 01:11:06,743 - INFO - Val   - Loss: 0.0000, MSE: 0.0000
2025-06-29 01:11:07,218 - INFO - 
Época 27/50
2025-06-29 01:11:07,901 - INFO - Batch 0/2: Loss: 0.3871, MSE: 0.0305
2025-06-29 01:11:08,549 - INFO - Train - Loss: 0.4539, MSE: 0.0325
2025-06-29 01:11:08,550 - INFO - Val   - Loss: 0.0000, MSE: 0.0000
2025-06-29 01:11:09,016 - INFO - 
Época 28/50
2025-06-29 01:11:09,586 - INFO - Batch 0/2: Loss: 0.4242, MSE: 0.0340
2025-06-29 01:11:10,090 - INFO - Train - Loss: 0.4413, MSE: 0.0349
2025-06-29 01:11:10,090 - INFO - Val   - Loss: 0.0000, MSE: 0.0000
2025-06-29 01:11:10,565 - INFO - 
Época 29/50
2025-06-29 01:11:11,228 - INFO - Batch 0/2: Loss: 0.6312, MSE: 0.0330
2025-06-29 01:11:11,798 - INFO - Train - Loss: 0.5285, MSE: 0.0298
2025-06-29 01:11:11,798 - INFO - Val   - Loss: 0.0000, MSE: 0.0000
2025-06-29 01:11:12,267 - INFO - 
Época 30/50
2025-06-29 01:11:12,954 - INFO - Batch 0/2: Loss: 0.5206, MSE: 0.0369
2025-06-29 01:11:13,604 - INFO - Train - Loss: 0.4895, MSE: 0.0371
2025-06-29 01:11:13,604 - INFO - Val   - Loss: 0.0000, MSE: 0.0000
2025-06-29 01:11:14,076 - INFO - 
Época 31/50
2025-06-29 01:11:14,656 - INFO - Batch 0/2: Loss: 0.3632, MSE: 0.0307
2025-06-29 01:11:15,150 - INFO - Train - Loss: 0.3605, MSE: 0.0293
2025-06-29 01:11:15,150 - INFO - Val   - Loss: 0.0000, MSE: 0.0000
2025-06-29 01:11:15,622 - INFO - 
Época 32/50
2025-06-29 01:11:16,316 - INFO - Batch 0/2: Loss: 0.5633, MSE: 0.0341
2025-06-29 01:11:16,886 - INFO - Train - Loss: 0.4711, MSE: 0.0314
2025-06-29 01:11:16,887 - INFO - Val   - Loss: 0.0000, MSE: 0.0000
2025-06-29 01:11:17,347 - INFO - 
Época 33/50
2025-06-29 01:11:18,049 - INFO - Batch 0/2: Loss: 0.3467, MSE: 0.0288
2025-06-29 01:11:18,696 - INFO - Train - Loss: 0.3677, MSE: 0.0296
2025-06-29 01:11:18,696 - INFO - Val   - Loss: 0.0000, MSE: 0.0000
2025-06-29 01:11:19,165 - INFO - 
Época 34/50
2025-06-29 01:11:19,743 - INFO - Batch 0/2: Loss: 0.5238, MSE: 0.0334
2025-06-29 01:11:20,241 - INFO - Train - Loss: 0.4684, MSE: 0.0295
2025-06-29 01:11:20,241 - INFO - Val   - Loss: 0.0000, MSE: 0.0000
2025-06-29 01:11:20,720 - INFO - 
Época 35/50
2025-06-29 01:11:21,368 - INFO - Batch 0/2: Loss: 0.4717, MSE: 0.0271
2025-06-29 01:11:21,947 - INFO - Train - Loss: 0.4505, MSE: 0.0306
2025-06-29 01:11:21,947 - INFO - Val   - Loss: 0.0000, MSE: 0.0000
2025-06-29 01:11:22,413 - INFO - 
Época 36/50
2025-06-29 01:11:23,109 - INFO - Batch 0/2: Loss: 0.3326, MSE: 0.0274
2025-06-29 01:11:23,753 - INFO - Train - Loss: 0.3761, MSE: 0.0312
2025-06-29 01:11:23,753 - INFO - Val   - Loss: 0.0000, MSE: 0.0000
2025-06-29 01:11:24,226 - INFO - 
Época 37/50
2025-06-29 01:11:24,808 - INFO - Batch 0/2: Loss: 0.4284, MSE: 0.0316
2025-06-29 01:11:25,307 - INFO - Train - Loss: 0.4190, MSE: 0.0302
2025-06-29 01:11:25,307 - INFO - Val   - Loss: 0.0000, MSE: 0.0000
2025-06-29 01:11:25,774 - INFO - 
Época 38/50
2025-06-29 01:11:26,458 - INFO - Batch 0/2: Loss: 0.5783, MSE: 0.0380
2025-06-29 01:11:27,028 - INFO - Train - Loss: 0.5411, MSE: 0.0330
2025-06-29 01:11:27,028 - INFO - Val   - Loss: 0.0000, MSE: 0.0000
2025-06-29 01:11:27,487 - INFO - 
Época 39/50
2025-06-29 01:11:28,176 - INFO - Batch 0/2: Loss: 0.3836, MSE: 0.0326
2025-06-29 01:11:28,820 - INFO - Train - Loss: 0.4000, MSE: 0.0325
2025-06-29 01:11:28,820 - INFO - Val   - Loss: 0.0000, MSE: 0.0000
2025-06-29 01:11:29,281 - INFO - 
Época 40/50
2025-06-29 01:11:29,865 - INFO - Batch 0/2: Loss: 0.4886, MSE: 0.0324
2025-06-29 01:11:30,359 - INFO - Train - Loss: 0.4359, MSE: 0.0293
2025-06-29 01:11:30,359 - INFO - Val   - Loss: 0.0000, MSE: 0.0000
2025-06-29 01:11:30,833 - INFO - 
Época 41/50
2025-06-29 01:11:31,504 - INFO - Batch 0/2: Loss: 0.3848, MSE: 0.0264
2025-06-29 01:11:32,086 - INFO - Train - Loss: 0.3678, MSE: 0.0283
2025-06-29 01:11:32,086 - INFO - Val   - Loss: 0.0000, MSE: 0.0000
2025-06-29 01:11:33,442 - INFO - 
Época 42/50
2025-06-29 01:11:34,049 - INFO - Batch 0/2: Loss: 0.4907, MSE: 0.0319
2025-06-29 01:11:34,548 - INFO - Train - Loss: 0.4515, MSE: 0.0342
2025-06-29 01:11:34,548 - INFO - Val   - Loss: 0.0000, MSE: 0.0000
2025-06-29 01:11:35,012 - INFO - 
Época 43/50
2025-06-29 01:11:35,709 - INFO - Batch 0/2: Loss: 0.3707, MSE: 0.0321
2025-06-29 01:11:36,331 - INFO - Train - Loss: 0.3789, MSE: 0.0328
2025-06-29 01:11:36,331 - INFO - Val   - Loss: 0.0000, MSE: 0.0000
2025-06-29 01:11:36,824 - INFO - 
Época 44/50
2025-06-29 01:11:37,431 - INFO - Batch 0/2: Loss: 0.3289, MSE: 0.0190
2025-06-29 01:11:37,928 - INFO - Train - Loss: 0.3467, MSE: 0.0243
2025-06-29 01:11:37,929 - INFO - Val   - Loss: 0.0000, MSE: 0.0000
2025-06-29 01:11:38,442 - INFO - 
Época 45/50
2025-06-29 01:11:39,043 - INFO - Batch 0/2: Loss: 0.4313, MSE: 0.0330
2025-06-29 01:11:39,542 - INFO - Train - Loss: 0.4106, MSE: 0.0329
2025-06-29 01:11:39,543 - INFO - Val   - Loss: 0.0000, MSE: 0.0000
2025-06-29 01:11:41,606 - INFO - 
Época 46/50
2025-06-29 01:11:42,183 - INFO - Batch 0/2: Loss: 0.4714, MSE: 0.0528
2025-06-29 01:11:42,683 - INFO - Train - Loss: 0.3842, MSE: 0.0395
2025-06-29 01:11:42,684 - INFO - Val   - Loss: 0.0000, MSE: 0.0000
2025-06-29 01:11:45,255 - INFO - 
Época 47/50
2025-06-29 01:11:45,850 - INFO - Batch 0/2: Loss: 0.3567, MSE: 0.0246
2025-06-29 01:11:46,352 - INFO - Train - Loss: 0.3819, MSE: 0.0260
2025-06-29 01:11:46,352 - INFO - Val   - Loss: 0.0000, MSE: 0.0000
2025-06-29 01:11:47,377 - INFO - 
Época 48/50
2025-06-29 01:11:47,956 - INFO - Batch 0/2: Loss: 0.3296, MSE: 0.0285
2025-06-29 01:11:48,451 - INFO - Train - Loss: 0.3832, MSE: 0.0302
2025-06-29 01:11:48,451 - INFO - Val   - Loss: 0.0000, MSE: 0.0000
2025-06-29 01:11:51,436 - INFO - 
Época 49/50
2025-06-29 01:11:52,011 - INFO - Batch 0/2: Loss: 0.4166, MSE: 0.0277
2025-06-29 01:11:52,513 - INFO - Train - Loss: 0.4350, MSE: 0.0306
2025-06-29 01:11:52,513 - INFO - Val   - Loss: 0.0000, MSE: 0.0000
2025-06-29 01:11:55,407 - INFO - 
Época 50/50
2025-06-29 01:11:55,973 - INFO - Batch 0/2: Loss: 0.4148, MSE: 0.0291
2025-06-29 01:11:56,473 - INFO - Train - Loss: 0.3924, MSE: 0.0271
2025-06-29 01:11:56,474 - INFO - Val   - Loss: 0.0000, MSE: 0.0000
2025-06-29 01:11:57,027 - INFO - Entrenamiento de harmonización completado!
