2025-10-22 23:51:03,569 - INFO - Epoch 1 - Train Loss: 0.1618, IoU: 0.5687, Dice: 0.7224, F1: 0.7224, Precision: 0.9108, Recall: 0.6031
2025-10-22 23:54:28,034 - INFO - Epoch 1 - Val Loss: 0.0662, IoU: 0.6126, Dice: 0.7590, F1: 0.7590, Precision: 0.9609, Recall: 0.6283
2025-10-22 23:54:33,316 - INFO - ✅ Mejor modelo guardado en checkpoints/aisegment_full_optimized_20gb_aggressive/best_segmentation.pth (IoU: 0.6126)
2025-10-23 00:36:46,325 - INFO - Epoch 2 - Train Loss: 0.0884, IoU: 0.6384, Dice: 0.7782, F1: 0.7782, Precision: 0.9573, Recall: 0.6574
2025-10-23 00:40:10,580 - INFO - Epoch 2 - Val Loss: 0.0593, IoU: 0.7452, Dice: 0.8535, F1: 0.8535, Precision: 0.9826, Recall: 0.7551
2025-10-23 00:40:17,221 - INFO - ✅ Mejor modelo guardado en checkpoints/aisegment_full_optimized_20gb_aggressive/best_segmentation.pth (IoU: 0.7452)
2025-10-23 01:22:28,831 - INFO - Epoch 3 - Train Loss: 0.0769, IoU: 0.7177, Dice: 0.8347, F1: 0.8347, Precision: 0.9635, Recall: 0.7381
2025-10-23 01:25:53,522 - INFO - Epoch 3 - Val Loss: 0.0566, IoU: 0.7880, Dice: 0.8811, F1: 0.8811, Precision: 0.9883, Recall: 0.7955
2025-10-23 01:26:00,272 - INFO - ✅ Mejor modelo guardado en checkpoints/aisegment_full_optimized_20gb_aggressive/best_segmentation.pth (IoU: 0.7880)
2025-10-23 02:08:11,874 - INFO - Epoch 4 - Train Loss: 0.0697, IoU: 0.7926, Dice: 0.8837, F1: 0.8837, Precision: 0.9639, Recall: 0.8174
2025-10-23 02:11:35,972 - INFO - Epoch 4 - Val Loss: 0.0535, IoU: 0.8804, Dice: 0.9363, F1: 0.9363, Precision: 0.9768, Recall: 0.8991
2025-10-23 02:11:42,667 - INFO - ✅ Mejor modelo guardado en checkpoints/aisegment_full_optimized_20gb_aggressive/best_segmentation.pth (IoU: 0.8804)
2025-10-23 02:53:50,466 - INFO - Epoch 5 - Train Loss: 0.0645, IoU: 0.8003, Dice: 0.8885, F1: 0.8885, Precision: 0.9656, Recall: 0.8243
2025-10-23 02:57:15,371 - INFO - Epoch 5 - Val Loss: 0.0518, IoU: 0.8559, Dice: 0.9221, F1: 0.9221, Precision: 0.9856, Recall: 0.8667
2025-10-23 03:39:27,176 - INFO - Epoch 6 - Train Loss: 0.0599, IoU: 0.8240, Dice: 0.9031, F1: 0.9031, Precision: 0.9638, Recall: 0.8508
2025-10-23 03:42:51,829 - INFO - Epoch 6 - Val Loss: 0.0479, IoU: 0.8752, Dice: 0.9333, F1: 0.9333, Precision: 0.9803, Recall: 0.8908
2025-10-23 04:25:03,187 - INFO - Epoch 7 - Train Loss: 0.0552, IoU: 0.8139, Dice: 0.8970, F1: 0.8970, Precision: 0.9660, Recall: 0.8384
2025-10-23 04:28:27,035 - INFO - Epoch 7 - Val Loss: 0.0467, IoU: 0.8597, Dice: 0.9243, F1: 0.9243, Precision: 0.9808, Recall: 0.8743
2025-10-23 05:10:31,293 - INFO - Epoch 8 - Train Loss: 0.0524, IoU: 0.8332, Dice: 0.9087, F1: 0.9087, Precision: 0.9643, Recall: 0.8602
2025-10-23 05:13:55,709 - INFO - Epoch 8 - Val Loss: 0.0462, IoU: 0.8915, Dice: 0.9425, F1: 0.9425, Precision: 0.9770, Recall: 0.9106
2025-10-23 05:14:02,519 - INFO - ✅ Mejor modelo guardado en checkpoints/aisegment_full_optimized_20gb_aggressive/best_segmentation.pth (IoU: 0.8915)
2025-10-23 05:56:10,307 - INFO - Epoch 9 - Train Loss: 0.0501, IoU: 0.8382, Dice: 0.9117, F1: 0.9117, Precision: 0.9635, Recall: 0.8661
2025-10-23 05:59:35,166 - INFO - Epoch 9 - Val Loss: 0.0446, IoU: 0.8748, Dice: 0.9330, F1: 0.9330, Precision: 0.9744, Recall: 0.8953
2025-10-23 06:41:48,953 - INFO - Epoch 10 - Train Loss: 0.0491, IoU: 0.8326, Dice: 0.9083, F1: 0.9083, Precision: 0.9647, Recall: 0.8592
2025-10-23 06:45:13,732 - INFO - Epoch 10 - Val Loss: 0.0441, IoU: 0.8659, Dice: 0.9279, F1: 0.9279, Precision: 0.9774, Recall: 0.8835
2025-10-23 07:27:22,436 - INFO - Epoch 11 - Train Loss: 0.0762, IoU: 0.8363, Dice: 0.9104, F1: 0.9104, Precision: 0.9553, Recall: 0.8710
2025-10-23 07:30:47,180 - INFO - Epoch 11 - Val Loss: 0.0537, IoU: 0.9140, Dice: 0.9550, F1: 0.9550, Precision: 0.9519, Recall: 0.9582
2025-10-23 07:30:54,058 - INFO - ✅ Mejor modelo guardado en checkpoints/aisegment_full_optimized_20gb_aggressive/best_segmentation.pth (IoU: 0.9140)
2025-10-23 08:13:00,497 - INFO - Epoch 12 - Train Loss: 0.0650, IoU: 0.8490, Dice: 0.9180, F1: 0.9180, Precision: 0.9549, Recall: 0.8852
2025-10-23 08:16:24,492 - INFO - Epoch 12 - Val Loss: 0.0508, IoU: 0.8674, Dice: 0.9288, F1: 0.9288, Precision: 0.9762, Recall: 0.8860
2025-10-23 08:58:29,503 - INFO - Epoch 13 - Train Loss: 0.0628, IoU: 0.8551, Dice: 0.9217, F1: 0.9217, Precision: 0.9438, Recall: 0.9022
2025-10-23 09:01:53,801 - INFO - Epoch 13 - Val Loss: 0.0512, IoU: 0.8872, Dice: 0.9401, F1: 0.9401, Precision: 0.9769, Recall: 0.9061
2025-10-23 09:43:57,675 - INFO - Epoch 14 - Train Loss: 0.0627, IoU: 0.8497, Dice: 0.9185, F1: 0.9185, Precision: 0.9472, Recall: 0.8926
2025-10-23 09:47:22,260 - INFO - Epoch 14 - Val Loss: 0.0490, IoU: 0.8866, Dice: 0.9398, F1: 0.9398, Precision: 0.9691, Recall: 0.9123
2025-10-23 10:29:20,836 - INFO - Epoch 15 - Train Loss: 0.0598, IoU: 0.8491, Dice: 0.9182, F1: 0.9182, Precision: 0.9464, Recall: 0.8927
2025-10-23 10:32:44,586 - INFO - Epoch 15 - Val Loss: 0.0507, IoU: 0.8773, Dice: 0.9345, F1: 0.9345, Precision: 0.9668, Recall: 0.9044
2025-10-23 11:14:41,700 - INFO - Epoch 16 - Train Loss: 0.0591, IoU: 0.8376, Dice: 0.9114, F1: 0.9114, Precision: 0.9472, Recall: 0.8792
2025-10-23 11:18:06,455 - INFO - Epoch 16 - Val Loss: 0.0472, IoU: 0.8763, Dice: 0.9339, F1: 0.9339, Precision: 0.9685, Recall: 0.9019
2025-10-23 12:00:10,322 - INFO - Epoch 17 - Train Loss: 0.0566, IoU: 0.8298, Dice: 0.9067, F1: 0.9067, Precision: 0.9463, Recall: 0.8714
2025-10-23 12:03:34,787 - INFO - Epoch 17 - Val Loss: 0.0506, IoU: 0.8502, Dice: 0.9189, F1: 0.9189, Precision: 0.9575, Recall: 0.8835
2025-10-23 12:45:37,753 - INFO - Epoch 18 - Train Loss: 0.0546, IoU: 0.8287, Dice: 0.9061, F1: 0.9061, Precision: 0.9485, Recall: 0.8683
2025-10-23 12:49:01,992 - INFO - Epoch 18 - Val Loss: 0.0480, IoU: 0.8394, Dice: 0.9125, F1: 0.9125, Precision: 0.9639, Recall: 0.8665
2025-10-23 13:31:01,878 - INFO - Epoch 19 - Train Loss: 0.0537, IoU: 0.8328, Dice: 0.9086, F1: 0.9086, Precision: 0.9445, Recall: 0.8762
2025-10-23 13:34:26,117 - INFO - Epoch 19 - Val Loss: 0.0457, IoU: 0.8550, Dice: 0.9217, F1: 0.9217, Precision: 0.9623, Recall: 0.8845
2025-10-23 14:16:25,506 - INFO - Epoch 20 - Train Loss: 0.0523, IoU: 0.8373, Dice: 0.9112, F1: 0.9112, Precision: 0.9443, Recall: 0.8812
2025-10-23 14:19:49,794 - INFO - Epoch 20 - Val Loss: 0.0461, IoU: 0.8521, Dice: 0.9199, F1: 0.9199, Precision: 0.9491, Recall: 0.8927
2025-10-23 15:01:49,479 - INFO - Epoch 21 - Train Loss: 0.0508, IoU: 0.8366, Dice: 0.9108, F1: 0.9108, Precision: 0.9495, Recall: 0.8761
2025-10-23 15:05:14,064 - INFO - Epoch 21 - Val Loss: 0.0455, IoU: 0.8728, Dice: 0.9319, F1: 0.9319, Precision: 0.9563, Recall: 0.9089
2025-10-23 15:47:13,430 - INFO - Epoch 22 - Train Loss: 0.0496, IoU: 0.8497, Dice: 0.9185, F1: 0.9185, Precision: 0.9442, Recall: 0.8951
2025-10-23 15:50:37,800 - INFO - Epoch 22 - Val Loss: 0.0436, IoU: 0.8763, Dice: 0.9339, F1: 0.9339, Precision: 0.9493, Recall: 0.9191
2025-10-23 16:32:35,651 - INFO - Epoch 23 - Train Loss: 0.0483, IoU: 0.8555, Dice: 0.9220, F1: 0.9220, Precision: 0.9396, Recall: 0.9056
2025-10-23 16:35:59,819 - INFO - Epoch 23 - Val Loss: 0.0435, IoU: 0.8788, Dice: 0.9354, F1: 0.9354, Precision: 0.9397, Recall: 0.9313
2025-10-23 17:17:58,145 - INFO - Epoch 24 - Train Loss: 0.0476, IoU: 0.8517, Dice: 0.9198, F1: 0.9198, Precision: 0.9416, Recall: 0.8997
2025-10-23 17:21:22,918 - INFO - Epoch 24 - Val Loss: 0.0441, IoU: 0.8672, Dice: 0.9288, F1: 0.9288, Precision: 0.9331, Recall: 0.9246
2025-10-23 18:03:20,301 - INFO - Epoch 25 - Train Loss: 0.0467, IoU: 0.8576, Dice: 0.9232, F1: 0.9232, Precision: 0.9390, Recall: 0.9086
2025-10-23 18:06:44,903 - INFO - Epoch 25 - Val Loss: 0.0435, IoU: 0.8594, Dice: 0.9242, F1: 0.9242, Precision: 0.9435, Recall: 0.9060
2025-10-23 18:48:43,646 - INFO - Epoch 26 - Train Loss: 0.0458, IoU: 0.8607, Dice: 0.9250, F1: 0.9250, Precision: 0.9398, Recall: 0.9113
2025-10-23 18:52:07,989 - INFO - Epoch 26 - Val Loss: 0.0429, IoU: 0.8825, Dice: 0.9375, F1: 0.9375, Precision: 0.9505, Recall: 0.9249
2025-10-23 19:34:07,340 - INFO - Epoch 27 - Train Loss: 0.0453, IoU: 0.8631, Dice: 0.9264, F1: 0.9264, Precision: 0.9413, Recall: 0.9124
2025-10-23 19:37:31,947 - INFO - Epoch 27 - Val Loss: 0.0428, IoU: 0.8810, Dice: 0.9366, F1: 0.9366, Precision: 0.9508, Recall: 0.9230
2025-10-23 20:19:21,215 - INFO - Epoch 28 - Train Loss: 0.0447, IoU: 0.8626, Dice: 0.9261, F1: 0.9261, Precision: 0.9421, Recall: 0.9112
2025-10-23 20:22:45,189 - INFO - Epoch 28 - Val Loss: 0.0427, IoU: 0.8824, Dice: 0.9374, F1: 0.9374, Precision: 0.9482, Recall: 0.9271
2025-10-23 21:04:32,503 - INFO - Epoch 29 - Train Loss: 0.0445, IoU: 0.8648, Dice: 0.9274, F1: 0.9274, Precision: 0.9401, Recall: 0.9155
2025-10-23 21:07:56,525 - INFO - Epoch 29 - Val Loss: 0.0424, IoU: 0.8822, Dice: 0.9373, F1: 0.9373, Precision: 0.9488, Recall: 0.9262
2025-10-23 21:49:49,870 - INFO - Epoch 30 - Train Loss: 0.0443, IoU: 0.8645, Dice: 0.9272, F1: 0.9272, Precision: 0.9403, Recall: 0.9149
2025-10-23 21:53:13,395 - INFO - Epoch 30 - Val Loss: 0.0423, IoU: 0.8833, Dice: 0.9379, F1: 0.9379, Precision: 0.9443, Recall: 0.9318
2025-10-23 22:34:58,639 - INFO - Epoch 31 - Train Loss: 0.0626, IoU: 0.8621, Dice: 0.9258, F1: 0.9258, Precision: 0.9373, Recall: 0.9155
2025-10-23 22:38:22,667 - INFO - Epoch 31 - Val Loss: 0.0502, IoU: 0.9011, Dice: 0.9479, F1: 0.9479, Precision: 0.9486, Recall: 0.9473
2025-10-23 23:20:06,499 - INFO - Epoch 32 - Train Loss: 0.0561, IoU: 0.8666, Dice: 0.9284, F1: 0.9284, Precision: 0.9242, Recall: 0.9334
2025-10-23 23:23:30,442 - INFO - Epoch 32 - Val Loss: 0.0474, IoU: 0.8967, Dice: 0.9454, F1: 0.9454, Precision: 0.9289, Recall: 0.9626
2025-10-24 00:05:12,916 - INFO - Epoch 33 - Train Loss: 0.0562, IoU: 0.8748, Dice: 0.9331, F1: 0.9331, Precision: 0.9275, Recall: 0.9396
2025-10-24 00:08:36,717 - INFO - Epoch 33 - Val Loss: 0.0472, IoU: 0.9195, Dice: 0.9580, F1: 0.9580, Precision: 0.9483, Recall: 0.9680
2025-10-24 00:08:43,607 - INFO - ✅ Mejor modelo guardado en checkpoints/aisegment_full_optimized_20gb_aggressive/best_segmentation.pth (IoU: 0.9195)
2025-10-24 00:50:22,745 - INFO - Epoch 34 - Train Loss: 0.0544, IoU: 0.8731, Dice: 0.9321, F1: 0.9321, Precision: 0.9221, Recall: 0.9432
2025-10-24 00:53:46,581 - INFO - Epoch 34 - Val Loss: 0.0479, IoU: 0.8937, Dice: 0.9437, F1: 0.9437, Precision: 0.9090, Recall: 0.9814
2025-10-24 01:35:25,363 - INFO - Epoch 35 - Train Loss: 0.0548, IoU: 0.8700, Dice: 0.9303, F1: 0.9303, Precision: 0.9147, Recall: 0.9474
2025-10-24 01:38:49,310 - INFO - Epoch 35 - Val Loss: 0.0465, IoU: 0.8773, Dice: 0.9345, F1: 0.9345, Precision: 0.9313, Recall: 0.9379
2025-10-24 02:20:28,110 - INFO - Epoch 36 - Train Loss: 0.0546, IoU: 0.8695, Dice: 0.9300, F1: 0.9300, Precision: 0.9101, Recall: 0.9516
2025-10-24 02:23:52,129 - INFO - Epoch 36 - Val Loss: 0.0471, IoU: 0.8873, Dice: 0.9401, F1: 0.9401, Precision: 0.9082, Recall: 0.9746
2025-10-24 03:05:29,349 - INFO - Epoch 37 - Train Loss: 0.0533, IoU: 0.8716, Dice: 0.9312, F1: 0.9312, Precision: 0.9100, Recall: 0.9542
2025-10-24 03:08:53,133 - INFO - Epoch 37 - Val Loss: 0.0469, IoU: 0.8771, Dice: 0.9344, F1: 0.9344, Precision: 0.8958, Recall: 0.9767
2025-10-24 03:50:28,485 - INFO - Epoch 38 - Train Loss: 0.0535, IoU: 0.8680, Dice: 0.9291, F1: 0.9291, Precision: 0.9030, Recall: 0.9575
2025-10-24 03:53:52,257 - INFO - Epoch 38 - Val Loss: 0.0500, IoU: 0.8780, Dice: 0.9348, F1: 0.9348, Precision: 0.8969, Recall: 0.9765
2025-10-24 04:35:26,424 - INFO - Epoch 39 - Train Loss: 0.0518, IoU: 0.8655, Dice: 0.9277, F1: 0.9277, Precision: 0.8940, Recall: 0.9647
2025-10-24 04:38:50,138 - INFO - Epoch 39 - Val Loss: 0.0482, IoU: 0.8738, Dice: 0.9325, F1: 0.9325, Precision: 0.8949, Recall: 0.9737
2025-10-24 05:20:21,410 - INFO - Epoch 40 - Train Loss: 0.0526, IoU: 0.8674, Dice: 0.9288, F1: 0.9288, Precision: 0.8972, Recall: 0.9634
2025-10-24 05:23:44,414 - INFO - Epoch 40 - Val Loss: 0.0479, IoU: 0.8804, Dice: 0.9363, F1: 0.9363, Precision: 0.9068, Recall: 0.9680
2025-10-24 06:05:07,033 - INFO - Epoch 41 - Train Loss: 0.0510, IoU: 0.8673, Dice: 0.9287, F1: 0.9287, Precision: 0.8984, Recall: 0.9619
2025-10-24 06:08:29,831 - INFO - Epoch 41 - Val Loss: 0.0473, IoU: 0.8704, Dice: 0.9305, F1: 0.9305, Precision: 0.8950, Recall: 0.9694
2025-10-24 06:49:50,931 - INFO - Epoch 42 - Train Loss: 0.0514, IoU: 0.8679, Dice: 0.9291, F1: 0.9291, Precision: 0.8979, Recall: 0.9633
2025-10-24 06:53:13,745 - INFO - Epoch 42 - Val Loss: 0.0457, IoU: 0.8743, Dice: 0.9328, F1: 0.9328, Precision: 0.9000, Recall: 0.9683
2025-10-24 07:34:37,260 - INFO - Epoch 43 - Train Loss: 0.0499, IoU: 0.8688, Dice: 0.9296, F1: 0.9296, Precision: 0.8977, Recall: 0.9645
2025-10-24 07:38:00,029 - INFO - Epoch 43 - Val Loss: 0.0460, IoU: 0.8699, Dice: 0.9302, F1: 0.9302, Precision: 0.8852, Recall: 0.9805
2025-10-24 08:19:19,897 - INFO - Epoch 44 - Train Loss: 0.0503, IoU: 0.8668, Dice: 0.9285, F1: 0.9285, Precision: 0.8940, Recall: 0.9664
2025-10-24 08:22:42,709 - INFO - Epoch 44 - Val Loss: 0.0447, IoU: 0.8835, Dice: 0.9380, F1: 0.9380, Precision: 0.9024, Recall: 0.9768
2025-10-24 09:04:01,042 - INFO - Epoch 45 - Train Loss: 0.0493, IoU: 0.8577, Dice: 0.9232, F1: 0.9232, Precision: 0.8803, Recall: 0.9712
2025-10-24 09:07:23,691 - INFO - Epoch 45 - Val Loss: 0.0441, IoU: 0.8697, Dice: 0.9301, F1: 0.9301, Precision: 0.8867, Recall: 0.9783
2025-10-24 09:48:41,062 - INFO - Epoch 46 - Train Loss: 0.0486, IoU: 0.8574, Dice: 0.9230, F1: 0.9230, Precision: 0.8808, Recall: 0.9702
2025-10-24 09:52:03,917 - INFO - Epoch 46 - Val Loss: 0.0438, IoU: 0.8632, Dice: 0.9263, F1: 0.9263, Precision: 0.8759, Recall: 0.9834
2025-10-24 10:33:19,968 - INFO - Epoch 47 - Train Loss: 0.0483, IoU: 0.8603, Dice: 0.9246, F1: 0.9246, Precision: 0.8821, Recall: 0.9721
2025-10-24 10:36:42,554 - INFO - Epoch 47 - Val Loss: 0.0449, IoU: 0.8589, Dice: 0.9238, F1: 0.9238, Precision: 0.8759, Recall: 0.9779
2025-10-24 11:17:56,418 - INFO - Epoch 48 - Train Loss: 0.0476, IoU: 0.8659, Dice: 0.9279, F1: 0.9279, Precision: 0.8890, Recall: 0.9711
2025-10-24 11:21:19,124 - INFO - Epoch 48 - Val Loss: 0.0438, IoU: 0.8691, Dice: 0.9298, F1: 0.9298, Precision: 0.8849, Recall: 0.9798
2025-10-24 12:02:31,729 - INFO - Epoch 49 - Train Loss: 0.0471, IoU: 0.8611, Dice: 0.9251, F1: 0.9251, Precision: 0.8843, Recall: 0.9706
2025-10-24 12:05:54,384 - INFO - Epoch 49 - Val Loss: 0.0434, IoU: 0.8764, Dice: 0.9339, F1: 0.9339, Precision: 0.8892, Recall: 0.9837
2025-10-24 12:47:05,710 - INFO - Epoch 50 - Train Loss: 0.0465, IoU: 0.8633, Dice: 0.9264, F1: 0.9264, Precision: 0.8854, Recall: 0.9720
2025-10-24 12:50:28,416 - INFO - Epoch 50 - Val Loss: 0.0440, IoU: 0.8711, Dice: 0.9309, F1: 0.9309, Precision: 0.8908, Recall: 0.9752
2025-10-24 13:31:43,441 - INFO - Epoch 51 - Train Loss: 0.0465, IoU: 0.8639, Dice: 0.9268, F1: 0.9268, Precision: 0.8866, Recall: 0.9713
2025-10-24 13:35:06,181 - INFO - Epoch 51 - Val Loss: 0.0427, IoU: 0.8769, Dice: 0.9342, F1: 0.9342, Precision: 0.8983, Recall: 0.9735
2025-10-24 14:16:19,674 - INFO - Epoch 52 - Train Loss: 0.0456, IoU: 0.8676, Dice: 0.9289, F1: 0.9289, Precision: 0.8930, Recall: 0.9683
2025-10-24 14:19:42,320 - INFO - Epoch 52 - Val Loss: 0.0434, IoU: 0.8697, Dice: 0.9301, F1: 0.9301, Precision: 0.8934, Recall: 0.9703
2025-10-24 15:00:55,164 - INFO - Epoch 53 - Train Loss: 0.0456, IoU: 0.8652, Dice: 0.9275, F1: 0.9275, Precision: 0.8899, Recall: 0.9690
2025-10-24 15:04:17,970 - INFO - Epoch 53 - Val Loss: 0.0431, IoU: 0.8690, Dice: 0.9297, F1: 0.9297, Precision: 0.8868, Recall: 0.9774
2025-10-24 15:45:29,856 - INFO - Epoch 54 - Train Loss: 0.0449, IoU: 0.8648, Dice: 0.9273, F1: 0.9273, Precision: 0.8871, Recall: 0.9718
2025-10-24 15:48:52,652 - INFO - Epoch 54 - Val Loss: 0.0425, IoU: 0.8625, Dice: 0.9260, F1: 0.9260, Precision: 0.8767, Recall: 0.9815
2025-10-24 16:30:01,850 - INFO - Epoch 55 - Train Loss: 0.0443, IoU: 0.8607, Dice: 0.9249, F1: 0.9249, Precision: 0.8813, Recall: 0.9737
2025-10-24 16:33:24,244 - INFO - Epoch 55 - Val Loss: 0.0431, IoU: 0.8623, Dice: 0.9259, F1: 0.9259, Precision: 0.8802, Recall: 0.9770
2025-10-24 17:14:33,586 - INFO - Epoch 56 - Train Loss: 0.0439, IoU: 0.8623, Dice: 0.9258, F1: 0.9258, Precision: 0.8836, Recall: 0.9729
2025-10-24 17:17:56,326 - INFO - Epoch 56 - Val Loss: 0.0427, IoU: 0.8663, Dice: 0.9281, F1: 0.9281, Precision: 0.8789, Recall: 0.9836
2025-10-24 17:59:05,750 - INFO - Epoch 57 - Train Loss: 0.0436, IoU: 0.8575, Dice: 0.9230, F1: 0.9230, Precision: 0.8769, Recall: 0.9749
2025-10-24 18:02:28,280 - INFO - Epoch 57 - Val Loss: 0.0428, IoU: 0.8574, Dice: 0.9230, F1: 0.9230, Precision: 0.8742, Recall: 0.9781
2025-10-24 18:43:36,354 - INFO - Epoch 58 - Train Loss: 0.0435, IoU: 0.8591, Dice: 0.9240, F1: 0.9240, Precision: 0.8794, Recall: 0.9739
2025-10-24 18:46:59,092 - INFO - Epoch 58 - Val Loss: 0.0424, IoU: 0.8613, Dice: 0.9253, F1: 0.9253, Precision: 0.8756, Recall: 0.9814
2025-10-24 19:28:07,700 - INFO - Epoch 59 - Train Loss: 0.0429, IoU: 0.8609, Dice: 0.9250, F1: 0.9250, Precision: 0.8812, Recall: 0.9740
2025-10-24 19:31:30,416 - INFO - Epoch 59 - Val Loss: 0.0421, IoU: 0.8588, Dice: 0.9238, F1: 0.9238, Precision: 0.8738, Recall: 0.9804
2025-10-24 20:12:38,369 - INFO - Epoch 60 - Train Loss: 0.0427, IoU: 0.8618, Dice: 0.9256, F1: 0.9256, Precision: 0.8822, Recall: 0.9740
2025-10-24 20:16:00,470 - INFO - Epoch 60 - Val Loss: 0.0419, IoU: 0.8576, Dice: 0.9231, F1: 0.9231, Precision: 0.8740, Recall: 0.9786
2025-10-24 20:57:04,940 - INFO - Epoch 61 - Train Loss: 0.0425, IoU: 0.8602, Dice: 0.9246, F1: 0.9246, Precision: 0.8793, Recall: 0.9755
2025-10-24 21:00:27,458 - INFO - Epoch 61 - Val Loss: 0.0419, IoU: 0.8585, Dice: 0.9236, F1: 0.9236, Precision: 0.8744, Recall: 0.9792
2025-10-24 21:41:35,313 - INFO - Epoch 62 - Train Loss: 0.0421, IoU: 0.8589, Dice: 0.9239, F1: 0.9239, Precision: 0.8773, Recall: 0.9763
2025-10-24 21:44:57,948 - INFO - Epoch 62 - Val Loss: 0.0419, IoU: 0.8594, Dice: 0.9242, F1: 0.9242, Precision: 0.8742, Recall: 0.9807
2025-10-24 22:26:05,269 - INFO - Epoch 63 - Train Loss: 0.0418, IoU: 0.8588, Dice: 0.9238, F1: 0.9238, Precision: 0.8773, Recall: 0.9762
2025-10-24 22:29:27,811 - INFO - Epoch 63 - Val Loss: 0.0419, IoU: 0.8560, Dice: 0.9222, F1: 0.9222, Precision: 0.8696, Recall: 0.9820
2025-10-24 23:10:33,181 - INFO - Epoch 64 - Train Loss: 0.0416, IoU: 0.8572, Dice: 0.9228, F1: 0.9228, Precision: 0.8753, Recall: 0.9764
2025-10-24 23:13:55,686 - INFO - Epoch 64 - Val Loss: 0.0416, IoU: 0.8577, Dice: 0.9232, F1: 0.9232, Precision: 0.8743, Recall: 0.9783
2025-10-24 23:55:03,170 - INFO - Epoch 65 - Train Loss: 0.0416, IoU: 0.8584, Dice: 0.9236, F1: 0.9236, Precision: 0.8771, Recall: 0.9758
2025-10-24 23:58:25,673 - INFO - Epoch 65 - Val Loss: 0.0417, IoU: 0.8652, Dice: 0.9275, F1: 0.9275, Precision: 0.8791, Recall: 0.9821
2025-10-25 00:39:30,350 - INFO - Epoch 66 - Train Loss: 0.0413, IoU: 0.8590, Dice: 0.9239, F1: 0.9239, Precision: 0.8774, Recall: 0.9762
2025-10-25 00:42:52,321 - INFO - Epoch 66 - Val Loss: 0.0415, IoU: 0.8666, Dice: 0.9283, F1: 0.9283, Precision: 0.8788, Recall: 0.9842
2025-10-25 01:23:57,527 - INFO - Epoch 67 - Train Loss: 0.0413, IoU: 0.8578, Dice: 0.9232, F1: 0.9232, Precision: 0.8762, Recall: 0.9762
2025-10-25 01:27:20,064 - INFO - Epoch 67 - Val Loss: 0.0415, IoU: 0.8616, Dice: 0.9254, F1: 0.9254, Precision: 0.8741, Recall: 0.9837
2025-10-25 02:08:28,242 - INFO - Epoch 68 - Train Loss: 0.0410, IoU: 0.8576, Dice: 0.9231, F1: 0.9231, Precision: 0.8757, Recall: 0.9765
2025-10-25 02:11:50,994 - INFO - Epoch 68 - Val Loss: 0.0414, IoU: 0.8716, Dice: 0.9312, F1: 0.9312, Precision: 0.8826, Recall: 0.9858
2025-10-25 02:52:56,936 - INFO - Epoch 69 - Train Loss: 0.0411, IoU: 0.8585, Dice: 0.9236, F1: 0.9236, Precision: 0.8768, Recall: 0.9763
2025-10-25 02:56:18,983 - INFO - Epoch 69 - Val Loss: 0.0413, IoU: 0.8659, Dice: 0.9279, F1: 0.9279, Precision: 0.8789, Recall: 0.9832
2025-10-25 03:37:22,971 - INFO - Epoch 70 - Train Loss: 0.0411, IoU: 0.8574, Dice: 0.9230, F1: 0.9230, Precision: 0.8760, Recall: 0.9759
2025-10-25 03:40:45,157 - INFO - Epoch 70 - Val Loss: 0.0412, IoU: 0.8611, Dice: 0.9251, F1: 0.9251, Precision: 0.8757, Recall: 0.9809
2025-10-25 04:21:49,952 - INFO - Epoch 71 - Train Loss: 0.0536, IoU: 0.8516, Dice: 0.9196, F1: 0.9196, Precision: 0.8719, Recall: 0.9735
2025-10-25 04:25:12,620 - INFO - Epoch 71 - Val Loss: 0.0463, IoU: 0.8545, Dice: 0.9213, F1: 0.9213, Precision: 0.8709, Recall: 0.9784
2025-10-25 05:06:13,783 - INFO - Epoch 72 - Train Loss: 0.0504, IoU: 0.8578, Dice: 0.9232, F1: 0.9232, Precision: 0.8800, Recall: 0.9716
2025-10-25 05:09:35,723 - INFO - Epoch 72 - Val Loss: 0.0453, IoU: 0.8434, Dice: 0.9148, F1: 0.9148, Precision: 0.8651, Recall: 0.9711
2025-10-25 05:50:36,258 - INFO - Epoch 73 - Train Loss: 0.0502, IoU: 0.8577, Dice: 0.9231, F1: 0.9231, Precision: 0.8801, Recall: 0.9713
2025-10-25 05:53:57,768 - INFO - Epoch 73 - Val Loss: 0.0444, IoU: 0.8637, Dice: 0.9267, F1: 0.9267, Precision: 0.8827, Recall: 0.9757
2025-10-25 06:34:51,463 - INFO - Epoch 74 - Train Loss: 0.0500, IoU: 0.8595, Dice: 0.9242, F1: 0.9242, Precision: 0.8843, Recall: 0.9687
2025-10-25 06:38:13,178 - INFO - Epoch 74 - Val Loss: 0.0455, IoU: 0.8599, Dice: 0.9244, F1: 0.9244, Precision: 0.8757, Recall: 0.9794
2025-10-25 07:19:09,267 - INFO - Epoch 75 - Train Loss: 0.0503, IoU: 0.8649, Dice: 0.9273, F1: 0.9273, Precision: 0.8886, Recall: 0.9702
2025-10-25 07:22:30,927 - INFO - Epoch 75 - Val Loss: 0.0462, IoU: 0.8687, Dice: 0.9295, F1: 0.9295, Precision: 0.8864, Recall: 0.9775
2025-10-25 08:03:24,768 - INFO - Epoch 76 - Train Loss: 0.0488, IoU: 0.8644, Dice: 0.9271, F1: 0.9271, Precision: 0.8872, Recall: 0.9713
2025-10-25 08:06:46,138 - INFO - Epoch 76 - Val Loss: 0.0466, IoU: 0.8760, Dice: 0.9338, F1: 0.9338, Precision: 0.8984, Recall: 0.9724
2025-10-25 08:47:37,869 - INFO - Epoch 77 - Train Loss: 0.0505, IoU: 0.8620, Dice: 0.9257, F1: 0.9257, Precision: 0.8870, Recall: 0.9685
2025-10-25 08:50:59,419 - INFO - Epoch 77 - Val Loss: 0.0449, IoU: 0.8786, Dice: 0.9352, F1: 0.9352, Precision: 0.9019, Recall: 0.9715
2025-10-25 09:31:52,625 - INFO - Epoch 78 - Train Loss: 0.0487, IoU: 0.8663, Dice: 0.9281, F1: 0.9281, Precision: 0.8928, Recall: 0.9670
2025-10-25 09:35:14,026 - INFO - Epoch 78 - Val Loss: 0.0460, IoU: 0.8985, Dice: 0.9464, F1: 0.9464, Precision: 0.9153, Recall: 0.9799
2025-10-25 10:16:06,325 - INFO - Epoch 79 - Train Loss: 0.0490, IoU: 0.8604, Dice: 0.9248, F1: 0.9248, Precision: 0.8870, Recall: 0.9665
2025-10-25 10:19:27,736 - INFO - Epoch 79 - Val Loss: 0.0469, IoU: 0.8585, Dice: 0.9236, F1: 0.9236, Precision: 0.8758, Recall: 0.9774
2025-10-25 11:00:18,018 - INFO - Epoch 80 - Train Loss: 0.0492, IoU: 0.8524, Dice: 0.9201, F1: 0.9201, Precision: 0.8752, Recall: 0.9705
2025-10-25 11:03:39,345 - INFO - Epoch 80 - Val Loss: 0.0460, IoU: 0.8584, Dice: 0.9236, F1: 0.9236, Precision: 0.8780, Recall: 0.9746
2025-10-25 11:44:28,457 - INFO - Epoch 81 - Train Loss: 0.0484, IoU: 0.8537, Dice: 0.9208, F1: 0.9208, Precision: 0.8765, Recall: 0.9706
2025-10-25 11:47:49,915 - INFO - Epoch 81 - Val Loss: 0.0452, IoU: 0.8609, Dice: 0.9250, F1: 0.9250, Precision: 0.8818, Recall: 0.9731
2025-10-25 12:28:37,460 - INFO - Epoch 82 - Train Loss: 0.0490, IoU: 0.8574, Dice: 0.9230, F1: 0.9230, Precision: 0.8810, Recall: 0.9699
2025-10-25 12:31:58,857 - INFO - Epoch 82 - Val Loss: 0.0448, IoU: 0.8660, Dice: 0.9280, F1: 0.9280, Precision: 0.8799, Recall: 0.9820
2025-10-25 13:12:41,733 - INFO - Epoch 83 - Train Loss: 0.0484, IoU: 0.8527, Dice: 0.9202, F1: 0.9202, Precision: 0.8725, Recall: 0.9741
2025-10-25 13:16:01,952 - INFO - Epoch 83 - Val Loss: 0.0445, IoU: 0.8412, Dice: 0.9135, F1: 0.9135, Precision: 0.8602, Recall: 0.9743
2025-10-25 13:56:41,588 - INFO - Epoch 84 - Train Loss: 0.0483, IoU: 0.8520, Dice: 0.9198, F1: 0.9198, Precision: 0.8736, Recall: 0.9719
2025-10-25 14:00:02,752 - INFO - Epoch 84 - Val Loss: 0.0447, IoU: 0.8782, Dice: 0.9350, F1: 0.9350, Precision: 0.8952, Recall: 0.9788
2025-10-25 14:40:41,904 - INFO - Epoch 85 - Train Loss: 0.0474, IoU: 0.8488, Dice: 0.9179, F1: 0.9179, Precision: 0.8696, Recall: 0.9727
2025-10-25 14:44:02,165 - INFO - Epoch 85 - Val Loss: 0.0473, IoU: 0.8564, Dice: 0.9224, F1: 0.9224, Precision: 0.8751, Recall: 0.9756
2025-10-25 15:24:39,581 - INFO - Epoch 86 - Train Loss: 0.0483, IoU: 0.8539, Dice: 0.9209, F1: 0.9209, Precision: 0.8764, Recall: 0.9709
2025-10-25 15:27:59,869 - INFO - Epoch 86 - Val Loss: 0.0466, IoU: 0.8649, Dice: 0.9274, F1: 0.9274, Precision: 0.8867, Recall: 0.9724
2025-10-25 16:08:36,989 - INFO - Epoch 87 - Train Loss: 0.0475, IoU: 0.8580, Dice: 0.9233, F1: 0.9233, Precision: 0.8819, Recall: 0.9695
2025-10-25 16:11:57,294 - INFO - Epoch 87 - Val Loss: 0.0450, IoU: 0.8690, Dice: 0.9297, F1: 0.9297, Precision: 0.8919, Recall: 0.9712
2025-10-25 16:52:31,793 - INFO - Epoch 88 - Train Loss: 0.0473, IoU: 0.8560, Dice: 0.9222, F1: 0.9222, Precision: 0.8771, Recall: 0.9728
2025-10-25 16:55:52,472 - INFO - Epoch 88 - Val Loss: 0.0439, IoU: 0.8689, Dice: 0.9297, F1: 0.9297, Precision: 0.8790, Recall: 0.9870
2025-10-25 17:36:25,586 - INFO - Epoch 89 - Train Loss: 0.0476, IoU: 0.8569, Dice: 0.9227, F1: 0.9227, Precision: 0.8796, Recall: 0.9709
2025-10-25 17:39:45,986 - INFO - Epoch 89 - Val Loss: 0.0442, IoU: 0.8589, Dice: 0.9239, F1: 0.9239, Precision: 0.8779, Recall: 0.9754
2025-10-25 18:20:20,807 - INFO - Epoch 90 - Train Loss: 0.0471, IoU: 0.8554, Dice: 0.9218, F1: 0.9218, Precision: 0.8793, Recall: 0.9694
2025-10-25 18:23:40,882 - INFO - Epoch 90 - Val Loss: 0.0439, IoU: 0.8616, Dice: 0.9254, F1: 0.9254, Precision: 0.8779, Recall: 0.9788
2025-10-25 19:04:13,470 - INFO - Epoch 91 - Train Loss: 0.0470, IoU: 0.8554, Dice: 0.9218, F1: 0.9218, Precision: 0.8812, Recall: 0.9671
2025-10-25 19:07:33,877 - INFO - Epoch 91 - Val Loss: 0.0440, IoU: 0.8709, Dice: 0.9308, F1: 0.9308, Precision: 0.8900, Recall: 0.9759
2025-10-25 19:48:08,134 - INFO - Epoch 92 - Train Loss: 0.0461, IoU: 0.8578, Dice: 0.9232, F1: 0.9232, Precision: 0.8833, Recall: 0.9676
2025-10-25 19:51:28,522 - INFO - Epoch 92 - Val Loss: 0.0436, IoU: 0.8629, Dice: 0.9262, F1: 0.9262, Precision: 0.8791, Recall: 0.9791
2025-10-25 20:32:00,884 - INFO - Epoch 93 - Train Loss: 0.0463, IoU: 0.8581, Dice: 0.9234, F1: 0.9234, Precision: 0.8854, Recall: 0.9655
2025-10-25 20:35:21,169 - INFO - Epoch 93 - Val Loss: 0.0437, IoU: 0.8751, Dice: 0.9332, F1: 0.9332, Precision: 0.8912, Recall: 0.9798
2025-10-25 21:15:52,497 - INFO - Epoch 94 - Train Loss: 0.0462, IoU: 0.8589, Dice: 0.9239, F1: 0.9239, Precision: 0.8834, Recall: 0.9689
2025-10-25 21:19:12,871 - INFO - Epoch 94 - Val Loss: 0.0448, IoU: 0.8697, Dice: 0.9301, F1: 0.9301, Precision: 0.8859, Recall: 0.9794
2025-10-25 21:59:44,838 - INFO - Epoch 95 - Train Loss: 0.0458, IoU: 0.8630, Dice: 0.9263, F1: 0.9263, Precision: 0.8881, Recall: 0.9685
2025-10-25 22:03:04,935 - INFO - Epoch 95 - Val Loss: 0.0446, IoU: 0.8705, Dice: 0.9306, F1: 0.9306, Precision: 0.8889, Recall: 0.9768
2025-10-25 22:43:35,544 - INFO - Epoch 96 - Train Loss: 0.0461, IoU: 0.8603, Dice: 0.9247, F1: 0.9247, Precision: 0.8845, Recall: 0.9694
2025-10-25 22:46:55,676 - INFO - Epoch 96 - Val Loss: 0.0436, IoU: 0.8744, Dice: 0.9328, F1: 0.9328, Precision: 0.8941, Recall: 0.9753
2025-10-25 23:27:23,102 - INFO - Epoch 97 - Train Loss: 0.0452, IoU: 0.8595, Dice: 0.9242, F1: 0.9242, Precision: 0.8825, Recall: 0.9706
2025-10-25 23:30:43,117 - INFO - Epoch 97 - Val Loss: 0.0452, IoU: 0.8727, Dice: 0.9319, F1: 0.9319, Precision: 0.8933, Recall: 0.9742
2025-10-26 00:11:09,822 - INFO - Epoch 98 - Train Loss: 0.0455, IoU: 0.8618, Dice: 0.9256, F1: 0.9256, Precision: 0.8862, Recall: 0.9692
2025-10-26 00:14:29,895 - INFO - Epoch 98 - Val Loss: 0.0443, IoU: 0.8602, Dice: 0.9246, F1: 0.9246, Precision: 0.8775, Recall: 0.9776
2025-10-26 00:54:56,926 - INFO - Epoch 99 - Train Loss: 0.0448, IoU: 0.8614, Dice: 0.9253, F1: 0.9253, Precision: 0.8861, Recall: 0.9688
2025-10-26 00:58:16,944 - INFO - Epoch 99 - Val Loss: 0.0449, IoU: 0.8641, Dice: 0.9269, F1: 0.9269, Precision: 0.8902, Recall: 0.9672
2025-10-26 01:38:44,597 - INFO - Epoch 100 - Train Loss: 0.0449, IoU: 0.8602, Dice: 0.9246, F1: 0.9246, Precision: 0.8835, Recall: 0.9704
2025-10-26 01:42:04,841 - INFO - Epoch 100 - Val Loss: 0.0441, IoU: 0.8660, Dice: 0.9280, F1: 0.9280, Precision: 0.8802, Recall: 0.9817
2025-10-26 01:42:04,842 - INFO - 🎉 Entrenamiento completado!
2025-10-26 01:42:04,842 - INFO - 
📊 Métricas de Eficiencia del Modelo:
2025-10-26 01:42:07,215 - INFO -   • Parámetros totales: 450.76M (450,762,867)
2025-10-26 01:42:07,215 - INFO -   • Parámetros entrenables: 450.76M (450,762,867)
2025-10-26 01:42:07,215 - INFO -   • FPS (Frames por segundo): 26.72
2025-10-26 01:42:07,215 - INFO -   • Tiempo promedio por imagen: 37.42 ± 0.04 ms
2025-10-26 01:42:07,215 - INFO -   • Memoria GPU pico: 7512.77 MB
2025-10-26 01:42:07,215 - INFO -   • Memoria GPU asignada: 6899.77 MB
