2025-10-22 10:23:50,975 - INFO - Epoch 1 - Train Loss: 0.2784, IoU: 0.5780, Dice: 0.7312, F1: 0.7312, Precision: 0.7281, Recall: 0.7572
2025-10-22 10:24:37,290 - INFO - Epoch 1 - Val Loss: 0.1311, IoU: 0.6495, Dice: 0.7862, F1: 0.7862, Precision: 0.9368, Recall: 0.6797
2025-10-22 10:24:42,492 - INFO - ✅ Mejor modelo guardado en checkpoints/aisegment_20pct_optimized/best_segmentation.pth (IoU: 0.6495)
2025-10-22 10:34:18,739 - INFO - Epoch 2 - Train Loss: 0.1325, IoU: 0.5919, Dice: 0.7416, F1: 0.7416, Precision: 0.9443, Recall: 0.6142
2025-10-22 10:35:05,193 - INFO - Epoch 2 - Val Loss: 0.0784, IoU: 0.6110, Dice: 0.7557, F1: 0.7557, Precision: 0.9552, Recall: 0.6293
2025-10-22 10:44:42,483 - INFO - Epoch 3 - Train Loss: 0.1058, IoU: 0.5958, Dice: 0.7446, F1: 0.7446, Precision: 0.9475, Recall: 0.6169
2025-10-22 10:45:28,751 - INFO - Epoch 3 - Val Loss: 0.0668, IoU: 0.6120, Dice: 0.7563, F1: 0.7563, Precision: 0.9818, Recall: 0.6192
2025-10-22 10:55:05,972 - INFO - Epoch 4 - Train Loss: 0.0863, IoU: 0.6003, Dice: 0.7481, F1: 0.7481, Precision: 0.9476, Recall: 0.6215
2025-10-22 10:55:52,481 - INFO - Epoch 4 - Val Loss: 0.0659, IoU: 0.6139, Dice: 0.7578, F1: 0.7578, Precision: 0.9734, Recall: 0.6246
2025-10-22 11:05:30,412 - INFO - Epoch 5 - Train Loss: 0.0733, IoU: 0.6016, Dice: 0.7490, F1: 0.7490, Precision: 0.9527, Recall: 0.6207
2025-10-22 11:06:17,018 - INFO - Epoch 5 - Val Loss: 0.0575, IoU: 0.6158, Dice: 0.7592, F1: 0.7592, Precision: 0.9789, Recall: 0.6243
2025-10-22 11:15:54,536 - INFO - Epoch 6 - Train Loss: 0.0675, IoU: 0.6037, Dice: 0.7508, F1: 0.7508, Precision: 0.9526, Recall: 0.6231
2025-10-22 11:16:40,929 - INFO - Epoch 6 - Val Loss: 0.0586, IoU: 0.6194, Dice: 0.7620, F1: 0.7620, Precision: 0.9770, Recall: 0.6288
2025-10-22 11:26:18,546 - INFO - Epoch 7 - Train Loss: 0.0612, IoU: 0.6073, Dice: 0.7533, F1: 0.7533, Precision: 0.9556, Recall: 0.6251
2025-10-22 11:27:05,166 - INFO - Epoch 7 - Val Loss: 0.0541, IoU: 0.6174, Dice: 0.7605, F1: 0.7605, Precision: 0.9814, Recall: 0.6249
2025-10-22 11:36:43,430 - INFO - Epoch 8 - Train Loss: 0.0566, IoU: 0.6064, Dice: 0.7527, F1: 0.7527, Precision: 0.9550, Recall: 0.6247
2025-10-22 11:37:30,015 - INFO - Epoch 8 - Val Loss: 0.0533, IoU: 0.6196, Dice: 0.7622, F1: 0.7622, Precision: 0.9722, Recall: 0.6310
2025-10-22 11:47:08,380 - INFO - Epoch 9 - Train Loss: 0.0545, IoU: 0.6071, Dice: 0.7533, F1: 0.7533, Precision: 0.9552, Recall: 0.6253
2025-10-22 11:47:54,990 - INFO - Epoch 9 - Val Loss: 0.0515, IoU: 0.6169, Dice: 0.7602, F1: 0.7602, Precision: 0.9593, Recall: 0.6338
2025-10-22 11:57:31,153 - INFO - Epoch 10 - Train Loss: 0.0519, IoU: 0.6080, Dice: 0.7538, F1: 0.7538, Precision: 0.9551, Recall: 0.6262
2025-10-22 11:58:17,525 - INFO - Epoch 10 - Val Loss: 0.0504, IoU: 0.6188, Dice: 0.7615, F1: 0.7615, Precision: 0.9839, Recall: 0.6253
2025-10-22 12:07:55,617 - INFO - Epoch 11 - Train Loss: 0.0850, IoU: 0.6111, Dice: 0.7564, F1: 0.7564, Precision: 0.9542, Recall: 0.6301
2025-10-22 12:08:42,295 - INFO - Epoch 11 - Val Loss: 0.0622, IoU: 0.6185, Dice: 0.7614, F1: 0.7614, Precision: 0.9763, Recall: 0.6281
2025-10-22 12:18:18,125 - INFO - Epoch 12 - Train Loss: 0.0786, IoU: 0.6439, Dice: 0.7813, F1: 0.7813, Precision: 0.9542, Recall: 0.6651
2025-10-22 12:19:04,467 - INFO - Epoch 12 - Val Loss: 0.0620, IoU: 0.7158, Dice: 0.8324, F1: 0.8324, Precision: 0.9750, Recall: 0.7293
2025-10-22 12:19:11,196 - INFO - ✅ Mejor modelo guardado en checkpoints/aisegment_20pct_optimized/best_segmentation.pth (IoU: 0.7158)
2025-10-22 12:28:49,279 - INFO - Epoch 13 - Train Loss: 0.0739, IoU: 0.7162, Dice: 0.8332, F1: 0.8332, Precision: 0.9537, Recall: 0.7438
2025-10-22 12:29:35,957 - INFO - Epoch 13 - Val Loss: 0.0619, IoU: 0.7773, Dice: 0.8735, F1: 0.8735, Precision: 0.9640, Recall: 0.8005
2025-10-22 12:29:42,747 - INFO - ✅ Mejor modelo guardado en checkpoints/aisegment_20pct_optimized/best_segmentation.pth (IoU: 0.7773)
2025-10-22 12:39:20,329 - INFO - Epoch 14 - Train Loss: 0.0716, IoU: 0.7336, Dice: 0.8450, F1: 0.8450, Precision: 0.9572, Recall: 0.7601
2025-10-22 12:40:06,791 - INFO - Epoch 14 - Val Loss: 0.0548, IoU: 0.7503, Dice: 0.8557, F1: 0.8557, Precision: 0.9761, Recall: 0.7646
2025-10-22 12:49:43,380 - INFO - Epoch 15 - Train Loss: 0.0670, IoU: 0.7337, Dice: 0.8451, F1: 0.8451, Precision: 0.9610, Recall: 0.7574
2025-10-22 12:50:29,798 - INFO - Epoch 15 - Val Loss: 0.0604, IoU: 0.7405, Dice: 0.8492, F1: 0.8492, Precision: 0.9906, Recall: 0.7458
2025-10-22 13:00:07,334 - INFO - Epoch 16 - Train Loss: 0.0653, IoU: 0.7547, Dice: 0.8588, F1: 0.8588, Precision: 0.9591, Recall: 0.7812
2025-10-22 13:00:53,786 - INFO - Epoch 16 - Val Loss: 0.0594, IoU: 0.7865, Dice: 0.8794, F1: 0.8794, Precision: 0.9860, Recall: 0.7953
2025-10-22 13:01:00,601 - INFO - ✅ Mejor modelo guardado en checkpoints/aisegment_20pct_optimized/best_segmentation.pth (IoU: 0.7865)
2025-10-22 13:10:37,999 - INFO - Epoch 17 - Train Loss: 0.0617, IoU: 0.7697, Dice: 0.8688, F1: 0.8688, Precision: 0.9558, Recall: 0.7995
2025-10-22 13:11:24,295 - INFO - Epoch 17 - Val Loss: 0.0541, IoU: 0.8006, Dice: 0.8881, F1: 0.8881, Precision: 0.9718, Recall: 0.8197
2025-10-22 13:11:31,081 - INFO - ✅ Mejor modelo guardado en checkpoints/aisegment_20pct_optimized/best_segmentation.pth (IoU: 0.8006)
2025-10-22 13:21:07,904 - INFO - Epoch 18 - Train Loss: 0.0606, IoU: 0.8040, Dice: 0.8907, F1: 0.8907, Precision: 0.9508, Recall: 0.8406
2025-10-22 13:21:54,328 - INFO - Epoch 18 - Val Loss: 0.0548, IoU: 0.8293, Dice: 0.9059, F1: 0.9059, Precision: 0.9747, Recall: 0.8473
2025-10-22 13:22:01,172 - INFO - ✅ Mejor modelo guardado en checkpoints/aisegment_20pct_optimized/best_segmentation.pth (IoU: 0.8293)
2025-10-22 13:31:37,289 - INFO - Epoch 19 - Train Loss: 0.0584, IoU: 0.7797, Dice: 0.8751, F1: 0.8751, Precision: 0.9583, Recall: 0.8082
2025-10-22 13:32:23,529 - INFO - Epoch 19 - Val Loss: 0.0525, IoU: 0.7692, Dice: 0.8680, F1: 0.8680, Precision: 0.9887, Recall: 0.7761
2025-10-22 13:41:58,117 - INFO - Epoch 20 - Train Loss: 0.0549, IoU: 0.7593, Dice: 0.8620, F1: 0.8620, Precision: 0.9627, Recall: 0.7831
2025-10-22 13:42:44,343 - INFO - Epoch 20 - Val Loss: 0.0513, IoU: 0.7860, Dice: 0.8787, F1: 0.8787, Precision: 0.9828, Recall: 0.7970
2025-10-22 13:52:18,701 - INFO - Epoch 21 - Train Loss: 0.0538, IoU: 0.7668, Dice: 0.8668, F1: 0.8668, Precision: 0.9644, Recall: 0.7898
2025-10-22 13:53:05,104 - INFO - Epoch 21 - Val Loss: 0.0514, IoU: 0.7635, Dice: 0.8641, F1: 0.8641, Precision: 0.9747, Recall: 0.7790
2025-10-22 14:02:39,220 - INFO - Epoch 22 - Train Loss: 0.0519, IoU: 0.7680, Dice: 0.8676, F1: 0.8676, Precision: 0.9646, Recall: 0.7910
2025-10-22 14:03:25,434 - INFO - Epoch 22 - Val Loss: 0.0500, IoU: 0.7616, Dice: 0.8628, F1: 0.8628, Precision: 0.9788, Recall: 0.7744
2025-10-22 14:12:59,622 - INFO - Epoch 23 - Train Loss: 0.0495, IoU: 0.7682, Dice: 0.8678, F1: 0.8678, Precision: 0.9662, Recall: 0.7900
2025-10-22 14:13:45,881 - INFO - Epoch 23 - Val Loss: 0.0519, IoU: 0.7688, Dice: 0.8675, F1: 0.8675, Precision: 0.9838, Recall: 0.7787
2025-10-22 14:23:20,109 - INFO - Epoch 24 - Train Loss: 0.0494, IoU: 0.7693, Dice: 0.8684, F1: 0.8684, Precision: 0.9664, Recall: 0.7909
2025-10-22 14:24:06,305 - INFO - Epoch 24 - Val Loss: 0.0518, IoU: 0.7730, Dice: 0.8702, F1: 0.8702, Precision: 0.9858, Recall: 0.7817
2025-10-22 14:33:40,300 - INFO - Epoch 25 - Train Loss: 0.0478, IoU: 0.7653, Dice: 0.8659, F1: 0.8659, Precision: 0.9678, Recall: 0.7858
2025-10-22 14:34:26,545 - INFO - Epoch 25 - Val Loss: 0.0497, IoU: 0.7875, Dice: 0.8795, F1: 0.8795, Precision: 0.9810, Recall: 0.7998
2025-10-22 14:44:00,496 - INFO - Epoch 26 - Train Loss: 0.0466, IoU: 0.7655, Dice: 0.8660, F1: 0.8660, Precision: 0.9676, Recall: 0.7862
2025-10-22 14:44:46,714 - INFO - Epoch 26 - Val Loss: 0.0503, IoU: 0.7846, Dice: 0.8776, F1: 0.8776, Precision: 0.9821, Recall: 0.7961
2025-10-22 14:54:21,035 - INFO - Epoch 27 - Train Loss: 0.0453, IoU: 0.7645, Dice: 0.8653, F1: 0.8653, Precision: 0.9681, Recall: 0.7847
2025-10-22 14:55:07,226 - INFO - Epoch 27 - Val Loss: 0.0487, IoU: 0.7762, Dice: 0.8722, F1: 0.8722, Precision: 0.9868, Recall: 0.7844
2025-10-22 15:04:42,552 - INFO - Epoch 28 - Train Loss: 0.0448, IoU: 0.7646, Dice: 0.8655, F1: 0.8655, Precision: 0.9686, Recall: 0.7845
2025-10-22 15:05:28,770 - INFO - Epoch 28 - Val Loss: 0.0483, IoU: 0.7798, Dice: 0.8746, F1: 0.8746, Precision: 0.9729, Recall: 0.7972
2025-10-22 15:15:04,313 - INFO - Epoch 29 - Train Loss: 0.0449, IoU: 0.7665, Dice: 0.8666, F1: 0.8666, Precision: 0.9685, Recall: 0.7865
2025-10-22 15:15:50,508 - INFO - Epoch 29 - Val Loss: 0.0479, IoU: 0.7634, Dice: 0.8639, F1: 0.8639, Precision: 0.9855, Recall: 0.7721
2025-10-22 15:25:25,475 - INFO - Epoch 30 - Train Loss: 0.0445, IoU: 0.7644, Dice: 0.8651, F1: 0.8651, Precision: 0.9679, Recall: 0.7847
2025-10-22 15:26:11,712 - INFO - Epoch 30 - Val Loss: 0.0481, IoU: 0.7854, Dice: 0.8781, F1: 0.8781, Precision: 0.9784, Recall: 0.7994
2025-10-22 15:35:46,403 - INFO - Epoch 31 - Train Loss: 0.0678, IoU: 0.7785, Dice: 0.8743, F1: 0.8743, Precision: 0.9615, Recall: 0.8044
2025-10-22 15:36:32,628 - INFO - Epoch 31 - Val Loss: 0.0609, IoU: 0.8170, Dice: 0.8982, F1: 0.8982, Precision: 0.9774, Recall: 0.8327
2025-10-22 15:46:07,386 - INFO - Epoch 32 - Train Loss: 0.0661, IoU: 0.8044, Dice: 0.8908, F1: 0.8908, Precision: 0.9535, Recall: 0.8383
2025-10-22 15:46:53,651 - INFO - Epoch 32 - Val Loss: 0.0556, IoU: 0.8204, Dice: 0.9005, F1: 0.9005, Precision: 0.9759, Recall: 0.8372
2025-10-22 15:56:28,319 - INFO - Epoch 33 - Train Loss: 0.0603, IoU: 0.7962, Dice: 0.8857, F1: 0.8857, Precision: 0.9589, Recall: 0.8250
2025-10-22 15:57:14,506 - INFO - Epoch 33 - Val Loss: 0.0569, IoU: 0.7852, Dice: 0.8783, F1: 0.8783, Precision: 0.9861, Recall: 0.7939
2025-10-22 16:06:49,407 - INFO - Epoch 34 - Train Loss: 0.0592, IoU: 0.7988, Dice: 0.8873, F1: 0.8873, Precision: 0.9616, Recall: 0.8259
2025-10-22 16:07:35,758 - INFO - Epoch 34 - Val Loss: 0.0542, IoU: 0.8176, Dice: 0.8984, F1: 0.8984, Precision: 0.9780, Recall: 0.8329
2025-10-22 16:17:10,602 - INFO - Epoch 35 - Train Loss: 0.0589, IoU: 0.8120, Dice: 0.8955, F1: 0.8955, Precision: 0.9592, Recall: 0.8420
2025-10-22 16:17:56,842 - INFO - Epoch 35 - Val Loss: 0.0545, IoU: 0.8103, Dice: 0.8941, F1: 0.8941, Precision: 0.9851, Recall: 0.8203
2025-10-22 16:27:31,828 - INFO - Epoch 36 - Train Loss: 0.0600, IoU: 0.8269, Dice: 0.9046, F1: 0.9046, Precision: 0.9532, Recall: 0.8630
2025-10-22 16:28:18,074 - INFO - Epoch 36 - Val Loss: 0.0560, IoU: 0.8497, Dice: 0.9180, F1: 0.9180, Precision: 0.9813, Recall: 0.8636
2025-10-22 16:28:24,926 - INFO - ✅ Mejor modelo guardado en checkpoints/aisegment_20pct_optimized/best_segmentation.pth (IoU: 0.8497)
2025-10-22 16:37:59,705 - INFO - Epoch 37 - Train Loss: 0.0595, IoU: 0.8267, Dice: 0.9045, F1: 0.9045, Precision: 0.9559, Recall: 0.8606
2025-10-22 16:38:46,045 - INFO - Epoch 37 - Val Loss: 0.0546, IoU: 0.8356, Dice: 0.9095, F1: 0.9095, Precision: 0.9841, Recall: 0.8470
2025-10-22 16:48:19,697 - INFO - Epoch 38 - Train Loss: 0.0555, IoU: 0.8189, Dice: 0.8996, F1: 0.8996, Precision: 0.9604, Recall: 0.8482
2025-10-22 16:49:06,001 - INFO - Epoch 38 - Val Loss: 0.0518, IoU: 0.8266, Dice: 0.9039, F1: 0.9039, Precision: 0.9797, Recall: 0.8411
2025-10-22 16:58:40,288 - INFO - Epoch 39 - Train Loss: 0.0550, IoU: 0.8062, Dice: 0.8919, F1: 0.8919, Precision: 0.9630, Recall: 0.8327
2025-10-22 16:59:26,746 - INFO - Epoch 39 - Val Loss: 0.0521, IoU: 0.8591, Dice: 0.9235, F1: 0.9235, Precision: 0.9744, Recall: 0.8791
2025-10-22 16:59:33,559 - INFO - ✅ Mejor modelo guardado en checkpoints/aisegment_20pct_optimized/best_segmentation.pth (IoU: 0.8591)
2025-10-22 17:09:07,713 - INFO - Epoch 40 - Train Loss: 0.0544, IoU: 0.8320, Dice: 0.9077, F1: 0.9077, Precision: 0.9555, Recall: 0.8665
2025-10-22 17:09:53,898 - INFO - Epoch 40 - Val Loss: 0.0528, IoU: 0.8560, Dice: 0.9216, F1: 0.9216, Precision: 0.9818, Recall: 0.8697
2025-10-22 17:19:26,857 - INFO - Epoch 41 - Train Loss: 0.0556, IoU: 0.8218, Dice: 0.9013, F1: 0.9013, Precision: 0.9632, Recall: 0.8491
2025-10-22 17:20:13,084 - INFO - Epoch 41 - Val Loss: 0.0521, IoU: 0.8391, Dice: 0.9115, F1: 0.9115, Precision: 0.9796, Recall: 0.8539
2025-10-22 17:29:46,085 - INFO - Epoch 42 - Train Loss: 0.0538, IoU: 0.8271, Dice: 0.9046, F1: 0.9046, Precision: 0.9604, Recall: 0.8572
2025-10-22 17:30:32,323 - INFO - Epoch 42 - Val Loss: 0.0526, IoU: 0.8186, Dice: 0.8991, F1: 0.8991, Precision: 0.9843, Recall: 0.8293
2025-10-22 17:40:05,921 - INFO - Epoch 43 - Train Loss: 0.0533, IoU: 0.8292, Dice: 0.9059, F1: 0.9059, Precision: 0.9595, Recall: 0.8603
2025-10-22 17:40:52,129 - INFO - Epoch 43 - Val Loss: 0.0539, IoU: 0.8424, Dice: 0.9135, F1: 0.9135, Precision: 0.9738, Recall: 0.8619
2025-10-22 17:50:26,355 - INFO - Epoch 44 - Train Loss: 0.0520, IoU: 0.8364, Dice: 0.9102, F1: 0.9102, Precision: 0.9592, Recall: 0.8680
2025-10-22 17:51:12,548 - INFO - Epoch 44 - Val Loss: 0.0519, IoU: 0.8417, Dice: 0.9131, F1: 0.9131, Precision: 0.9847, Recall: 0.8529
2025-10-22 18:00:46,082 - INFO - Epoch 45 - Train Loss: 0.0512, IoU: 0.8416, Dice: 0.9133, F1: 0.9133, Precision: 0.9577, Recall: 0.8752
2025-10-22 18:01:32,438 - INFO - Epoch 45 - Val Loss: 0.0534, IoU: 0.8992, Dice: 0.9466, F1: 0.9466, Precision: 0.9723, Recall: 0.9229
2025-10-22 18:01:39,210 - INFO - ✅ Mejor modelo guardado en checkpoints/aisegment_20pct_optimized/best_segmentation.pth (IoU: 0.8992)
2025-10-22 18:11:11,859 - INFO - Epoch 46 - Train Loss: 0.0505, IoU: 0.8539, Dice: 0.9206, F1: 0.9206, Precision: 0.9545, Recall: 0.8911
2025-10-22 18:11:58,063 - INFO - Epoch 46 - Val Loss: 0.0505, IoU: 0.9138, Dice: 0.9548, F1: 0.9548, Precision: 0.9639, Recall: 0.9461
2025-10-22 18:12:04,953 - INFO - ✅ Mejor modelo guardado en checkpoints/aisegment_20pct_optimized/best_segmentation.pth (IoU: 0.9138)
2025-10-22 18:21:37,044 - INFO - Epoch 47 - Train Loss: 0.0492, IoU: 0.8680, Dice: 0.9289, F1: 0.9289, Precision: 0.9405, Recall: 0.9197
2025-10-22 18:22:23,254 - INFO - Epoch 47 - Val Loss: 0.0507, IoU: 0.9015, Dice: 0.9480, F1: 0.9480, Precision: 0.9615, Recall: 0.9352
2025-10-22 18:31:56,885 - INFO - Epoch 48 - Train Loss: 0.0493, IoU: 0.8672, Dice: 0.9284, F1: 0.9284, Precision: 0.9346, Recall: 0.9246
2025-10-22 18:32:43,082 - INFO - Epoch 48 - Val Loss: 0.0496, IoU: 0.8940, Dice: 0.9437, F1: 0.9437, Precision: 0.9649, Recall: 0.9240
2025-10-22 18:42:15,958 - INFO - Epoch 49 - Train Loss: 0.0488, IoU: 0.8621, Dice: 0.9255, F1: 0.9255, Precision: 0.9389, Recall: 0.9147
2025-10-22 18:43:02,181 - INFO - Epoch 49 - Val Loss: 0.0525, IoU: 0.8869, Dice: 0.9397, F1: 0.9397, Precision: 0.9572, Recall: 0.9234
2025-10-22 18:52:35,162 - INFO - Epoch 50 - Train Loss: 0.0476, IoU: 0.8618, Dice: 0.9253, F1: 0.9253, Precision: 0.9396, Recall: 0.9136
2025-10-22 18:53:21,367 - INFO - Epoch 50 - Val Loss: 0.0518, IoU: 0.8927, Dice: 0.9429, F1: 0.9429, Precision: 0.9699, Recall: 0.9180
2025-10-22 18:53:21,367 - INFO - 🎉 Entrenamiento completado!
2025-10-22 18:53:21,367 - INFO - 
📊 Métricas de Eficiencia del Modelo:
2025-10-22 18:53:23,712 - INFO -   • Parámetros totales: 450.76M (450,762,867)
2025-10-22 18:53:23,712 - INFO -   • Parámetros entrenables: 450.76M (450,762,867)
2025-10-22 18:53:23,712 - INFO -   • FPS (Frames por segundo): 26.58
2025-10-22 18:53:23,712 - INFO -   • Tiempo promedio por imagen: 37.62 ± 0.09 ms
2025-10-22 18:53:23,712 - INFO -   • Memoria GPU pico: 7508.27 MB
2025-10-22 18:53:23,712 - INFO -   • Memoria GPU asignada: 6895.27 MB
