2025-06-08 16:18:26,467 - INFO - Iniciando sistema de entrenamiento U-Net Autoencoder
2025-06-08 16:18:26,467 - INFO - Dispositivo: cuda
2025-06-08 16:18:26,467 - INFO - Encontrados 13 subdirectorios de dataset: ['ds6', 'ds13', 'ds2', 'ds5', 'ds11', 'ds12', 'ds9', 'ds4', 'ds1', 'ds3', 'ds8', 'ds10', 'ds7']
2025-06-08 16:18:26,467 - INFO - Procesando directorio: ds6
2025-06-08 16:18:26,467 - INFO -   - Imágenes encontradas: 50
2025-06-08 16:18:26,467 - INFO -   - Anotaciones encontradas: 50
2025-06-08 16:18:26,467 - INFO -   - Pares válidos creados: 50
2025-06-08 16:18:26,467 - INFO - Procesando directorio: ds13
2025-06-08 16:18:26,467 - INFO -   - Imágenes encontradas: 33
2025-06-08 16:18:26,467 - INFO -   - Anotaciones encontradas: 33
2025-06-08 16:18:26,468 - INFO -   - Pares válidos creados: 33
2025-06-08 16:18:26,468 - INFO - Procesando directorio: ds2
2025-06-08 16:18:26,468 - INFO -   - Imágenes encontradas: 50
2025-06-08 16:18:26,468 - INFO -   - Anotaciones encontradas: 50
2025-06-08 16:18:26,468 - INFO -   - Pares válidos creados: 50
2025-06-08 16:18:26,468 - INFO - Procesando directorio: ds5
2025-06-08 16:18:26,468 - INFO -   - Imágenes encontradas: 50
2025-06-08 16:18:26,468 - INFO -   - Anotaciones encontradas: 50
2025-06-08 16:18:26,469 - INFO -   - Pares válidos creados: 50
2025-06-08 16:18:26,469 - INFO - Procesando directorio: ds11
2025-06-08 16:18:26,469 - INFO -   - Imágenes encontradas: 50
2025-06-08 16:18:26,469 - INFO -   - Anotaciones encontradas: 50
2025-06-08 16:18:26,469 - INFO -   - Pares válidos creados: 50
2025-06-08 16:18:26,469 - INFO - Procesando directorio: ds12
2025-06-08 16:18:26,469 - INFO -   - Imágenes encontradas: 33
2025-06-08 16:18:26,469 - INFO -   - Anotaciones encontradas: 33
2025-06-08 16:18:26,470 - INFO -   - Pares válidos creados: 33
2025-06-08 16:18:26,470 - INFO - Procesando directorio: ds9
2025-06-08 16:18:26,470 - INFO -   - Imágenes encontradas: 50
2025-06-08 16:18:26,470 - INFO -   - Anotaciones encontradas: 50
2025-06-08 16:18:26,470 - INFO -   - Pares válidos creados: 50
2025-06-08 16:18:26,470 - INFO - Procesando directorio: ds4
2025-06-08 16:18:26,470 - INFO -   - Imágenes encontradas: 50
2025-06-08 16:18:26,470 - INFO -   - Anotaciones encontradas: 50
2025-06-08 16:18:26,471 - INFO -   - Pares válidos creados: 50
2025-06-08 16:18:26,471 - INFO - Procesando directorio: ds1
2025-06-08 16:18:26,471 - INFO -   - Imágenes encontradas: 50
2025-06-08 16:18:26,471 - INFO -   - Anotaciones encontradas: 50
2025-06-08 16:18:26,471 - INFO -   - Pares válidos creados: 50
2025-06-08 16:18:26,471 - INFO - Procesando directorio: ds3
2025-06-08 16:18:26,471 - INFO -   - Imágenes encontradas: 50
2025-06-08 16:18:26,471 - INFO -   - Anotaciones encontradas: 50
2025-06-08 16:18:26,472 - INFO -   - Pares válidos creados: 50
2025-06-08 16:18:26,472 - INFO - Procesando directorio: ds8
2025-06-08 16:18:26,472 - INFO -   - Imágenes encontradas: 50
2025-06-08 16:18:26,472 - INFO -   - Anotaciones encontradas: 50
2025-06-08 16:18:26,472 - INFO -   - Pares válidos creados: 50
2025-06-08 16:18:26,472 - INFO - Procesando directorio: ds10
2025-06-08 16:18:26,472 - INFO -   - Imágenes encontradas: 29
2025-06-08 16:18:26,472 - INFO -   - Anotaciones encontradas: 29
2025-06-08 16:18:26,472 - INFO -   - Pares válidos creados: 29
2025-06-08 16:18:26,472 - INFO - Procesando directorio: ds7
2025-06-08 16:18:26,472 - INFO -   - Imágenes encontradas: 50
2025-06-08 16:18:26,472 - INFO -   - Anotaciones encontradas: 50
2025-06-08 16:18:26,473 - INFO -   - Pares válidos creados: 50
2025-06-08 16:18:26,473 - INFO - Total de imágenes emparejadas encontradas: 595
2025-06-08 16:18:26,475 - INFO - Dataset cargado: 476 train, 119 val
2025-06-08 16:18:26,475 - INFO - Inicializando modelo U-Net Autoencoder...
2025-06-08 16:18:26,825 - INFO - Parámetros totales: 48,116,307
2025-06-08 16:18:26,825 - INFO - Parámetros entrenables: 48,116,307
2025-06-08 16:18:26,932 - INFO - Iniciando entrenamiento...
2025-06-08 16:18:26,932 - INFO - Configuración: {'batch_size': 32, 'learning_rate': 0.00015, 'weight_decay': 1e-06, 'num_epochs': 200, 'image_size': 384, 'device': 'cuda', 'num_workers': 12, 'pin_memory': True, 'mixed_precision': True, 'use_data_parallel': True}
2025-06-08 16:18:26,932 - INFO - 
Época 1/200
2025-06-08 16:18:29,612 - INFO - Batch 0/14: Loss: 1.5754, IoU: 0.1390, Dice: 0.2441
2025-06-08 16:18:33,715 - INFO - Batch 10/14: Loss: 1.2096, IoU: 0.5346, Dice: 0.6967
2025-06-08 16:18:36,620 - INFO - Train - Loss: 1.3516, IoU: 0.3732, Dice: 0.5302
2025-06-08 16:18:36,620 - INFO - Val   - Loss: 1.4521, IoU: 0.0000, Dice: 0.0000
2025-06-08 16:18:37,060 - INFO - 
Época 2/200
2025-06-08 16:18:38,696 - INFO - Batch 0/14: Loss: 0.9839, IoU: 0.6818, Dice: 0.8108
2025-06-08 16:18:42,820 - INFO - Batch 10/14: Loss: 1.0940, IoU: 0.5545, Dice: 0.7134
2025-06-08 16:18:45,738 - INFO - Train - Loss: 1.1317, IoU: 0.5371, Dice: 0.6954
2025-06-08 16:18:45,738 - INFO - Val   - Loss: 1.2034, IoU: 0.5708, Dice: 0.7206
2025-06-08 16:18:46,780 - INFO - ¡Nuevo mejor modelo! IoU: 0.5708
2025-06-08 16:18:46,780 - INFO - 
Época 3/200
2025-06-08 16:18:48,401 - INFO - Batch 0/14: Loss: 1.0714, IoU: 0.5720, Dice: 0.7278
2025-06-08 16:18:52,523 - INFO - Batch 10/14: Loss: 1.0268, IoU: 0.6324, Dice: 0.7748
2025-06-08 16:18:55,454 - INFO - Train - Loss: 1.0268, IoU: 0.6068, Dice: 0.7530
2025-06-08 16:18:55,454 - INFO - Val   - Loss: 1.1420, IoU: 0.5515, Dice: 0.7046
2025-06-08 16:18:56,101 - INFO - 
Época 4/200
2025-06-08 16:18:57,469 - INFO - Batch 0/14: Loss: 0.9881, IoU: 0.6449, Dice: 0.7841
2025-06-08 16:19:01,621 - INFO - Batch 10/14: Loss: 0.9388, IoU: 0.6829, Dice: 0.8116
2025-06-08 16:19:04,566 - INFO - Train - Loss: 0.9751, IoU: 0.6341, Dice: 0.7743
2025-06-08 16:19:04,566 - INFO - Val   - Loss: 0.9664, IoU: 0.5900, Dice: 0.7333
2025-06-08 16:19:05,841 - INFO - ¡Nuevo mejor modelo! IoU: 0.5900
2025-06-08 16:19:05,841 - INFO - 
Época 5/200
2025-06-08 16:19:07,110 - INFO - Batch 0/14: Loss: 1.0631, IoU: 0.5105, Dice: 0.6759
2025-06-08 16:19:11,280 - INFO - Batch 10/14: Loss: 0.9241, IoU: 0.6998, Dice: 0.8234
2025-06-08 16:19:14,251 - INFO - Train - Loss: 0.9460, IoU: 0.6439, Dice: 0.7803
2025-06-08 16:19:14,251 - INFO - Val   - Loss: 0.9464, IoU: 0.5993, Dice: 0.7429
2025-06-08 16:19:15,513 - INFO - ¡Nuevo mejor modelo! IoU: 0.5993
2025-06-08 16:19:15,513 - INFO - 
Época 6/200
2025-06-08 16:19:16,959 - INFO - Batch 0/14: Loss: 0.8791, IoU: 0.7414, Dice: 0.8515
2025-06-08 16:19:21,151 - INFO - Batch 10/14: Loss: 0.9455, IoU: 0.6905, Dice: 0.8169
2025-06-08 16:19:24,116 - INFO - Train - Loss: 0.9026, IoU: 0.7067, Dice: 0.8274
2025-06-08 16:19:24,116 - INFO - Val   - Loss: 0.9352, IoU: 0.5958, Dice: 0.7395
2025-06-08 16:19:24,773 - INFO - 
Época 7/200
2025-06-08 16:19:26,113 - INFO - Batch 0/14: Loss: 0.8470, IoU: 0.7501, Dice: 0.8572
2025-06-08 16:19:30,318 - INFO - Batch 10/14: Loss: 0.8219, IoU: 0.7459, Dice: 0.8545
2025-06-08 16:19:33,274 - INFO - Train - Loss: 0.8797, IoU: 0.7163, Dice: 0.8311
2025-06-08 16:19:33,274 - INFO - Val   - Loss: 0.9297, IoU: 0.6154, Dice: 0.7522
2025-06-08 16:19:34,524 - INFO - ¡Nuevo mejor modelo! IoU: 0.6154
2025-06-08 16:19:34,525 - INFO - 
Época 8/200
2025-06-08 16:19:36,022 - INFO - Batch 0/14: Loss: 0.8534, IoU: 0.7355, Dice: 0.8476
2025-06-08 16:19:40,238 - INFO - Batch 10/14: Loss: 0.7336, IoU: 0.8475, Dice: 0.9174
2025-06-08 16:19:43,198 - INFO - Train - Loss: 0.8603, IoU: 0.7463, Dice: 0.8524
2025-06-08 16:19:43,198 - INFO - Val   - Loss: 0.9366, IoU: 0.6231, Dice: 0.7603
2025-06-08 16:19:44,463 - INFO - ¡Nuevo mejor modelo! IoU: 0.6231
2025-06-08 16:19:44,463 - INFO - 
Época 9/200
2025-06-08 16:19:45,813 - INFO - Batch 0/14: Loss: 0.7445, IoU: 0.8223, Dice: 0.9025
2025-06-08 16:19:50,239 - INFO - Batch 10/14: Loss: 0.8633, IoU: 0.7131, Dice: 0.8325
2025-06-08 16:19:53,202 - INFO - Train - Loss: 0.8507, IoU: 0.7487, Dice: 0.8550
2025-06-08 16:19:53,203 - INFO - Val   - Loss: 0.9386, IoU: 0.6193, Dice: 0.7566
2025-06-08 16:19:53,879 - INFO - 
Época 10/200
2025-06-08 16:19:55,513 - INFO - Batch 0/14: Loss: 0.8302, IoU: 0.7898, Dice: 0.8826
2025-06-08 16:19:59,763 - INFO - Batch 10/14: Loss: 0.8661, IoU: 0.7703, Dice: 0.8703
2025-06-08 16:20:02,736 - INFO - Train - Loss: 0.8402, IoU: 0.7664, Dice: 0.8661
2025-06-08 16:20:02,736 - INFO - Val   - Loss: 0.9345, IoU: 0.6279, Dice: 0.7630
2025-06-08 16:20:03,998 - INFO - ¡Nuevo mejor modelo! IoU: 0.6279
2025-06-08 16:20:03,998 - INFO - 
Época 11/200
2025-06-08 16:20:05,762 - INFO - Batch 0/14: Loss: 0.8226, IoU: 0.7906, Dice: 0.8830
2025-06-08 16:20:10,035 - INFO - Batch 10/14: Loss: 0.8035, IoU: 0.7910, Dice: 0.8833
2025-06-08 16:20:13,009 - INFO - Train - Loss: 0.8270, IoU: 0.7617, Dice: 0.8636
2025-06-08 16:20:13,009 - INFO - Val   - Loss: 0.9160, IoU: 0.6262, Dice: 0.7627
2025-06-08 16:20:13,686 - INFO - 
Época 12/200
2025-06-08 16:20:15,328 - INFO - Batch 0/14: Loss: 0.8363, IoU: 0.7171, Dice: 0.8352
2025-06-08 16:20:19,610 - INFO - Batch 10/14: Loss: 0.7709, IoU: 0.7528, Dice: 0.8590
2025-06-08 16:20:22,601 - INFO - Train - Loss: 0.8523, IoU: 0.7049, Dice: 0.8241
2025-06-08 16:20:22,601 - INFO - Val   - Loss: 0.9964, IoU: 0.5649, Dice: 0.7152
2025-06-08 16:20:23,282 - INFO - 
Época 13/200
2025-06-08 16:20:24,964 - INFO - Batch 0/14: Loss: 0.7771, IoU: 0.8276, Dice: 0.9057
2025-06-08 16:20:29,258 - INFO - Batch 10/14: Loss: 0.7865, IoU: 0.7527, Dice: 0.8589
2025-06-08 16:20:32,242 - INFO - Train - Loss: 0.8095, IoU: 0.7482, Dice: 0.8528
2025-06-08 16:20:32,242 - INFO - Val   - Loss: 0.9244, IoU: 0.6095, Dice: 0.7526
2025-06-08 16:20:32,903 - INFO - 
Época 14/200
2025-06-08 16:20:34,359 - INFO - Batch 0/14: Loss: 0.7498, IoU: 0.7930, Dice: 0.8845
2025-06-08 16:20:38,661 - INFO - Batch 10/14: Loss: 0.7496, IoU: 0.8086, Dice: 0.8942
2025-06-08 16:20:41,657 - INFO - Train - Loss: 0.7816, IoU: 0.7675, Dice: 0.8677
2025-06-08 16:20:41,657 - INFO - Val   - Loss: 0.9052, IoU: 0.5706, Dice: 0.7214
2025-06-08 16:20:42,337 - INFO - 
Época 15/200
2025-06-08 16:20:44,068 - INFO - Batch 0/14: Loss: 0.6821, IoU: 0.8420, Dice: 0.9142
2025-06-08 16:20:48,378 - INFO - Batch 10/14: Loss: 0.6492, IoU: 0.8531, Dice: 0.9207
2025-06-08 16:20:51,361 - INFO - Train - Loss: 0.7767, IoU: 0.7420, Dice: 0.8468
2025-06-08 16:20:51,361 - INFO - Val   - Loss: 0.9771, IoU: 0.4772, Dice: 0.6381
2025-06-08 16:20:52,038 - INFO - 
Época 16/200
2025-06-08 16:20:53,679 - INFO - Batch 0/14: Loss: 0.6665, IoU: 0.8393, Dice: 0.9127
2025-06-08 16:20:57,996 - INFO - Batch 10/14: Loss: 0.8204, IoU: 0.7092, Dice: 0.8299
2025-06-08 16:21:01,340 - INFO - Train - Loss: 0.7520, IoU: 0.7798, Dice: 0.8739
2025-06-08 16:21:01,340 - INFO - Val   - Loss: 0.9545, IoU: 0.6043, Dice: 0.7482
2025-06-08 16:21:02,315 - INFO - 
Época 17/200
2025-06-08 16:21:04,560 - INFO - Batch 0/14: Loss: 0.7021, IoU: 0.8599, Dice: 0.9247
2025-06-08 16:21:08,879 - INFO - Batch 10/14: Loss: 0.6261, IoU: 0.8742, Dice: 0.9329
2025-06-08 16:21:12,014 - INFO - Train - Loss: 0.7146, IoU: 0.8099, Dice: 0.8942
2025-06-08 16:21:12,014 - INFO - Val   - Loss: 0.8289, IoU: 0.6325, Dice: 0.7708
2025-06-08 16:21:13,249 - INFO - ¡Nuevo mejor modelo! IoU: 0.6325
2025-06-08 16:21:13,249 - INFO - 
Época 18/200
2025-06-08 16:21:14,942 - INFO - Batch 0/14: Loss: 0.7668, IoU: 0.7380, Dice: 0.8492
2025-06-08 16:21:19,254 - INFO - Batch 10/14: Loss: 0.6973, IoU: 0.8220, Dice: 0.9023
2025-06-08 16:21:22,327 - INFO - Train - Loss: 0.7056, IoU: 0.8101, Dice: 0.8943
2025-06-08 16:21:22,327 - INFO - Val   - Loss: 0.8451, IoU: 0.6073, Dice: 0.7479
2025-06-08 16:21:23,005 - INFO - 
Época 19/200
2025-06-08 16:21:24,370 - INFO - Batch 0/14: Loss: 0.7513, IoU: 0.7751, Dice: 0.8733
2025-06-08 16:21:28,712 - INFO - Batch 10/14: Loss: 0.6832, IoU: 0.8378, Dice: 0.9117
2025-06-08 16:21:31,791 - INFO - Train - Loss: 0.6937, IoU: 0.8270, Dice: 0.9044
2025-06-08 16:21:31,792 - INFO - Val   - Loss: 0.8498, IoU: 0.5701, Dice: 0.7177
2025-06-08 16:21:32,496 - INFO - 
Época 20/200
2025-06-08 16:21:33,929 - INFO - Batch 0/14: Loss: 0.6386, IoU: 0.8342, Dice: 0.9096
2025-06-08 16:21:38,268 - INFO - Batch 10/14: Loss: 0.5943, IoU: 0.9000, Dice: 0.9474
2025-06-08 16:21:41,343 - INFO - Train - Loss: 0.6814, IoU: 0.8149, Dice: 0.8962
2025-06-08 16:21:41,343 - INFO - Val   - Loss: 0.8355, IoU: 0.6117, Dice: 0.7515
2025-06-08 16:21:42,055 - INFO - 
Época 21/200
2025-06-08 16:21:43,725 - INFO - Batch 0/14: Loss: 0.6551, IoU: 0.8319, Dice: 0.9082
2025-06-08 16:21:48,057 - INFO - Batch 10/14: Loss: 0.6539, IoU: 0.8504, Dice: 0.9192
2025-06-08 16:21:51,211 - INFO - Train - Loss: 0.6810, IoU: 0.7979, Dice: 0.8852
2025-06-08 16:21:51,211 - INFO - Val   - Loss: 0.8201, IoU: 0.5994, Dice: 0.7451
2025-06-08 16:21:51,930 - INFO - 
Época 22/200
2025-06-08 16:21:53,774 - INFO - Batch 0/14: Loss: 0.6859, IoU: 0.8448, Dice: 0.9158
2025-06-08 16:21:58,120 - INFO - Batch 10/14: Loss: 0.7929, IoU: 0.6540, Dice: 0.7908
2025-06-08 16:22:01,199 - INFO - Train - Loss: 0.6585, IoU: 0.8219, Dice: 0.9011
2025-06-08 16:22:01,200 - INFO - Val   - Loss: 0.8251, IoU: 0.6053, Dice: 0.7485
2025-06-08 16:22:01,919 - INFO - 
Época 23/200
2025-06-08 16:22:03,655 - INFO - Batch 0/14: Loss: 0.6595, IoU: 0.8518, Dice: 0.9200
2025-06-08 16:22:07,977 - INFO - Batch 10/14: Loss: 0.8011, IoU: 0.7215, Dice: 0.8382
2025-06-08 16:22:11,041 - INFO - Train - Loss: 0.6494, IoU: 0.8388, Dice: 0.9110
2025-06-08 16:22:11,042 - INFO - Val   - Loss: 0.8347, IoU: 0.5851, Dice: 0.7318
2025-06-08 16:22:11,763 - INFO - 
Época 24/200
2025-06-08 16:22:13,590 - INFO - Batch 0/14: Loss: 0.7332, IoU: 0.8278, Dice: 0.9058
2025-06-08 16:22:17,916 - INFO - Batch 10/14: Loss: 0.5902, IoU: 0.9011, Dice: 0.9480
2025-06-08 16:22:21,027 - INFO - Train - Loss: 0.6280, IoU: 0.8635, Dice: 0.9264
2025-06-08 16:22:21,028 - INFO - Val   - Loss: 0.8018, IoU: 0.6161, Dice: 0.7558
2025-06-08 16:22:21,859 - INFO - 
Época 25/200
2025-06-08 16:22:23,978 - INFO - Batch 0/14: Loss: 0.6958, IoU: 0.8074, Dice: 0.8935
2025-06-08 16:22:28,324 - INFO - Batch 10/14: Loss: 0.5347, IoU: 0.9038, Dice: 0.9495
2025-06-08 16:22:31,411 - INFO - Train - Loss: 0.6359, IoU: 0.8417, Dice: 0.9130
2025-06-08 16:22:31,411 - INFO - Val   - Loss: 0.7823, IoU: 0.6379, Dice: 0.7725
2025-06-08 16:22:32,776 - INFO - ¡Nuevo mejor modelo! IoU: 0.6379
2025-06-08 16:22:32,776 - INFO - 
Época 26/200
2025-06-08 16:22:34,397 - INFO - Batch 0/14: Loss: 0.7518, IoU: 0.7574, Dice: 0.8620
2025-06-08 16:22:39,151 - INFO - Batch 10/14: Loss: 0.5928, IoU: 0.8787, Dice: 0.9355
2025-06-08 16:22:42,241 - INFO - Train - Loss: 0.6230, IoU: 0.8593, Dice: 0.9236
2025-06-08 16:22:42,241 - INFO - Val   - Loss: 0.7843, IoU: 0.6361, Dice: 0.7711
2025-06-08 16:22:42,959 - INFO - 
Época 27/200
2025-06-08 16:22:44,406 - INFO - Batch 0/14: Loss: 0.5006, IoU: 0.8833, Dice: 0.9381
2025-06-08 16:22:48,746 - INFO - Batch 10/14: Loss: 0.5518, IoU: 0.8992, Dice: 0.9469
2025-06-08 16:22:51,783 - INFO - Train - Loss: 0.6231, IoU: 0.8598, Dice: 0.9239
2025-06-08 16:22:51,783 - INFO - Val   - Loss: 0.7745, IoU: 0.6385, Dice: 0.7731
2025-06-08 16:22:53,039 - INFO - ¡Nuevo mejor modelo! IoU: 0.6385
2025-06-08 16:22:53,039 - INFO - 
Época 28/200
2025-06-08 16:22:54,492 - INFO - Batch 0/14: Loss: 0.5816, IoU: 0.8902, Dice: 0.9419
2025-06-08 16:22:59,102 - INFO - Batch 10/14: Loss: 0.6032, IoU: 0.8734, Dice: 0.9324
2025-06-08 16:23:02,097 - INFO - Train - Loss: 0.6105, IoU: 0.8744, Dice: 0.9327
2025-06-08 16:23:02,097 - INFO - Val   - Loss: 0.7767, IoU: 0.6373, Dice: 0.7716
2025-06-08 16:23:02,768 - INFO - 
Época 29/200
2025-06-08 16:23:04,431 - INFO - Batch 0/14: Loss: 0.5975, IoU: 0.8495, Dice: 0.9186
2025-06-08 16:23:08,759 - INFO - Batch 10/14: Loss: 0.6015, IoU: 0.8919, Dice: 0.9429
2025-06-08 16:23:11,753 - INFO - Train - Loss: 0.6117, IoU: 0.8632, Dice: 0.9262
2025-06-08 16:23:11,753 - INFO - Val   - Loss: 0.7761, IoU: 0.6385, Dice: 0.7725
2025-06-08 16:23:12,425 - INFO - 
Época 30/200
2025-06-08 16:23:14,244 - INFO - Batch 0/14: Loss: 0.5558, IoU: 0.9111, Dice: 0.9535
2025-06-08 16:23:18,595 - INFO - Batch 10/14: Loss: 0.6795, IoU: 0.7838, Dice: 0.8788
2025-06-08 16:23:21,590 - INFO - Train - Loss: 0.6094, IoU: 0.8713, Dice: 0.9305
2025-06-08 16:23:21,590 - INFO - Val   - Loss: 0.7749, IoU: 0.6429, Dice: 0.7763
2025-06-08 16:23:22,842 - INFO - ¡Nuevo mejor modelo! IoU: 0.6429
2025-06-08 16:23:22,842 - INFO - 
Época 31/200
2025-06-08 16:23:24,155 - INFO - Batch 0/14: Loss: 0.5537, IoU: 0.8765, Dice: 0.9342
2025-06-08 16:23:28,495 - INFO - Batch 10/14: Loss: 0.6172, IoU: 0.8828, Dice: 0.9377
2025-06-08 16:23:31,500 - INFO - Train - Loss: 0.6000, IoU: 0.8720, Dice: 0.9311
2025-06-08 16:23:31,500 - INFO - Val   - Loss: 0.7841, IoU: 0.6396, Dice: 0.7749
2025-06-08 16:23:32,155 - INFO - 
Época 32/200
2025-06-08 16:23:33,493 - INFO - Batch 0/14: Loss: 0.7787, IoU: 0.6974, Dice: 0.8217
2025-06-08 16:23:37,830 - INFO - Batch 10/14: Loss: 0.4936, IoU: 0.9146, Dice: 0.9554
2025-06-08 16:23:40,818 - INFO - Train - Loss: 0.5955, IoU: 0.8480, Dice: 0.9165
2025-06-08 16:23:40,819 - INFO - Val   - Loss: 0.8005, IoU: 0.6417, Dice: 0.7747
2025-06-08 16:23:41,490 - INFO - 
Época 33/200
2025-06-08 16:23:43,137 - INFO - Batch 0/14: Loss: 0.5210, IoU: 0.8847, Dice: 0.9388
2025-06-08 16:23:47,467 - INFO - Batch 10/14: Loss: 0.6390, IoU: 0.8389, Dice: 0.9124
2025-06-08 16:23:50,474 - INFO - Train - Loss: 0.6090, IoU: 0.8204, Dice: 0.9001
2025-06-08 16:23:50,474 - INFO - Val   - Loss: 0.8175, IoU: 0.5676, Dice: 0.7135
2025-06-08 16:23:51,148 - INFO - 
Época 34/200
2025-06-08 16:23:52,986 - INFO - Batch 0/14: Loss: 0.5614, IoU: 0.8993, Dice: 0.9470
2025-06-08 16:23:57,342 - INFO - Batch 10/14: Loss: 0.5642, IoU: 0.8262, Dice: 0.9048
2025-06-08 16:24:00,344 - INFO - Train - Loss: 0.5847, IoU: 0.8291, Dice: 0.9058
2025-06-08 16:24:00,345 - INFO - Val   - Loss: 0.7498, IoU: 0.6550, Dice: 0.7860
2025-06-08 16:24:01,617 - INFO - ¡Nuevo mejor modelo! IoU: 0.6550
2025-06-08 16:24:01,617 - INFO - 
Época 35/200
2025-06-08 16:24:03,183 - INFO - Batch 0/14: Loss: 0.6096, IoU: 0.8181, Dice: 0.8999
2025-06-08 16:24:07,538 - INFO - Batch 10/14: Loss: 0.5237, IoU: 0.9111, Dice: 0.9535
2025-06-08 16:24:10,542 - INFO - Train - Loss: 0.5767, IoU: 0.8330, Dice: 0.9072
2025-06-08 16:24:10,542 - INFO - Val   - Loss: 0.8793, IoU: 0.5049, Dice: 0.6644
2025-06-08 16:24:11,213 - INFO - 
Época 36/200
2025-06-08 16:24:12,841 - INFO - Batch 0/14: Loss: 0.5100, IoU: 0.8785, Dice: 0.9353
2025-06-08 16:24:17,200 - INFO - Batch 10/14: Loss: 0.5258, IoU: 0.8417, Dice: 0.9140
2025-06-08 16:24:20,333 - INFO - Train - Loss: 0.5582, IoU: 0.8369, Dice: 0.9107
2025-06-08 16:24:20,333 - INFO - Val   - Loss: 0.7718, IoU: 0.5952, Dice: 0.7364
2025-06-08 16:24:21,433 - INFO - 
Época 37/200
2025-06-08 16:24:23,659 - INFO - Batch 0/14: Loss: 0.5585, IoU: 0.8128, Dice: 0.8968
2025-06-08 16:24:28,017 - INFO - Batch 10/14: Loss: 0.5571, IoU: 0.8255, Dice: 0.9044
2025-06-08 16:24:32,119 - INFO - Train - Loss: 0.5628, IoU: 0.8214, Dice: 0.9003
2025-06-08 16:24:32,119 - INFO - Val   - Loss: 0.8269, IoU: 0.5246, Dice: 0.6817
2025-06-08 16:24:33,201 - INFO - 
Época 38/200
2025-06-08 16:24:35,052 - INFO - Batch 0/14: Loss: 0.5182, IoU: 0.8436, Dice: 0.9151
2025-06-08 16:24:39,435 - INFO - Batch 10/14: Loss: 0.5579, IoU: 0.7790, Dice: 0.8758
2025-06-08 16:24:42,475 - INFO - Train - Loss: 0.5511, IoU: 0.8143, Dice: 0.8958
2025-06-08 16:24:42,475 - INFO - Val   - Loss: 0.7812, IoU: 0.5510, Dice: 0.6972
2025-06-08 16:24:43,145 - INFO - 
Época 39/200
2025-06-08 16:24:44,591 - INFO - Batch 0/14: Loss: 0.5669, IoU: 0.8413, Dice: 0.9138
2025-06-08 16:24:48,941 - INFO - Batch 10/14: Loss: 0.4760, IoU: 0.8975, Dice: 0.9460
2025-06-08 16:24:52,697 - INFO - Train - Loss: 0.5377, IoU: 0.8184, Dice: 0.8990
2025-06-08 16:24:52,697 - INFO - Val   - Loss: 0.6985, IoU: 0.6372, Dice: 0.7707
2025-06-08 16:24:53,796 - INFO - 
Época 40/200
2025-06-08 16:24:56,160 - INFO - Batch 0/14: Loss: 0.6042, IoU: 0.7808, Dice: 0.8769
2025-06-08 16:25:00,487 - INFO - Batch 10/14: Loss: 0.4823, IoU: 0.8881, Dice: 0.9407
2025-06-08 16:25:03,652 - INFO - Train - Loss: 0.5241, IoU: 0.8243, Dice: 0.9028
2025-06-08 16:25:03,652 - INFO - Val   - Loss: 0.6683, IoU: 0.6550, Dice: 0.7826
2025-06-08 16:25:04,393 - INFO - 
Época 41/200
2025-06-08 16:25:06,122 - INFO - Batch 0/14: Loss: 0.5517, IoU: 0.7484, Dice: 0.8561
2025-06-08 16:25:10,460 - INFO - Batch 10/14: Loss: 0.4758, IoU: 0.8557, Dice: 0.9222
2025-06-08 16:25:13,548 - INFO - Train - Loss: 0.5202, IoU: 0.8275, Dice: 0.9045
2025-06-08 16:25:13,548 - INFO - Val   - Loss: 0.7727, IoU: 0.5539, Dice: 0.7105
2025-06-08 16:25:14,202 - INFO - 
Época 42/200
2025-06-08 16:25:15,824 - INFO - Batch 0/14: Loss: 0.5048, IoU: 0.8655, Dice: 0.9279
2025-06-08 16:25:20,157 - INFO - Batch 10/14: Loss: 0.6296, IoU: 0.7028, Dice: 0.8255
2025-06-08 16:25:23,247 - INFO - Train - Loss: 0.4895, IoU: 0.8564, Dice: 0.9219
2025-06-08 16:25:23,247 - INFO - Val   - Loss: 0.6894, IoU: 0.6510, Dice: 0.7806
2025-06-08 16:25:23,923 - INFO - 
Época 43/200
2025-06-08 16:25:25,475 - INFO - Batch 0/14: Loss: 0.4413, IoU: 0.8584, Dice: 0.9238
2025-06-08 16:25:29,792 - INFO - Batch 10/14: Loss: 0.4738, IoU: 0.9077, Dice: 0.9516
2025-06-08 16:25:32,789 - INFO - Train - Loss: 0.4811, IoU: 0.8504, Dice: 0.9183
2025-06-08 16:25:32,789 - INFO - Val   - Loss: 0.6849, IoU: 0.6463, Dice: 0.7771
2025-06-08 16:25:33,462 - INFO - 
Época 44/200
2025-06-08 16:25:35,023 - INFO - Batch 0/14: Loss: 0.3992, IoU: 0.8813, Dice: 0.9369
2025-06-08 16:25:39,414 - INFO - Batch 10/14: Loss: 0.4570, IoU: 0.8919, Dice: 0.9428
2025-06-08 16:25:42,946 - INFO - Train - Loss: 0.4911, IoU: 0.8258, Dice: 0.9020
2025-06-08 16:25:42,947 - INFO - Val   - Loss: 0.7425, IoU: 0.5547, Dice: 0.7026
2025-06-08 16:25:44,064 - INFO - 
Época 45/200
2025-06-08 16:25:46,504 - INFO - Batch 0/14: Loss: 0.4550, IoU: 0.8615, Dice: 0.9256
2025-06-08 16:25:50,830 - INFO - Batch 10/14: Loss: 0.6021, IoU: 0.7301, Dice: 0.8440
2025-06-08 16:25:54,109 - INFO - Train - Loss: 0.4505, IoU: 0.8615, Dice: 0.9249
2025-06-08 16:25:54,109 - INFO - Val   - Loss: 0.8317, IoU: 0.4609, Dice: 0.6216
2025-06-08 16:25:54,832 - INFO - 
Época 46/200
2025-06-08 16:25:56,522 - INFO - Batch 0/14: Loss: 0.4266, IoU: 0.9121, Dice: 0.9540
2025-06-08 16:26:00,859 - INFO - Batch 10/14: Loss: 0.4696, IoU: 0.8665, Dice: 0.9285
2025-06-08 16:26:03,986 - INFO - Train - Loss: 0.4291, IoU: 0.8878, Dice: 0.9403
2025-06-08 16:26:03,986 - INFO - Val   - Loss: 0.6967, IoU: 0.6047, Dice: 0.7475
2025-06-08 16:26:04,723 - INFO - 
Época 47/200
2025-06-08 16:26:06,318 - INFO - Batch 0/14: Loss: 0.5116, IoU: 0.8518, Dice: 0.9200
2025-06-08 16:26:10,639 - INFO - Batch 10/14: Loss: 0.4652, IoU: 0.8336, Dice: 0.9092
2025-06-08 16:26:13,739 - INFO - Train - Loss: 0.4424, IoU: 0.8629, Dice: 0.9251
2025-06-08 16:26:13,739 - INFO - Val   - Loss: 0.6879, IoU: 0.6394, Dice: 0.7731
2025-06-08 16:26:14,470 - INFO - 
Época 48/200
2025-06-08 16:26:15,929 - INFO - Batch 0/14: Loss: 0.3467, IoU: 0.9135, Dice: 0.9548
2025-06-08 16:26:20,256 - INFO - Batch 10/14: Loss: 0.4069, IoU: 0.8946, Dice: 0.9444
2025-06-08 16:26:23,358 - INFO - Train - Loss: 0.4174, IoU: 0.8946, Dice: 0.9441
2025-06-08 16:26:23,358 - INFO - Val   - Loss: 0.6583, IoU: 0.6262, Dice: 0.7621
2025-06-08 16:26:24,088 - INFO - 
Época 49/200
2025-06-08 16:26:25,811 - INFO - Batch 0/14: Loss: 0.3625, IoU: 0.9316, Dice: 0.9646
2025-06-08 16:26:30,128 - INFO - Batch 10/14: Loss: 0.3720, IoU: 0.9088, Dice: 0.9522
2025-06-08 16:26:33,224 - INFO - Train - Loss: 0.4072, IoU: 0.8834, Dice: 0.9375
2025-06-08 16:26:33,224 - INFO - Val   - Loss: 0.6783, IoU: 0.5960, Dice: 0.7372
2025-06-08 16:26:33,955 - INFO - 
Época 50/200
2025-06-08 16:26:35,891 - INFO - Batch 0/14: Loss: 0.3428, IoU: 0.9116, Dice: 0.9538
2025-06-08 16:26:40,209 - INFO - Batch 10/14: Loss: 0.3971, IoU: 0.8722, Dice: 0.9317
2025-06-08 16:26:43,295 - INFO - Train - Loss: 0.4034, IoU: 0.8874, Dice: 0.9399
2025-06-08 16:26:43,295 - INFO - Val   - Loss: 0.6839, IoU: 0.6266, Dice: 0.7580
2025-06-08 16:26:44,028 - INFO - 
Época 51/200
2025-06-08 16:26:45,353 - INFO - Batch 0/14: Loss: 0.3563, IoU: 0.9151, Dice: 0.9557
2025-06-08 16:26:49,687 - INFO - Batch 10/14: Loss: 0.3703, IoU: 0.9044, Dice: 0.9498
2025-06-08 16:26:52,780 - INFO - Train - Loss: 0.3835, IoU: 0.8969, Dice: 0.9453
2025-06-08 16:26:52,780 - INFO - Val   - Loss: 0.6360, IoU: 0.6568, Dice: 0.7832
2025-06-08 16:26:54,168 - INFO - ¡Nuevo mejor modelo! IoU: 0.6568
2025-06-08 16:26:54,168 - INFO - 
Época 52/200
2025-06-08 16:26:55,848 - INFO - Batch 0/14: Loss: 0.3798, IoU: 0.8733, Dice: 0.9324
2025-06-08 16:27:00,166 - INFO - Batch 10/14: Loss: 0.3471, IoU: 0.9149, Dice: 0.9556
2025-06-08 16:27:03,179 - INFO - Train - Loss: 0.3854, IoU: 0.8939, Dice: 0.9436
2025-06-08 16:27:03,180 - INFO - Val   - Loss: 0.6258, IoU: 0.6568, Dice: 0.7854
2025-06-08 16:27:03,853 - INFO - 
Época 53/200
2025-06-08 16:27:05,380 - INFO - Batch 0/14: Loss: 0.4324, IoU: 0.8440, Dice: 0.9154
2025-06-08 16:27:09,721 - INFO - Batch 10/14: Loss: 0.3712, IoU: 0.9087, Dice: 0.9522
2025-06-08 16:27:12,715 - INFO - Train - Loss: 0.3879, IoU: 0.8884, Dice: 0.9390
2025-06-08 16:27:12,715 - INFO - Val   - Loss: 0.6623, IoU: 0.6082, Dice: 0.7480
2025-06-08 16:27:13,397 - INFO - 
Época 54/200
2025-06-08 16:27:14,724 - INFO - Batch 0/14: Loss: 0.3300, IoU: 0.9173, Dice: 0.9569
2025-06-08 16:27:19,076 - INFO - Batch 10/14: Loss: 0.3968, IoU: 0.8940, Dice: 0.9440
2025-06-08 16:27:22,684 - INFO - Train - Loss: 0.3645, IoU: 0.9004, Dice: 0.9474
2025-06-08 16:27:22,684 - INFO - Val   - Loss: 0.6474, IoU: 0.6233, Dice: 0.7598
2025-06-08 16:27:23,736 - INFO - 
Época 55/200
2025-06-08 16:27:25,560 - INFO - Batch 0/14: Loss: 0.5111, IoU: 0.7748, Dice: 0.8731
2025-06-08 16:27:29,909 - INFO - Batch 10/14: Loss: 0.4079, IoU: 0.8599, Dice: 0.9247
2025-06-08 16:27:33,116 - INFO - Train - Loss: 0.3752, IoU: 0.8884, Dice: 0.9402
2025-06-08 16:27:33,116 - INFO - Val   - Loss: 0.6264, IoU: 0.6444, Dice: 0.7754
2025-06-08 16:27:33,862 - INFO - 
Época 56/200
2025-06-08 16:27:35,497 - INFO - Batch 0/14: Loss: 0.3565, IoU: 0.9077, Dice: 0.9516
2025-06-08 16:27:39,854 - INFO - Batch 10/14: Loss: 0.3094, IoU: 0.8858, Dice: 0.9395
2025-06-08 16:27:42,944 - INFO - Train - Loss: 0.3654, IoU: 0.8950, Dice: 0.9444
2025-06-08 16:27:42,944 - INFO - Val   - Loss: 0.6269, IoU: 0.6360, Dice: 0.7689
2025-06-08 16:27:43,686 - INFO - 
Época 57/200
2025-06-08 16:27:45,413 - INFO - Batch 0/14: Loss: 0.3683, IoU: 0.9002, Dice: 0.9475
2025-06-08 16:27:49,749 - INFO - Batch 10/14: Loss: 0.3502, IoU: 0.9149, Dice: 0.9556
2025-06-08 16:27:52,855 - INFO - Train - Loss: 0.3493, IoU: 0.9140, Dice: 0.9549
2025-06-08 16:27:52,855 - INFO - Val   - Loss: 0.6377, IoU: 0.6155, Dice: 0.7527
2025-06-08 16:27:53,588 - INFO - 
Época 58/200
2025-06-08 16:27:54,972 - INFO - Batch 0/14: Loss: 0.3266, IoU: 0.9132, Dice: 0.9546
2025-06-08 16:27:59,310 - INFO - Batch 10/14: Loss: 0.3682, IoU: 0.9141, Dice: 0.9551
2025-06-08 16:28:02,414 - INFO - Train - Loss: 0.3456, IoU: 0.9172, Dice: 0.9567
2025-06-08 16:28:02,415 - INFO - Val   - Loss: 0.6349, IoU: 0.6233, Dice: 0.7601
2025-06-08 16:28:03,088 - INFO - 
Época 59/200
2025-06-08 16:28:04,707 - INFO - Batch 0/14: Loss: 0.3202, IoU: 0.9403, Dice: 0.9693
2025-06-08 16:28:09,033 - INFO - Batch 10/14: Loss: 0.3478, IoU: 0.9256, Dice: 0.9614
2025-06-08 16:28:12,127 - INFO - Train - Loss: 0.3465, IoU: 0.9077, Dice: 0.9514
2025-06-08 16:28:12,128 - INFO - Val   - Loss: 0.6276, IoU: 0.6363, Dice: 0.7705
2025-06-08 16:28:12,855 - INFO - 
Época 60/200
2025-06-08 16:28:14,184 - INFO - Batch 0/14: Loss: 0.3526, IoU: 0.9062, Dice: 0.9508
2025-06-08 16:28:18,506 - INFO - Batch 10/14: Loss: 0.2725, IoU: 0.9351, Dice: 0.9665
2025-06-08 16:28:21,600 - INFO - Train - Loss: 0.3379, IoU: 0.9198, Dice: 0.9581
2025-06-08 16:28:21,600 - INFO - Val   - Loss: 0.6291, IoU: 0.6285, Dice: 0.7638
2025-06-08 16:28:22,332 - INFO - 
Época 61/200
2025-06-08 16:28:24,007 - INFO - Batch 0/14: Loss: 0.2908, IoU: 0.9389, Dice: 0.9685
2025-06-08 16:28:28,341 - INFO - Batch 10/14: Loss: 0.3212, IoU: 0.9370, Dice: 0.9675
2025-06-08 16:28:31,426 - INFO - Train - Loss: 0.3452, IoU: 0.9092, Dice: 0.9520
2025-06-08 16:28:31,427 - INFO - Val   - Loss: 0.6335, IoU: 0.6252, Dice: 0.7622
2025-06-08 16:28:32,154 - INFO - 
Época 62/200
2025-06-08 16:28:34,098 - INFO - Batch 0/14: Loss: 0.2801, IoU: 0.9234, Dice: 0.9602
2025-06-08 16:28:38,447 - INFO - Batch 10/14: Loss: 0.3948, IoU: 0.8912, Dice: 0.9425
2025-06-08 16:28:41,548 - INFO - Train - Loss: 0.3317, IoU: 0.9211, Dice: 0.9588
2025-06-08 16:28:41,548 - INFO - Val   - Loss: 0.6292, IoU: 0.6275, Dice: 0.7639
2025-06-08 16:28:42,411 - INFO - 
Época 63/200
2025-06-08 16:28:44,036 - INFO - Batch 0/14: Loss: 0.2628, IoU: 0.9490, Dice: 0.9738
2025-06-08 16:28:48,391 - INFO - Batch 10/14: Loss: 0.2635, IoU: 0.9461, Dice: 0.9723
2025-06-08 16:28:51,494 - INFO - Train - Loss: 0.3395, IoU: 0.9072, Dice: 0.9507
2025-06-08 16:28:51,494 - INFO - Val   - Loss: 0.6298, IoU: 0.6308, Dice: 0.7660
2025-06-08 16:28:52,222 - INFO - 
Época 64/200
2025-06-08 16:28:53,938 - INFO - Batch 0/14: Loss: 0.2817, IoU: 0.9355, Dice: 0.9667
2025-06-08 16:28:58,273 - INFO - Batch 10/14: Loss: 0.4464, IoU: 0.9068, Dice: 0.9511
2025-06-08 16:29:01,375 - INFO - Train - Loss: 0.3520, IoU: 0.9102, Dice: 0.9526
2025-06-08 16:29:01,375 - INFO - Val   - Loss: 0.6258, IoU: 0.6393, Dice: 0.7723
2025-06-08 16:29:02,100 - INFO - 
Época 65/200
2025-06-08 16:29:03,670 - INFO - Batch 0/14: Loss: 0.4449, IoU: 0.8647, Dice: 0.9274
2025-06-08 16:29:08,013 - INFO - Batch 10/14: Loss: 0.2852, IoU: 0.9417, Dice: 0.9700
2025-06-08 16:29:11,119 - INFO - Train - Loss: 0.3425, IoU: 0.9094, Dice: 0.9520
2025-06-08 16:29:11,119 - INFO - Val   - Loss: 0.6255, IoU: 0.6339, Dice: 0.7677
2025-06-08 16:29:11,849 - INFO - 
Época 66/200
2025-06-08 16:29:13,545 - INFO - Batch 0/14: Loss: 0.2989, IoU: 0.9457, Dice: 0.9721
2025-06-08 16:29:17,906 - INFO - Batch 10/14: Loss: 0.3444, IoU: 0.9279, Dice: 0.9626
2025-06-08 16:29:21,006 - INFO - Train - Loss: 0.3264, IoU: 0.9266, Dice: 0.9617
2025-06-08 16:29:21,006 - INFO - Val   - Loss: 0.6230, IoU: 0.6304, Dice: 0.7649
2025-06-08 16:29:21,732 - INFO - 
Época 67/200
2025-06-08 16:29:23,060 - INFO - Batch 0/14: Loss: 0.4597, IoU: 0.8971, Dice: 0.9458
2025-06-08 16:29:27,490 - INFO - Batch 10/14: Loss: 0.2512, IoU: 0.9530, Dice: 0.9760
2025-06-08 16:29:30,595 - INFO - Train - Loss: 0.3341, IoU: 0.9239, Dice: 0.9603
2025-06-08 16:29:30,596 - INFO - Val   - Loss: 0.6220, IoU: 0.6331, Dice: 0.7672
2025-06-08 16:29:31,276 - INFO - 
Época 68/200
2025-06-08 16:29:32,581 - INFO - Batch 0/14: Loss: 0.4510, IoU: 0.8800, Dice: 0.9361
2025-06-08 16:29:36,942 - INFO - Batch 10/14: Loss: 0.2943, IoU: 0.9336, Dice: 0.9656
2025-06-08 16:29:39,955 - INFO - Train - Loss: 0.3270, IoU: 0.9247, Dice: 0.9608
2025-06-08 16:29:39,956 - INFO - Val   - Loss: 0.6274, IoU: 0.6298, Dice: 0.7644
2025-06-08 16:29:40,643 - INFO - 
Época 69/200
2025-06-08 16:29:42,346 - INFO - Batch 0/14: Loss: 0.2940, IoU: 0.9320, Dice: 0.9648
2025-06-08 16:29:46,695 - INFO - Batch 10/14: Loss: 0.2984, IoU: 0.9433, Dice: 0.9708
2025-06-08 16:29:49,698 - INFO - Train - Loss: 0.3244, IoU: 0.9211, Dice: 0.9588
2025-06-08 16:29:49,699 - INFO - Val   - Loss: 0.6246, IoU: 0.6310, Dice: 0.7655
2025-06-08 16:29:50,332 - INFO - 
Época 70/200
2025-06-08 16:29:51,812 - INFO - Batch 0/14: Loss: 0.3203, IoU: 0.9338, Dice: 0.9657
2025-06-08 16:29:56,155 - INFO - Batch 10/14: Loss: 0.4930, IoU: 0.8348, Dice: 0.9100
2025-06-08 16:29:59,173 - INFO - Train - Loss: 0.3351, IoU: 0.9224, Dice: 0.9594
2025-06-08 16:29:59,173 - INFO - Val   - Loss: 0.6271, IoU: 0.6324, Dice: 0.7665
2025-06-08 16:29:59,856 - INFO - 
Época 71/200
2025-06-08 16:30:01,407 - INFO - Batch 0/14: Loss: 0.2523, IoU: 0.9499, Dice: 0.9743
2025-06-08 16:30:05,752 - INFO - Batch 10/14: Loss: 0.3588, IoU: 0.9063, Dice: 0.9509
2025-06-08 16:30:08,768 - INFO - Train - Loss: 0.3352, IoU: 0.9166, Dice: 0.9563
2025-06-08 16:30:08,768 - INFO - Val   - Loss: 0.7138, IoU: 0.5365, Dice: 0.6804
2025-06-08 16:30:09,450 - INFO - 
Época 72/200
2025-06-08 16:30:11,030 - INFO - Batch 0/14: Loss: 0.3367, IoU: 0.8919, Dice: 0.9429
2025-06-08 16:30:15,379 - INFO - Batch 10/14: Loss: 0.3468, IoU: 0.9098, Dice: 0.9528
2025-06-08 16:30:18,569 - INFO - Train - Loss: 0.3502, IoU: 0.8848, Dice: 0.9381
2025-06-08 16:30:18,569 - INFO - Val   - Loss: 0.6829, IoU: 0.5859, Dice: 0.7264
2025-06-08 16:30:19,320 - INFO - 
Época 73/200
2025-06-08 16:30:20,949 - INFO - Batch 0/14: Loss: 0.3412, IoU: 0.8903, Dice: 0.9420
2025-06-08 16:30:25,433 - INFO - Batch 10/14: Loss: 0.2984, IoU: 0.9263, Dice: 0.9617
2025-06-08 16:30:28,737 - INFO - Train - Loss: 0.3282, IoU: 0.8905, Dice: 0.9416
2025-06-08 16:30:28,737 - INFO - Val   - Loss: 0.8185, IoU: 0.4615, Dice: 0.6181
2025-06-08 16:30:29,489 - INFO - 
Época 74/200
2025-06-08 16:30:31,003 - INFO - Batch 0/14: Loss: 0.2856, IoU: 0.9186, Dice: 0.9576
2025-06-08 16:30:35,362 - INFO - Batch 10/14: Loss: 0.2848, IoU: 0.9081, Dice: 0.9518
2025-06-08 16:30:38,493 - INFO - Train - Loss: 0.3457, IoU: 0.8661, Dice: 0.9265
2025-06-08 16:30:38,493 - INFO - Val   - Loss: 0.8254, IoU: 0.4245, Dice: 0.5874
2025-06-08 16:30:39,234 - INFO - 
Época 75/200
2025-06-08 16:30:40,899 - INFO - Batch 0/14: Loss: 0.2689, IoU: 0.9002, Dice: 0.9475
2025-06-08 16:30:45,241 - INFO - Batch 10/14: Loss: 0.3287, IoU: 0.8962, Dice: 0.9452
2025-06-08 16:30:48,397 - INFO - Train - Loss: 0.3257, IoU: 0.8708, Dice: 0.9307
2025-06-08 16:30:48,398 - INFO - Val   - Loss: 0.6967, IoU: 0.5762, Dice: 0.7183
2025-06-08 16:30:49,147 - INFO - 
Época 76/200
2025-06-08 16:30:50,665 - INFO - Batch 0/14: Loss: 0.3409, IoU: 0.8653, Dice: 0.9278
2025-06-08 16:30:55,017 - INFO - Batch 10/14: Loss: 0.3174, IoU: 0.8986, Dice: 0.9466
2025-06-08 16:30:58,144 - INFO - Train - Loss: 0.3533, IoU: 0.8446, Dice: 0.9152
2025-06-08 16:30:58,144 - INFO - Val   - Loss: 0.8050, IoU: 0.4337, Dice: 0.5972
2025-06-08 16:30:58,864 - INFO - 
Época 77/200
2025-06-08 16:31:00,434 - INFO - Batch 0/14: Loss: 0.5004, IoU: 0.7390, Dice: 0.8499
2025-06-08 16:31:04,793 - INFO - Batch 10/14: Loss: 0.3475, IoU: 0.8890, Dice: 0.9412
2025-06-08 16:31:07,902 - INFO - Train - Loss: 0.3365, IoU: 0.8583, Dice: 0.9220
2025-06-08 16:31:07,902 - INFO - Val   - Loss: 0.7072, IoU: 0.5071, Dice: 0.6710
2025-06-08 16:31:08,627 - INFO - 
Época 78/200
2025-06-08 16:31:10,167 - INFO - Batch 0/14: Loss: 0.3783, IoU: 0.8203, Dice: 0.9013
2025-06-08 16:31:14,527 - INFO - Batch 10/14: Loss: 0.4105, IoU: 0.7623, Dice: 0.8651
2025-06-08 16:31:17,581 - INFO - Train - Loss: 0.3301, IoU: 0.8563, Dice: 0.9214
2025-06-08 16:31:17,582 - INFO - Val   - Loss: 0.6368, IoU: 0.5729, Dice: 0.7210
2025-06-08 16:31:18,267 - INFO - 
Época 79/200
2025-06-08 16:31:19,823 - INFO - Batch 0/14: Loss: 0.2702, IoU: 0.8976, Dice: 0.9461
2025-06-08 16:31:24,187 - INFO - Batch 10/14: Loss: 0.3247, IoU: 0.8683, Dice: 0.9295
2025-06-08 16:31:27,315 - INFO - Train - Loss: 0.3021, IoU: 0.8740, Dice: 0.9322
2025-06-08 16:31:27,315 - INFO - Val   - Loss: 0.7352, IoU: 0.4987, Dice: 0.6472
2025-06-08 16:31:27,995 - INFO - 
Época 80/200
2025-06-08 16:31:29,765 - INFO - Batch 0/14: Loss: 0.3120, IoU: 0.8856, Dice: 0.9393
2025-06-08 16:31:34,133 - INFO - Batch 10/14: Loss: 0.3002, IoU: 0.8874, Dice: 0.9404
2025-06-08 16:31:37,236 - INFO - Train - Loss: 0.3166, IoU: 0.8622, Dice: 0.9254
2025-06-08 16:31:37,237 - INFO - Val   - Loss: 0.6109, IoU: 0.5942, Dice: 0.7373
2025-06-08 16:31:37,980 - INFO - 
Época 81/200
2025-06-08 16:31:39,539 - INFO - Batch 0/14: Loss: 0.2933, IoU: 0.9103, Dice: 0.9530
2025-06-08 16:31:43,918 - INFO - Batch 10/14: Loss: 0.3321, IoU: 0.8154, Dice: 0.8983
2025-06-08 16:31:47,015 - INFO - Train - Loss: 0.3345, IoU: 0.8425, Dice: 0.9133
2025-06-08 16:31:47,015 - INFO - Val   - Loss: 0.5976, IoU: 0.6219, Dice: 0.7596
2025-06-08 16:31:47,743 - INFO - 
Época 82/200
2025-06-08 16:31:49,409 - INFO - Batch 0/14: Loss: 0.3117, IoU: 0.8372, Dice: 0.9114
2025-06-08 16:31:53,758 - INFO - Batch 10/14: Loss: 0.3749, IoU: 0.7796, Dice: 0.8761
2025-06-08 16:31:56,770 - INFO - Train - Loss: 0.3378, IoU: 0.8377, Dice: 0.9111
2025-06-08 16:31:56,770 - INFO - Val   - Loss: 0.6905, IoU: 0.5134, Dice: 0.6743
2025-06-08 16:31:57,445 - INFO - 
Época 83/200
2025-06-08 16:31:58,996 - INFO - Batch 0/14: Loss: 0.2851, IoU: 0.8656, Dice: 0.9279
2025-06-08 16:32:03,370 - INFO - Batch 10/14: Loss: 0.3803, IoU: 0.8050, Dice: 0.8920
2025-06-08 16:32:06,370 - INFO - Train - Loss: 0.3314, IoU: 0.8346, Dice: 0.9064
2025-06-08 16:32:06,371 - INFO - Val   - Loss: 0.6087, IoU: 0.6305, Dice: 0.7655
2025-06-08 16:32:07,055 - INFO - 
Época 84/200
2025-06-08 16:32:08,705 - INFO - Batch 0/14: Loss: 0.3539, IoU: 0.8102, Dice: 0.8952
2025-06-08 16:32:13,053 - INFO - Batch 10/14: Loss: 0.3421, IoU: 0.8137, Dice: 0.8973
2025-06-08 16:32:16,075 - INFO - Train - Loss: 0.3112, IoU: 0.8490, Dice: 0.9176
2025-06-08 16:32:16,075 - INFO - Val   - Loss: 0.7754, IoU: 0.4457, Dice: 0.6156
2025-06-08 16:32:16,754 - INFO - 
Época 85/200
2025-06-08 16:32:18,188 - INFO - Batch 0/14: Loss: 0.3026, IoU: 0.8627, Dice: 0.9263
2025-06-08 16:32:22,531 - INFO - Batch 10/14: Loss: 0.2598, IoU: 0.9237, Dice: 0.9603
2025-06-08 16:32:25,551 - INFO - Train - Loss: 0.2816, IoU: 0.8813, Dice: 0.9365
2025-06-08 16:32:25,551 - INFO - Val   - Loss: 0.7326, IoU: 0.5106, Dice: 0.6669
2025-06-08 16:32:26,238 - INFO - 
Época 86/200
2025-06-08 16:32:28,007 - INFO - Batch 0/14: Loss: 0.2908, IoU: 0.8595, Dice: 0.9244
2025-06-08 16:32:32,348 - INFO - Batch 10/14: Loss: 0.3519, IoU: 0.8465, Dice: 0.9169
2025-06-08 16:32:35,390 - INFO - Train - Loss: 0.2839, IoU: 0.8749, Dice: 0.9328
2025-06-08 16:32:35,390 - INFO - Val   - Loss: 0.6242, IoU: 0.5609, Dice: 0.7097
2025-06-08 16:32:36,061 - INFO - 
Época 87/200
2025-06-08 16:32:37,619 - INFO - Batch 0/14: Loss: 0.2442, IoU: 0.8929, Dice: 0.9434
2025-06-08 16:32:41,964 - INFO - Batch 10/14: Loss: 0.2921, IoU: 0.8508, Dice: 0.9194
2025-06-08 16:32:44,984 - INFO - Train - Loss: 0.2845, IoU: 0.8678, Dice: 0.9281
2025-06-08 16:32:44,984 - INFO - Val   - Loss: 0.5904, IoU: 0.6426, Dice: 0.7764
2025-06-08 16:32:45,668 - INFO - 
Época 88/200
2025-06-08 16:32:47,321 - INFO - Batch 0/14: Loss: 0.2328, IoU: 0.9026, Dice: 0.9488
2025-06-08 16:32:51,681 - INFO - Batch 10/14: Loss: 0.3186, IoU: 0.8400, Dice: 0.9130
2025-06-08 16:32:54,699 - INFO - Train - Loss: 0.2716, IoU: 0.8775, Dice: 0.9341
2025-06-08 16:32:54,699 - INFO - Val   - Loss: 0.7028, IoU: 0.5056, Dice: 0.6597
2025-06-08 16:32:55,384 - INFO - 
Época 89/200
2025-06-08 16:32:56,851 - INFO - Batch 0/14: Loss: 0.2458, IoU: 0.8836, Dice: 0.9382
2025-06-08 16:33:01,199 - INFO - Batch 10/14: Loss: 0.2902, IoU: 0.8660, Dice: 0.9282
2025-06-08 16:33:04,223 - INFO - Train - Loss: 0.2751, IoU: 0.8646, Dice: 0.9262
2025-06-08 16:33:04,223 - INFO - Val   - Loss: 0.5949, IoU: 0.5989, Dice: 0.7365
2025-06-08 16:33:04,863 - INFO - 
Época 90/200
2025-06-08 16:33:06,525 - INFO - Batch 0/14: Loss: 0.2856, IoU: 0.9051, Dice: 0.9502
2025-06-08 16:33:10,875 - INFO - Batch 10/14: Loss: 0.2441, IoU: 0.9012, Dice: 0.9481
2025-06-08 16:33:13,897 - INFO - Train - Loss: 0.2488, IoU: 0.8971, Dice: 0.9455
2025-06-08 16:33:13,897 - INFO - Val   - Loss: 0.5702, IoU: 0.6210, Dice: 0.7607
2025-06-08 16:33:14,583 - INFO - 
Época 91/200
2025-06-08 16:33:16,425 - INFO - Batch 0/14: Loss: 0.2983, IoU: 0.8333, Dice: 0.9091
2025-06-08 16:33:20,769 - INFO - Batch 10/14: Loss: 0.3846, IoU: 0.7611, Dice: 0.8644
2025-06-08 16:33:23,782 - INFO - Train - Loss: 0.2555, IoU: 0.8850, Dice: 0.9384
2025-06-08 16:33:23,783 - INFO - Val   - Loss: 0.5719, IoU: 0.6279, Dice: 0.7674
2025-06-08 16:33:24,463 - INFO - 
Época 92/200
2025-06-08 16:33:26,021 - INFO - Batch 0/14: Loss: 0.2179, IoU: 0.9161, Dice: 0.9562
2025-06-08 16:33:30,374 - INFO - Batch 10/14: Loss: 0.2728, IoU: 0.8551, Dice: 0.9219
2025-06-08 16:33:33,395 - INFO - Train - Loss: 0.2503, IoU: 0.8815, Dice: 0.9353
2025-06-08 16:33:33,396 - INFO - Val   - Loss: 0.6416, IoU: 0.5572, Dice: 0.7088
2025-06-08 16:33:34,076 - INFO - 
Época 93/200
2025-06-08 16:33:35,942 - INFO - Batch 0/14: Loss: 0.2224, IoU: 0.9010, Dice: 0.9479
2025-06-08 16:33:40,306 - INFO - Batch 10/14: Loss: 0.2692, IoU: 0.8557, Dice: 0.9222
2025-06-08 16:33:43,324 - INFO - Train - Loss: 0.2417, IoU: 0.8923, Dice: 0.9429
2025-06-08 16:33:43,324 - INFO - Val   - Loss: 0.6063, IoU: 0.5874, Dice: 0.7365
2025-06-08 16:33:44,006 - INFO - 
Época 94/200
2025-06-08 16:33:45,425 - INFO - Batch 0/14: Loss: 0.2332, IoU: 0.9028, Dice: 0.9489
2025-06-08 16:33:49,783 - INFO - Batch 10/14: Loss: 0.2188, IoU: 0.9087, Dice: 0.9522
2025-06-08 16:33:52,791 - INFO - Train - Loss: 0.2285, IoU: 0.9030, Dice: 0.9487
2025-06-08 16:33:52,791 - INFO - Val   - Loss: 0.6138, IoU: 0.5858, Dice: 0.7303
2025-06-08 16:33:53,471 - INFO - 
Época 95/200
2025-06-08 16:33:55,296 - INFO - Batch 0/14: Loss: 0.2399, IoU: 0.9039, Dice: 0.9495
2025-06-08 16:33:59,637 - INFO - Batch 10/14: Loss: 0.2164, IoU: 0.9171, Dice: 0.9568
2025-06-08 16:34:02,659 - INFO - Train - Loss: 0.2250, IoU: 0.9009, Dice: 0.9475
2025-06-08 16:34:02,659 - INFO - Val   - Loss: 0.6433, IoU: 0.5903, Dice: 0.7345
2025-06-08 16:34:03,344 - INFO - 
Época 96/200
2025-06-08 16:34:04,885 - INFO - Batch 0/14: Loss: 0.2918, IoU: 0.8539, Dice: 0.9212
2025-06-08 16:34:09,238 - INFO - Batch 10/14: Loss: 0.1784, IoU: 0.9411, Dice: 0.9697
2025-06-08 16:34:12,360 - INFO - Train - Loss: 0.2364, IoU: 0.8930, Dice: 0.9425
2025-06-08 16:34:12,360 - INFO - Val   - Loss: 0.5814, IoU: 0.6111, Dice: 0.7512
2025-06-08 16:34:13,123 - INFO - 
Época 97/200
2025-06-08 16:34:14,633 - INFO - Batch 0/14: Loss: 0.2144, IoU: 0.9028, Dice: 0.9489
2025-06-08 16:34:18,975 - INFO - Batch 10/14: Loss: 0.1762, IoU: 0.9354, Dice: 0.9666
2025-06-08 16:34:22,246 - INFO - Train - Loss: 0.2210, IoU: 0.8983, Dice: 0.9461
2025-06-08 16:34:22,246 - INFO - Val   - Loss: 0.6689, IoU: 0.5491, Dice: 0.7059
2025-06-08 16:34:23,050 - INFO - 
Época 98/200
2025-06-08 16:34:25,229 - INFO - Batch 0/14: Loss: 0.1716, IoU: 0.9330, Dice: 0.9653
2025-06-08 16:34:29,605 - INFO - Batch 10/14: Loss: 0.1864, IoU: 0.9312, Dice: 0.9644
2025-06-08 16:34:32,934 - INFO - Train - Loss: 0.2105, IoU: 0.9083, Dice: 0.9517
2025-06-08 16:34:32,934 - INFO - Val   - Loss: 0.6303, IoU: 0.5766, Dice: 0.7219
2025-06-08 16:34:33,655 - INFO - 
Época 99/200
2025-06-08 16:34:35,108 - INFO - Batch 0/14: Loss: 0.1507, IoU: 0.9473, Dice: 0.9729
2025-06-08 16:34:39,470 - INFO - Batch 10/14: Loss: 0.2632, IoU: 0.8481, Dice: 0.9178
2025-06-08 16:34:43,726 - INFO - Train - Loss: 0.2172, IoU: 0.8969, Dice: 0.9452
2025-06-08 16:34:43,726 - INFO - Val   - Loss: 0.6889, IoU: 0.5678, Dice: 0.7145
2025-06-08 16:34:44,948 - INFO - 
Época 100/200
2025-06-08 16:34:47,236 - INFO - Batch 0/14: Loss: 0.1709, IoU: 0.9398, Dice: 0.9690
2025-06-08 16:34:51,585 - INFO - Batch 10/14: Loss: 0.1803, IoU: 0.9216, Dice: 0.9592
2025-06-08 16:34:55,808 - INFO - Train - Loss: 0.2068, IoU: 0.9047, Dice: 0.9494
2025-06-08 16:34:55,808 - INFO - Val   - Loss: 0.5559, IoU: 0.6251, Dice: 0.7634
2025-06-08 16:34:57,046 - INFO - 
Época 101/200
2025-06-08 16:34:59,703 - INFO - Batch 0/14: Loss: 0.1931, IoU: 0.9297, Dice: 0.9636
2025-06-08 16:35:04,040 - INFO - Batch 10/14: Loss: 0.1882, IoU: 0.9134, Dice: 0.9547
2025-06-08 16:35:08,089 - INFO - Train - Loss: 0.1962, IoU: 0.9157, Dice: 0.9558
2025-06-08 16:35:08,089 - INFO - Val   - Loss: 0.6126, IoU: 0.5717, Dice: 0.7209
2025-06-08 16:35:09,170 - INFO - 
Época 102/200
2025-06-08 16:35:11,874 - INFO - Batch 0/14: Loss: 0.1704, IoU: 0.9220, Dice: 0.9594
2025-06-08 16:35:16,186 - INFO - Batch 10/14: Loss: 0.2280, IoU: 0.9037, Dice: 0.9494
2025-06-08 16:35:19,510 - INFO - Train - Loss: 0.1906, IoU: 0.9172, Dice: 0.9567
2025-06-08 16:35:19,510 - INFO - Val   - Loss: 0.6314, IoU: 0.5838, Dice: 0.7272
2025-06-08 16:35:20,309 - INFO - 
Época 103/200
2025-06-08 16:35:21,949 - INFO - Batch 0/14: Loss: 0.1849, IoU: 0.9387, Dice: 0.9684
2025-06-08 16:35:26,263 - INFO - Batch 10/14: Loss: 0.1745, IoU: 0.9279, Dice: 0.9626
2025-06-08 16:35:29,361 - INFO - Train - Loss: 0.1947, IoU: 0.9125, Dice: 0.9541
2025-06-08 16:35:29,361 - INFO - Val   - Loss: 0.6147, IoU: 0.5962, Dice: 0.7382
2025-06-08 16:35:30,093 - INFO - 
Época 104/200
2025-06-08 16:35:31,611 - INFO - Batch 0/14: Loss: 0.1937, IoU: 0.9031, Dice: 0.9491
2025-06-08 16:35:35,918 - INFO - Batch 10/14: Loss: 0.1971, IoU: 0.9208, Dice: 0.9588
2025-06-08 16:35:38,901 - INFO - Train - Loss: 0.1899, IoU: 0.9161, Dice: 0.9560
2025-06-08 16:35:38,901 - INFO - Val   - Loss: 0.7174, IoU: 0.5071, Dice: 0.6631
2025-06-08 16:35:39,564 - INFO - 
Época 105/200
2025-06-08 16:35:40,993 - INFO - Batch 0/14: Loss: 0.1890, IoU: 0.9099, Dice: 0.9528
2025-06-08 16:35:45,328 - INFO - Batch 10/14: Loss: 0.2955, IoU: 0.8124, Dice: 0.8965
2025-06-08 16:35:49,743 - INFO - Train - Loss: 0.1919, IoU: 0.9092, Dice: 0.9521
2025-06-08 16:35:49,743 - INFO - Val   - Loss: 0.6355, IoU: 0.5990, Dice: 0.7421
2025-06-08 16:35:50,972 - INFO - 
Época 106/200
2025-06-08 16:35:53,387 - INFO - Batch 0/14: Loss: 0.2045, IoU: 0.9118, Dice: 0.9539
2025-06-08 16:35:57,720 - INFO - Batch 10/14: Loss: 0.1513, IoU: 0.9409, Dice: 0.9696
2025-06-08 16:36:01,967 - INFO - Train - Loss: 0.1733, IoU: 0.9310, Dice: 0.9643
2025-06-08 16:36:01,967 - INFO - Val   - Loss: 0.5866, IoU: 0.6018, Dice: 0.7472
2025-06-08 16:36:03,202 - INFO - 
Época 107/200
2025-06-08 16:36:05,701 - INFO - Batch 0/14: Loss: 0.1642, IoU: 0.9237, Dice: 0.9603
2025-06-08 16:36:10,033 - INFO - Batch 10/14: Loss: 0.1640, IoU: 0.9161, Dice: 0.9562
2025-06-08 16:36:14,148 - INFO - Train - Loss: 0.1842, IoU: 0.9137, Dice: 0.9543
2025-06-08 16:36:14,148 - INFO - Val   - Loss: 0.5828, IoU: 0.6157, Dice: 0.7575
2025-06-08 16:36:15,335 - INFO - 
Época 108/200
2025-06-08 16:36:17,951 - INFO - Batch 0/14: Loss: 0.1546, IoU: 0.9398, Dice: 0.9690
2025-06-08 16:36:22,270 - INFO - Batch 10/14: Loss: 0.1893, IoU: 0.9097, Dice: 0.9527
2025-06-08 16:36:26,111 - INFO - Train - Loss: 0.1697, IoU: 0.9300, Dice: 0.9637
2025-06-08 16:36:26,111 - INFO - Val   - Loss: 0.6390, IoU: 0.5693, Dice: 0.7106
2025-06-08 16:36:27,329 - INFO - 
Época 109/200
2025-06-08 16:36:29,707 - INFO - Batch 0/14: Loss: 0.1981, IoU: 0.9102, Dice: 0.9530
2025-06-08 16:36:34,007 - INFO - Batch 10/14: Loss: 0.1765, IoU: 0.9101, Dice: 0.9529
2025-06-08 16:36:37,944 - INFO - Train - Loss: 0.1654, IoU: 0.9282, Dice: 0.9627
2025-06-08 16:36:37,944 - INFO - Val   - Loss: 0.6852, IoU: 0.5233, Dice: 0.6759
2025-06-08 16:36:39,120 - INFO - 
Época 110/200
2025-06-08 16:36:41,327 - INFO - Batch 0/14: Loss: 0.2410, IoU: 0.8839, Dice: 0.9384
2025-06-08 16:36:45,642 - INFO - Batch 10/14: Loss: 0.1582, IoU: 0.9454, Dice: 0.9719
2025-06-08 16:36:49,096 - INFO - Train - Loss: 0.1705, IoU: 0.9262, Dice: 0.9616
2025-06-08 16:36:49,096 - INFO - Val   - Loss: 0.6993, IoU: 0.5061, Dice: 0.6600
2025-06-08 16:36:49,926 - INFO - 
Época 111/200
2025-06-08 16:36:51,803 - INFO - Batch 0/14: Loss: 0.1666, IoU: 0.9134, Dice: 0.9547
2025-06-08 16:36:56,106 - INFO - Batch 10/14: Loss: 0.1538, IoU: 0.9410, Dice: 0.9696
2025-06-08 16:36:59,526 - INFO - Train - Loss: 0.1688, IoU: 0.9248, Dice: 0.9609
2025-06-08 16:36:59,527 - INFO - Val   - Loss: 0.5787, IoU: 0.6199, Dice: 0.7595
2025-06-08 16:37:00,418 - INFO - 
Época 112/200
2025-06-08 16:37:02,215 - INFO - Batch 0/14: Loss: 0.1135, IoU: 0.9644, Dice: 0.9819
2025-06-08 16:37:06,519 - INFO - Batch 10/14: Loss: 0.1703, IoU: 0.9248, Dice: 0.9609
2025-06-08 16:37:09,809 - INFO - Train - Loss: 0.1644, IoU: 0.9275, Dice: 0.9621
2025-06-08 16:37:09,809 - INFO - Val   - Loss: 0.5630, IoU: 0.6257, Dice: 0.7639
2025-06-08 16:37:10,607 - INFO - 
Época 113/200
2025-06-08 16:37:12,122 - INFO - Batch 0/14: Loss: 0.1903, IoU: 0.9038, Dice: 0.9494
2025-06-08 16:37:16,453 - INFO - Batch 10/14: Loss: 0.1344, IoU: 0.9542, Dice: 0.9766
2025-06-08 16:37:19,600 - INFO - Train - Loss: 0.1561, IoU: 0.9341, Dice: 0.9658
2025-06-08 16:37:19,600 - INFO - Val   - Loss: 0.5793, IoU: 0.6087, Dice: 0.7487
2025-06-08 16:37:20,347 - INFO - 
Época 114/200
2025-06-08 16:37:22,014 - INFO - Batch 0/14: Loss: 0.1306, IoU: 0.9427, Dice: 0.9705
2025-06-08 16:37:26,338 - INFO - Batch 10/14: Loss: 0.3281, IoU: 0.7937, Dice: 0.8850
2025-06-08 16:37:29,451 - INFO - Train - Loss: 0.1669, IoU: 0.9207, Dice: 0.9583
2025-06-08 16:37:29,451 - INFO - Val   - Loss: 0.5908, IoU: 0.6039, Dice: 0.7458
2025-06-08 16:37:30,185 - INFO - 
Época 115/200
2025-06-08 16:37:31,851 - INFO - Batch 0/14: Loss: 0.1265, IoU: 0.9484, Dice: 0.9735
2025-06-08 16:37:36,167 - INFO - Batch 10/14: Loss: 0.1070, IoU: 0.9609, Dice: 0.9801
2025-06-08 16:37:39,274 - INFO - Train - Loss: 0.1517, IoU: 0.9319, Dice: 0.9645
2025-06-08 16:37:39,274 - INFO - Val   - Loss: 0.5830, IoU: 0.6162, Dice: 0.7557
2025-06-08 16:37:40,015 - INFO - 
Época 116/200
2025-06-08 16:37:41,608 - INFO - Batch 0/14: Loss: 0.1631, IoU: 0.9242, Dice: 0.9606
2025-06-08 16:37:45,927 - INFO - Batch 10/14: Loss: 0.1825, IoU: 0.8976, Dice: 0.9460
2025-06-08 16:37:49,035 - INFO - Train - Loss: 0.1567, IoU: 0.9294, Dice: 0.9633
2025-06-08 16:37:49,036 - INFO - Val   - Loss: 0.6119, IoU: 0.5728, Dice: 0.7198
2025-06-08 16:37:49,771 - INFO - 
Época 117/200
2025-06-08 16:37:51,568 - INFO - Batch 0/14: Loss: 0.1561, IoU: 0.9316, Dice: 0.9646
2025-06-08 16:37:55,901 - INFO - Batch 10/14: Loss: 0.1372, IoU: 0.9445, Dice: 0.9715
2025-06-08 16:37:58,998 - INFO - Train - Loss: 0.1519, IoU: 0.9330, Dice: 0.9653
2025-06-08 16:37:58,998 - INFO - Val   - Loss: 0.5821, IoU: 0.5986, Dice: 0.7399
2025-06-08 16:37:59,732 - INFO - 
Época 118/200
2025-06-08 16:38:01,265 - INFO - Batch 0/14: Loss: 0.1123, IoU: 0.9568, Dice: 0.9779
2025-06-08 16:38:05,582 - INFO - Batch 10/14: Loss: 0.1386, IoU: 0.9481, Dice: 0.9734
2025-06-08 16:38:08,676 - INFO - Train - Loss: 0.1484, IoU: 0.9313, Dice: 0.9641
2025-06-08 16:38:08,676 - INFO - Val   - Loss: 0.5934, IoU: 0.6111, Dice: 0.7514
2025-06-08 16:38:09,411 - INFO - 
Época 119/200
2025-06-08 16:38:10,922 - INFO - Batch 0/14: Loss: 0.1286, IoU: 0.9443, Dice: 0.9713
2025-06-08 16:38:15,242 - INFO - Batch 10/14: Loss: 0.1154, IoU: 0.9534, Dice: 0.9761
2025-06-08 16:38:18,335 - INFO - Train - Loss: 0.1476, IoU: 0.9336, Dice: 0.9655
2025-06-08 16:38:18,335 - INFO - Val   - Loss: 0.6501, IoU: 0.5616, Dice: 0.7088
2025-06-08 16:38:19,061 - INFO - 
Época 120/200
2025-06-08 16:38:20,759 - INFO - Batch 0/14: Loss: 0.1116, IoU: 0.9533, Dice: 0.9761
2025-06-08 16:38:25,079 - INFO - Batch 10/14: Loss: 0.1412, IoU: 0.9353, Dice: 0.9666
2025-06-08 16:38:28,139 - INFO - Train - Loss: 0.1505, IoU: 0.9318, Dice: 0.9644
2025-06-08 16:38:28,139 - INFO - Val   - Loss: 0.6546, IoU: 0.5649, Dice: 0.7108
2025-06-08 16:38:28,823 - INFO - 
Época 121/200
2025-06-08 16:38:30,332 - INFO - Batch 0/14: Loss: 0.1929, IoU: 0.9188, Dice: 0.9577
2025-06-08 16:38:34,655 - INFO - Batch 10/14: Loss: 0.1839, IoU: 0.9279, Dice: 0.9626
2025-06-08 16:38:37,668 - INFO - Train - Loss: 0.1408, IoU: 0.9404, Dice: 0.9693
2025-06-08 16:38:37,668 - INFO - Val   - Loss: 0.6881, IoU: 0.5308, Dice: 0.6691
2025-06-08 16:38:38,338 - INFO - 
Época 122/200
2025-06-08 16:38:39,735 - INFO - Batch 0/14: Loss: 0.1059, IoU: 0.9575, Dice: 0.9783
2025-06-08 16:38:44,072 - INFO - Batch 10/14: Loss: 0.1389, IoU: 0.9367, Dice: 0.9673
2025-06-08 16:38:47,073 - INFO - Train - Loss: 0.1460, IoU: 0.9340, Dice: 0.9657
2025-06-08 16:38:47,073 - INFO - Val   - Loss: 0.6504, IoU: 0.5692, Dice: 0.7055
2025-06-08 16:38:47,758 - INFO - 
Época 123/200
2025-06-08 16:38:49,570 - INFO - Batch 0/14: Loss: 0.1560, IoU: 0.9188, Dice: 0.9577
2025-06-08 16:38:53,908 - INFO - Batch 10/14: Loss: 0.1331, IoU: 0.9463, Dice: 0.9724
2025-06-08 16:38:56,915 - INFO - Train - Loss: 0.1433, IoU: 0.9364, Dice: 0.9670
2025-06-08 16:38:56,915 - INFO - Val   - Loss: 0.6161, IoU: 0.5837, Dice: 0.7237
2025-06-08 16:38:57,602 - INFO - 
Época 124/200
2025-06-08 16:38:59,588 - INFO - Batch 0/14: Loss: 0.1344, IoU: 0.9423, Dice: 0.9703
2025-06-08 16:39:03,907 - INFO - Batch 10/14: Loss: 0.1648, IoU: 0.9077, Dice: 0.9516
2025-06-08 16:39:06,922 - INFO - Train - Loss: 0.1399, IoU: 0.9375, Dice: 0.9677
2025-06-08 16:39:06,922 - INFO - Val   - Loss: 0.6550, IoU: 0.5526, Dice: 0.6987
2025-06-08 16:39:07,605 - INFO - 
Época 125/200
2025-06-08 16:39:09,205 - INFO - Batch 0/14: Loss: 0.1599, IoU: 0.9235, Dice: 0.9602
2025-06-08 16:39:13,550 - INFO - Batch 10/14: Loss: 0.1092, IoU: 0.9581, Dice: 0.9786
2025-06-08 16:39:16,584 - INFO - Train - Loss: 0.1358, IoU: 0.9410, Dice: 0.9695
2025-06-08 16:39:16,585 - INFO - Val   - Loss: 0.6553, IoU: 0.5531, Dice: 0.6980
2025-06-08 16:39:17,352 - INFO - 
Época 126/200
2025-06-08 16:39:19,103 - INFO - Batch 0/14: Loss: 0.1434, IoU: 0.9508, Dice: 0.9748
2025-06-08 16:39:23,464 - INFO - Batch 10/14: Loss: 0.1671, IoU: 0.9353, Dice: 0.9666
2025-06-08 16:39:27,562 - INFO - Train - Loss: 0.1393, IoU: 0.9385, Dice: 0.9682
2025-06-08 16:39:27,563 - INFO - Val   - Loss: 0.6504, IoU: 0.5588, Dice: 0.7021
2025-06-08 16:39:28,819 - INFO - 
Época 127/200
2025-06-08 16:39:30,871 - INFO - Batch 0/14: Loss: 0.1034, IoU: 0.9569, Dice: 0.9780
2025-06-08 16:39:35,645 - INFO - Batch 10/14: Loss: 0.1770, IoU: 0.8984, Dice: 0.9465
2025-06-08 16:39:39,720 - INFO - Train - Loss: 0.1377, IoU: 0.9382, Dice: 0.9680
2025-06-08 16:39:39,721 - INFO - Val   - Loss: 0.6531, IoU: 0.5564, Dice: 0.7001
2025-06-08 16:39:40,876 - INFO - 
Época 128/200
2025-06-08 16:39:43,002 - INFO - Batch 0/14: Loss: 0.1342, IoU: 0.9511, Dice: 0.9749
2025-06-08 16:39:47,331 - INFO - Batch 10/14: Loss: 0.1155, IoU: 0.9531, Dice: 0.9760
2025-06-08 16:39:51,342 - INFO - Train - Loss: 0.1376, IoU: 0.9370, Dice: 0.9673
2025-06-08 16:39:51,342 - INFO - Val   - Loss: 0.6573, IoU: 0.5582, Dice: 0.7000
2025-06-08 16:39:52,488 - INFO - 
Época 129/200
2025-06-08 16:39:54,739 - INFO - Batch 0/14: Loss: 0.1561, IoU: 0.9323, Dice: 0.9650
2025-06-08 16:39:59,064 - INFO - Batch 10/14: Loss: 0.1263, IoU: 0.9379, Dice: 0.9680
2025-06-08 16:40:02,994 - INFO - Train - Loss: 0.1362, IoU: 0.9415, Dice: 0.9698
2025-06-08 16:40:02,994 - INFO - Val   - Loss: 0.6658, IoU: 0.5468, Dice: 0.6908
2025-06-08 16:40:04,140 - INFO - 
Época 130/200
2025-06-08 16:40:06,536 - INFO - Batch 0/14: Loss: 0.1286, IoU: 0.9462, Dice: 0.9723
2025-06-08 16:40:10,846 - INFO - Batch 10/14: Loss: 0.1521, IoU: 0.9387, Dice: 0.9684
2025-06-08 16:40:14,762 - INFO - Train - Loss: 0.1295, IoU: 0.9444, Dice: 0.9713
2025-06-08 16:40:14,762 - INFO - Val   - Loss: 0.6753, IoU: 0.5374, Dice: 0.6835
2025-06-08 16:40:15,907 - INFO - 
Época 131/200
2025-06-08 16:40:18,380 - INFO - Batch 0/14: Loss: 0.1376, IoU: 0.9258, Dice: 0.9615
2025-06-08 16:40:22,695 - INFO - Batch 10/14: Loss: 0.1381, IoU: 0.9303, Dice: 0.9639
2025-06-08 16:40:26,661 - INFO - Train - Loss: 0.1327, IoU: 0.9400, Dice: 0.9690
2025-06-08 16:40:26,661 - INFO - Val   - Loss: 0.6280, IoU: 0.5706, Dice: 0.7151
2025-06-08 16:40:27,697 - INFO - 
Época 132/200
2025-06-08 16:40:30,247 - INFO - Batch 0/14: Loss: 0.0933, IoU: 0.9672, Dice: 0.9833
2025-06-08 16:40:34,559 - INFO - Batch 10/14: Loss: 0.0877, IoU: 0.9685, Dice: 0.9840
2025-06-08 16:40:38,500 - INFO - Train - Loss: 0.1354, IoU: 0.9373, Dice: 0.9670
2025-06-08 16:40:38,500 - INFO - Val   - Loss: 0.6007, IoU: 0.5964, Dice: 0.7385
2025-06-08 16:40:39,653 - INFO - 
Época 133/200
2025-06-08 16:40:42,169 - INFO - Batch 0/14: Loss: 0.1254, IoU: 0.9547, Dice: 0.9768
2025-06-08 16:40:46,477 - INFO - Batch 10/14: Loss: 0.1131, IoU: 0.9538, Dice: 0.9763
2025-06-08 16:40:50,025 - INFO - Train - Loss: 0.1299, IoU: 0.9435, Dice: 0.9708
2025-06-08 16:40:50,025 - INFO - Val   - Loss: 0.6262, IoU: 0.5773, Dice: 0.7216
2025-06-08 16:40:50,861 - INFO - 
Época 134/200
2025-06-08 16:40:53,106 - INFO - Batch 0/14: Loss: 0.0997, IoU: 0.9611, Dice: 0.9802
2025-06-08 16:40:57,392 - INFO - Batch 10/14: Loss: 0.1203, IoU: 0.9501, Dice: 0.9744
2025-06-08 16:41:00,750 - INFO - Train - Loss: 0.1234, IoU: 0.9500, Dice: 0.9744
2025-06-08 16:41:00,750 - INFO - Val   - Loss: 0.6050, IoU: 0.5934, Dice: 0.7354
2025-06-08 16:41:01,579 - INFO - 
Época 135/200
2025-06-08 16:41:03,307 - INFO - Batch 0/14: Loss: 0.1121, IoU: 0.9495, Dice: 0.9741
2025-06-08 16:41:07,614 - INFO - Batch 10/14: Loss: 0.1275, IoU: 0.9432, Dice: 0.9708
2025-06-08 16:41:10,905 - INFO - Train - Loss: 0.1324, IoU: 0.9420, Dice: 0.9701
2025-06-08 16:41:10,906 - INFO - Val   - Loss: 0.5853, IoU: 0.6120, Dice: 0.7506
2025-06-08 16:41:11,648 - INFO - 
Época 136/200
2025-06-08 16:41:13,260 - INFO - Batch 0/14: Loss: 0.1458, IoU: 0.9419, Dice: 0.9701
2025-06-08 16:41:17,565 - INFO - Batch 10/14: Loss: 0.1249, IoU: 0.9393, Dice: 0.9687
2025-06-08 16:41:20,880 - INFO - Train - Loss: 0.1265, IoU: 0.9448, Dice: 0.9716
2025-06-08 16:41:20,881 - INFO - Val   - Loss: 0.5815, IoU: 0.6094, Dice: 0.7491
2025-06-08 16:41:21,641 - INFO - 
Época 137/200
2025-06-08 16:41:23,572 - INFO - Batch 0/14: Loss: 0.1030, IoU: 0.9599, Dice: 0.9796
2025-06-08 16:41:27,893 - INFO - Batch 10/14: Loss: 0.1108, IoU: 0.9659, Dice: 0.9827
2025-06-08 16:41:31,174 - INFO - Train - Loss: 0.1208, IoU: 0.9512, Dice: 0.9750
2025-06-08 16:41:31,174 - INFO - Val   - Loss: 0.5822, IoU: 0.6099, Dice: 0.7497
2025-06-08 16:41:31,930 - INFO - 
Época 138/200
2025-06-08 16:41:33,755 - INFO - Batch 0/14: Loss: 0.1248, IoU: 0.9507, Dice: 0.9747
2025-06-08 16:41:38,077 - INFO - Batch 10/14: Loss: 0.1010, IoU: 0.9628, Dice: 0.9811
2025-06-08 16:41:41,369 - INFO - Train - Loss: 0.1277, IoU: 0.9431, Dice: 0.9705
2025-06-08 16:41:41,370 - INFO - Val   - Loss: 0.5940, IoU: 0.6004, Dice: 0.7427
2025-06-08 16:41:42,082 - INFO - 
Época 139/200
2025-06-08 16:41:44,042 - INFO - Batch 0/14: Loss: 0.1333, IoU: 0.9489, Dice: 0.9738
2025-06-08 16:41:48,377 - INFO - Batch 10/14: Loss: 0.1798, IoU: 0.9295, Dice: 0.9634
2025-06-08 16:41:51,643 - INFO - Train - Loss: 0.1257, IoU: 0.9480, Dice: 0.9732
2025-06-08 16:41:51,643 - INFO - Val   - Loss: 0.5899, IoU: 0.5989, Dice: 0.7416
2025-06-08 16:41:52,463 - INFO - 
Época 140/200
2025-06-08 16:41:54,034 - INFO - Batch 0/14: Loss: 0.1185, IoU: 0.9537, Dice: 0.9763
2025-06-08 16:41:58,382 - INFO - Batch 10/14: Loss: 0.0965, IoU: 0.9633, Dice: 0.9813
2025-06-08 16:42:01,638 - INFO - Train - Loss: 0.1313, IoU: 0.9421, Dice: 0.9700
2025-06-08 16:42:01,638 - INFO - Val   - Loss: 0.5927, IoU: 0.5969, Dice: 0.7399
2025-06-08 16:42:02,440 - INFO - 
Época 141/200
2025-06-08 16:42:04,330 - INFO - Batch 0/14: Loss: 0.0986, IoU: 0.9638, Dice: 0.9816
2025-06-08 16:42:08,664 - INFO - Batch 10/14: Loss: 0.1065, IoU: 0.9536, Dice: 0.9762
2025-06-08 16:42:11,840 - INFO - Train - Loss: 0.1219, IoU: 0.9480, Dice: 0.9733
2025-06-08 16:42:11,840 - INFO - Val   - Loss: 0.5838, IoU: 0.6061, Dice: 0.7472
2025-06-08 16:42:12,594 - INFO - 
Época 142/200
2025-06-08 16:42:14,129 - INFO - Batch 0/14: Loss: 0.1252, IoU: 0.9468, Dice: 0.9726
2025-06-08 16:42:18,463 - INFO - Batch 10/14: Loss: 0.1038, IoU: 0.9612, Dice: 0.9802
2025-06-08 16:42:21,616 - INFO - Train - Loss: 0.1207, IoU: 0.9496, Dice: 0.9741
2025-06-08 16:42:21,616 - INFO - Val   - Loss: 0.6026, IoU: 0.5879, Dice: 0.7312
2025-06-08 16:42:22,370 - INFO - 
Época 143/200
2025-06-08 16:42:23,926 - INFO - Batch 0/14: Loss: 0.1145, IoU: 0.9495, Dice: 0.9741
2025-06-08 16:42:28,272 - INFO - Batch 10/14: Loss: 0.1446, IoU: 0.9340, Dice: 0.9659
2025-06-08 16:42:31,380 - INFO - Train - Loss: 0.1207, IoU: 0.9493, Dice: 0.9740
2025-06-08 16:42:31,380 - INFO - Val   - Loss: 0.6002, IoU: 0.5885, Dice: 0.7316
2025-06-08 16:42:32,122 - INFO - 
Época 144/200
2025-06-08 16:42:33,622 - INFO - Batch 0/14: Loss: 0.1069, IoU: 0.9573, Dice: 0.9782
2025-06-08 16:42:38,041 - INFO - Batch 10/14: Loss: 0.1079, IoU: 0.9603, Dice: 0.9798
2025-06-08 16:42:41,133 - INFO - Train - Loss: 0.1243, IoU: 0.9478, Dice: 0.9731
2025-06-08 16:42:41,133 - INFO - Val   - Loss: 0.5838, IoU: 0.6012, Dice: 0.7425
2025-06-08 16:42:41,859 - INFO - 
Época 145/200
2025-06-08 16:42:43,639 - INFO - Batch 0/14: Loss: 0.1321, IoU: 0.9463, Dice: 0.9724
2025-06-08 16:42:47,941 - INFO - Batch 10/14: Loss: 0.1219, IoU: 0.9558, Dice: 0.9774
2025-06-08 16:42:51,033 - INFO - Train - Loss: 0.1198, IoU: 0.9506, Dice: 0.9747
2025-06-08 16:42:51,034 - INFO - Val   - Loss: 0.5798, IoU: 0.6068, Dice: 0.7470
2025-06-08 16:42:51,759 - INFO - 
Época 146/200
2025-06-08 16:42:53,170 - INFO - Batch 0/14: Loss: 0.2628, IoU: 0.8359, Dice: 0.9106
2025-06-08 16:42:57,493 - INFO - Batch 10/14: Loss: 0.1458, IoU: 0.9520, Dice: 0.9754
2025-06-08 16:43:00,582 - INFO - Train - Loss: 0.1320, IoU: 0.9407, Dice: 0.9692
2025-06-08 16:43:00,583 - INFO - Val   - Loss: 0.5909, IoU: 0.5962, Dice: 0.7377
2025-06-08 16:43:01,293 - INFO - 
Época 147/200
2025-06-08 16:43:02,733 - INFO - Batch 0/14: Loss: 0.1142, IoU: 0.9515, Dice: 0.9751
2025-06-08 16:43:07,053 - INFO - Batch 10/14: Loss: 0.1064, IoU: 0.9653, Dice: 0.9824
2025-06-08 16:43:10,138 - INFO - Train - Loss: 0.1214, IoU: 0.9490, Dice: 0.9738
2025-06-08 16:43:10,138 - INFO - Val   - Loss: 0.5864, IoU: 0.6026, Dice: 0.7434
2025-06-08 16:43:10,866 - INFO - 
Época 148/200
2025-06-08 16:43:12,351 - INFO - Batch 0/14: Loss: 0.1699, IoU: 0.9015, Dice: 0.9482
2025-06-08 16:43:16,686 - INFO - Batch 10/14: Loss: 0.1461, IoU: 0.9410, Dice: 0.9696
2025-06-08 16:43:19,794 - INFO - Train - Loss: 0.1307, IoU: 0.9434, Dice: 0.9708
2025-06-08 16:43:19,794 - INFO - Val   - Loss: 0.5781, IoU: 0.6122, Dice: 0.7513
2025-06-08 16:43:20,505 - INFO - 
Época 149/200
2025-06-08 16:43:22,388 - INFO - Batch 0/14: Loss: 0.1116, IoU: 0.9502, Dice: 0.9744
2025-06-08 16:43:26,722 - INFO - Batch 10/14: Loss: 0.1983, IoU: 0.8910, Dice: 0.9424
2025-06-08 16:43:29,794 - INFO - Train - Loss: 0.1227, IoU: 0.9476, Dice: 0.9730
2025-06-08 16:43:29,794 - INFO - Val   - Loss: 0.5821, IoU: 0.6045, Dice: 0.7454
2025-06-08 16:43:30,466 - INFO - 
Época 150/200
2025-06-08 16:43:32,125 - INFO - Batch 0/14: Loss: 0.1383, IoU: 0.9514, Dice: 0.9751
2025-06-08 16:43:36,464 - INFO - Batch 10/14: Loss: 0.0947, IoU: 0.9635, Dice: 0.9814
2025-06-08 16:43:39,511 - INFO - Train - Loss: 0.1215, IoU: 0.9506, Dice: 0.9746
2025-06-08 16:43:39,511 - INFO - Val   - Loss: 0.5975, IoU: 0.5908, Dice: 0.7335
2025-06-08 16:43:40,196 - INFO - 
Época 151/200
2025-06-08 16:43:42,082 - INFO - Batch 0/14: Loss: 0.1138, IoU: 0.9566, Dice: 0.9778
2025-06-08 16:43:46,422 - INFO - Batch 10/14: Loss: 0.1179, IoU: 0.9466, Dice: 0.9726
2025-06-08 16:43:49,484 - INFO - Train - Loss: 0.1161, IoU: 0.9515, Dice: 0.9751
2025-06-08 16:43:49,484 - INFO - Val   - Loss: 0.6253, IoU: 0.5832, Dice: 0.7281
2025-06-08 16:43:50,162 - INFO - 
Época 152/200
2025-06-08 16:43:51,517 - INFO - Batch 0/14: Loss: 0.1334, IoU: 0.9361, Dice: 0.9670
2025-06-08 16:43:55,860 - INFO - Batch 10/14: Loss: 0.2104, IoU: 0.8796, Dice: 0.9360
2025-06-08 16:43:58,932 - INFO - Train - Loss: 0.1304, IoU: 0.9378, Dice: 0.9677
2025-06-08 16:43:58,932 - INFO - Val   - Loss: 0.6359, IoU: 0.5772, Dice: 0.7236
2025-06-08 16:43:59,614 - INFO - 
Época 153/200
2025-06-08 16:44:01,173 - INFO - Batch 0/14: Loss: 0.1616, IoU: 0.8995, Dice: 0.9471
2025-06-08 16:44:05,496 - INFO - Batch 10/14: Loss: 0.1256, IoU: 0.9422, Dice: 0.9702
2025-06-08 16:44:08,514 - INFO - Train - Loss: 0.1342, IoU: 0.9301, Dice: 0.9637
2025-06-08 16:44:08,514 - INFO - Val   - Loss: 0.7131, IoU: 0.6093, Dice: 0.7481
2025-06-08 16:44:09,195 - INFO - 
Época 154/200
2025-06-08 16:44:10,474 - INFO - Batch 0/14: Loss: 0.2492, IoU: 0.7968, Dice: 0.8869
2025-06-08 16:44:14,812 - INFO - Batch 10/14: Loss: 0.2011, IoU: 0.8565, Dice: 0.9227
2025-06-08 16:44:17,858 - INFO - Train - Loss: 0.1528, IoU: 0.9078, Dice: 0.9511
2025-06-08 16:44:17,858 - INFO - Val   - Loss: 0.6675, IoU: 0.5280, Dice: 0.6863
2025-06-08 16:44:18,538 - INFO - 
Época 155/200
2025-06-08 16:44:20,350 - INFO - Batch 0/14: Loss: 0.1383, IoU: 0.9281, Dice: 0.9627
2025-06-08 16:44:24,691 - INFO - Batch 10/14: Loss: 0.1193, IoU: 0.9443, Dice: 0.9713
2025-06-08 16:44:27,710 - INFO - Train - Loss: 0.1311, IoU: 0.9301, Dice: 0.9636
2025-06-08 16:44:27,710 - INFO - Val   - Loss: 0.6810, IoU: 0.5872, Dice: 0.7331
2025-06-08 16:44:28,391 - INFO - 
Época 156/200
2025-06-08 16:44:29,788 - INFO - Batch 0/14: Loss: 0.2352, IoU: 0.8394, Dice: 0.9127
2025-06-08 16:44:34,368 - INFO - Batch 10/14: Loss: 0.1438, IoU: 0.9204, Dice: 0.9586
2025-06-08 16:44:37,429 - INFO - Train - Loss: 0.1530, IoU: 0.9076, Dice: 0.9512
2025-06-08 16:44:37,429 - INFO - Val   - Loss: 0.5697, IoU: 0.6100, Dice: 0.7524
2025-06-08 16:44:38,106 - INFO - 
Época 157/200
2025-06-08 16:44:39,643 - INFO - Batch 0/14: Loss: 0.1189, IoU: 0.9376, Dice: 0.9678
2025-06-08 16:44:43,984 - INFO - Batch 10/14: Loss: 0.0967, IoU: 0.9559, Dice: 0.9775
2025-06-08 16:44:47,002 - INFO - Train - Loss: 0.1345, IoU: 0.9236, Dice: 0.9601
2025-06-08 16:44:47,002 - INFO - Val   - Loss: 0.6185, IoU: 0.5714, Dice: 0.7173
2025-06-08 16:44:47,687 - INFO - 
Época 158/200
2025-06-08 16:44:49,209 - INFO - Batch 0/14: Loss: 0.1158, IoU: 0.9379, Dice: 0.9680
2025-06-08 16:44:53,559 - INFO - Batch 10/14: Loss: 0.1323, IoU: 0.9222, Dice: 0.9595
2025-06-08 16:44:56,704 - INFO - Train - Loss: 0.1493, IoU: 0.9071, Dice: 0.9510
2025-06-08 16:44:56,705 - INFO - Val   - Loss: 0.9376, IoU: 0.3556, Dice: 0.5172
2025-06-08 16:44:57,819 - INFO - 
Época 159/200
2025-06-08 16:45:00,336 - INFO - Batch 0/14: Loss: 0.1613, IoU: 0.8966, Dice: 0.9455
2025-06-08 16:45:04,680 - INFO - Batch 10/14: Loss: 0.1241, IoU: 0.9267, Dice: 0.9619
2025-06-08 16:45:08,720 - INFO - Train - Loss: 0.1400, IoU: 0.9154, Dice: 0.9557
2025-06-08 16:45:08,720 - INFO - Val   - Loss: 0.5912, IoU: 0.5992, Dice: 0.7420
2025-06-08 16:45:09,897 - INFO - 
Época 160/200
2025-06-08 16:45:12,070 - INFO - Batch 0/14: Loss: 0.1636, IoU: 0.8941, Dice: 0.9441
2025-06-08 16:45:16,692 - INFO - Batch 10/14: Loss: 0.1499, IoU: 0.9050, Dice: 0.9501
2025-06-08 16:45:20,663 - INFO - Train - Loss: 0.1846, IoU: 0.8724, Dice: 0.9268
2025-06-08 16:45:20,663 - INFO - Val   - Loss: 0.6005, IoU: 0.6048, Dice: 0.7484
2025-06-08 16:45:21,824 - INFO - 
Época 161/200
2025-06-08 16:45:24,199 - INFO - Batch 0/14: Loss: 0.2279, IoU: 0.8292, Dice: 0.9066
2025-06-08 16:45:28,529 - INFO - Batch 10/14: Loss: 0.1561, IoU: 0.8991, Dice: 0.9469
2025-06-08 16:45:32,460 - INFO - Train - Loss: 0.1690, IoU: 0.8888, Dice: 0.9409
2025-06-08 16:45:32,460 - INFO - Val   - Loss: 0.8106, IoU: 0.4327, Dice: 0.5956
2025-06-08 16:45:33,643 - INFO - 
Época 162/200
2025-06-08 16:45:36,017 - INFO - Batch 0/14: Loss: 0.1617, IoU: 0.8810, Dice: 0.9368
2025-06-08 16:45:40,345 - INFO - Batch 10/14: Loss: 0.1840, IoU: 0.8654, Dice: 0.9279
2025-06-08 16:45:44,223 - INFO - Train - Loss: 0.1750, IoU: 0.8801, Dice: 0.9354
2025-06-08 16:45:44,224 - INFO - Val   - Loss: 0.9412, IoU: 0.3497, Dice: 0.5115
2025-06-08 16:45:45,388 - INFO - 
Época 163/200
2025-06-08 16:45:47,840 - INFO - Batch 0/14: Loss: 0.1363, IoU: 0.9163, Dice: 0.9563
2025-06-08 16:45:52,161 - INFO - Batch 10/14: Loss: 0.1195, IoU: 0.9316, Dice: 0.9646
2025-06-08 16:45:56,082 - INFO - Train - Loss: 0.1598, IoU: 0.8975, Dice: 0.9454
2025-06-08 16:45:56,082 - INFO - Val   - Loss: 0.8292, IoU: 0.4330, Dice: 0.5898
2025-06-08 16:45:57,207 - INFO - 
Época 164/200
2025-06-08 16:45:59,912 - INFO - Batch 0/14: Loss: 0.1043, IoU: 0.9471, Dice: 0.9728
2025-06-08 16:46:04,238 - INFO - Batch 10/14: Loss: 0.1029, IoU: 0.9472, Dice: 0.9729
2025-06-08 16:46:08,171 - INFO - Train - Loss: 0.1693, IoU: 0.8851, Dice: 0.9380
2025-06-08 16:46:08,171 - INFO - Val   - Loss: 0.5798, IoU: 0.5905, Dice: 0.7352
2025-06-08 16:46:09,309 - INFO - 
Época 165/200
2025-06-08 16:46:11,912 - INFO - Batch 0/14: Loss: 0.1113, IoU: 0.9375, Dice: 0.9677
2025-06-08 16:46:16,217 - INFO - Batch 10/14: Loss: 0.1166, IoU: 0.9366, Dice: 0.9673
2025-06-08 16:46:20,109 - INFO - Train - Loss: 0.1593, IoU: 0.8920, Dice: 0.9417
2025-06-08 16:46:20,110 - INFO - Val   - Loss: 0.6198, IoU: 0.5620, Dice: 0.7117
2025-06-08 16:46:21,248 - INFO - 
Época 166/200
2025-06-08 16:46:23,545 - INFO - Batch 0/14: Loss: 0.2272, IoU: 0.8518, Dice: 0.9200
2025-06-08 16:46:27,842 - INFO - Batch 10/14: Loss: 0.1422, IoU: 0.9112, Dice: 0.9536
2025-06-08 16:46:31,735 - INFO - Train - Loss: 0.1508, IoU: 0.9022, Dice: 0.9478
2025-06-08 16:46:31,735 - INFO - Val   - Loss: 0.6185, IoU: 0.5610, Dice: 0.7116
2025-06-08 16:46:32,864 - INFO - 
Época 167/200
2025-06-08 16:46:35,682 - INFO - Batch 0/14: Loss: 0.1543, IoU: 0.9005, Dice: 0.9477
2025-06-08 16:46:39,980 - INFO - Batch 10/14: Loss: 0.1095, IoU: 0.9449, Dice: 0.9717
2025-06-08 16:46:43,880 - INFO - Train - Loss: 0.1405, IoU: 0.9092, Dice: 0.9518
2025-06-08 16:46:43,880 - INFO - Val   - Loss: 0.5689, IoU: 0.6237, Dice: 0.7582
2025-06-08 16:46:45,000 - INFO - 
Época 168/200
2025-06-08 16:46:47,074 - INFO - Batch 0/14: Loss: 0.1282, IoU: 0.9216, Dice: 0.9592
2025-06-08 16:46:51,378 - INFO - Batch 10/14: Loss: 0.1377, IoU: 0.9093, Dice: 0.9525
2025-06-08 16:46:55,271 - INFO - Train - Loss: 0.1447, IoU: 0.9051, Dice: 0.9498
2025-06-08 16:46:55,271 - INFO - Val   - Loss: 0.5873, IoU: 0.6050, Dice: 0.7470
2025-06-08 16:46:56,405 - INFO - 
Época 169/200
2025-06-08 16:46:58,857 - INFO - Batch 0/14: Loss: 0.1115, IoU: 0.9366, Dice: 0.9673
2025-06-08 16:47:03,159 - INFO - Batch 10/14: Loss: 0.1551, IoU: 0.8958, Dice: 0.9450
2025-06-08 16:47:07,037 - INFO - Train - Loss: 0.1441, IoU: 0.9061, Dice: 0.9505
2025-06-08 16:47:07,037 - INFO - Val   - Loss: 0.6698, IoU: 0.5387, Dice: 0.6904
2025-06-08 16:47:08,143 - INFO - 
Época 170/200
2025-06-08 16:47:10,397 - INFO - Batch 0/14: Loss: 0.1144, IoU: 0.9324, Dice: 0.9650
2025-06-08 16:47:14,710 - INFO - Batch 10/14: Loss: 0.2249, IoU: 0.8104, Dice: 0.8953
2025-06-08 16:47:18,481 - INFO - Train - Loss: 0.1484, IoU: 0.9003, Dice: 0.9468
2025-06-08 16:47:18,481 - INFO - Val   - Loss: 0.5320, IoU: 0.6343, Dice: 0.7668
2025-06-08 16:47:19,617 - INFO - 
Época 171/200
2025-06-08 16:47:21,781 - INFO - Batch 0/14: Loss: 0.1062, IoU: 0.9431, Dice: 0.9707
2025-06-08 16:47:26,092 - INFO - Batch 10/14: Loss: 0.1315, IoU: 0.9227, Dice: 0.9598
2025-06-08 16:47:29,661 - INFO - Train - Loss: 0.1248, IoU: 0.9230, Dice: 0.9599
2025-06-08 16:47:29,661 - INFO - Val   - Loss: 0.6733, IoU: 0.5283, Dice: 0.6850
2025-06-08 16:47:30,774 - INFO - 
Época 172/200
2025-06-08 16:47:33,129 - INFO - Batch 0/14: Loss: 0.1480, IoU: 0.8972, Dice: 0.9458
2025-06-08 16:47:37,418 - INFO - Batch 10/14: Loss: 0.1362, IoU: 0.9036, Dice: 0.9494
2025-06-08 16:47:40,776 - INFO - Train - Loss: 0.1313, IoU: 0.9180, Dice: 0.9571
2025-06-08 16:47:40,776 - INFO - Val   - Loss: 0.8167, IoU: 0.4364, Dice: 0.6000
2025-06-08 16:47:41,643 - INFO - 
Época 173/200
2025-06-08 16:47:43,335 - INFO - Batch 0/14: Loss: 0.1271, IoU: 0.9255, Dice: 0.9613
2025-06-08 16:47:47,639 - INFO - Batch 10/14: Loss: 0.1597, IoU: 0.8857, Dice: 0.9394
2025-06-08 16:47:50,948 - INFO - Train - Loss: 0.1430, IoU: 0.9049, Dice: 0.9494
2025-06-08 16:47:50,948 - INFO - Val   - Loss: 0.5397, IoU: 0.6308, Dice: 0.7655
2025-06-08 16:47:51,783 - INFO - 
Época 174/200
2025-06-08 16:47:53,621 - INFO - Batch 0/14: Loss: 0.1291, IoU: 0.9232, Dice: 0.9601
2025-06-08 16:47:57,929 - INFO - Batch 10/14: Loss: 0.1009, IoU: 0.9455, Dice: 0.9720
2025-06-08 16:48:01,240 - INFO - Train - Loss: 0.1339, IoU: 0.9126, Dice: 0.9540
2025-06-08 16:48:01,240 - INFO - Val   - Loss: 0.6788, IoU: 0.5366, Dice: 0.6902
2025-06-08 16:48:02,061 - INFO - 
Época 175/200
2025-06-08 16:48:04,052 - INFO - Batch 0/14: Loss: 0.1111, IoU: 0.9341, Dice: 0.9659
2025-06-08 16:48:08,366 - INFO - Batch 10/14: Loss: 0.1085, IoU: 0.9400, Dice: 0.9691
2025-06-08 16:48:11,630 - INFO - Train - Loss: 0.1246, IoU: 0.9220, Dice: 0.9592
2025-06-08 16:48:11,630 - INFO - Val   - Loss: 0.6013, IoU: 0.5737, Dice: 0.7220
2025-06-08 16:48:12,444 - INFO - 
Época 176/200
2025-06-08 16:48:14,243 - INFO - Batch 0/14: Loss: 0.1459, IoU: 0.9048, Dice: 0.9500
2025-06-08 16:48:18,564 - INFO - Batch 10/14: Loss: 0.1128, IoU: 0.9317, Dice: 0.9646
2025-06-08 16:48:21,822 - INFO - Train - Loss: 0.1176, IoU: 0.9295, Dice: 0.9633
2025-06-08 16:48:21,822 - INFO - Val   - Loss: 0.6139, IoU: 0.5640, Dice: 0.7187
2025-06-08 16:48:22,624 - INFO - 
Época 177/200
2025-06-08 16:48:24,288 - INFO - Batch 0/14: Loss: 0.1112, IoU: 0.9327, Dice: 0.9652
2025-06-08 16:48:28,629 - INFO - Batch 10/14: Loss: 0.1263, IoU: 0.9167, Dice: 0.9566
2025-06-08 16:48:31,891 - INFO - Train - Loss: 0.1334, IoU: 0.9128, Dice: 0.9541
2025-06-08 16:48:31,892 - INFO - Val   - Loss: 0.5305, IoU: 0.6443, Dice: 0.7754
2025-06-08 16:48:32,699 - INFO - 
Época 178/200
2025-06-08 16:48:34,295 - INFO - Batch 0/14: Loss: 0.1155, IoU: 0.9246, Dice: 0.9608
2025-06-08 16:48:38,625 - INFO - Batch 10/14: Loss: 0.1154, IoU: 0.9258, Dice: 0.9615
2025-06-08 16:48:41,907 - INFO - Train - Loss: 0.1219, IoU: 0.9223, Dice: 0.9594
2025-06-08 16:48:41,907 - INFO - Val   - Loss: 0.5316, IoU: 0.6213, Dice: 0.7635
2025-06-08 16:48:42,666 - INFO - 
Época 179/200
2025-06-08 16:48:44,524 - INFO - Batch 0/14: Loss: 0.3582, IoU: 0.7132, Dice: 0.8326
2025-06-08 16:48:48,848 - INFO - Batch 10/14: Loss: 0.0966, IoU: 0.9478, Dice: 0.9732
2025-06-08 16:48:52,114 - INFO - Train - Loss: 0.1378, IoU: 0.9067, Dice: 0.9500
2025-06-08 16:48:52,114 - INFO - Val   - Loss: 0.6492, IoU: 0.5361, Dice: 0.6882
2025-06-08 16:48:52,893 - INFO - 
Época 180/200
2025-06-08 16:48:54,621 - INFO - Batch 0/14: Loss: 0.1467, IoU: 0.8970, Dice: 0.9457
2025-06-08 16:48:58,946 - INFO - Batch 10/14: Loss: 0.1417, IoU: 0.9012, Dice: 0.9480
2025-06-08 16:49:02,198 - INFO - Train - Loss: 0.1211, IoU: 0.9221, Dice: 0.9593
2025-06-08 16:49:02,198 - INFO - Val   - Loss: 0.5940, IoU: 0.6259, Dice: 0.7596
2025-06-08 16:49:02,982 - INFO - 
Época 181/200
2025-06-08 16:49:04,611 - INFO - Batch 0/14: Loss: 0.1277, IoU: 0.9156, Dice: 0.9560
2025-06-08 16:49:08,938 - INFO - Batch 10/14: Loss: 0.0968, IoU: 0.9454, Dice: 0.9719
2025-06-08 16:49:12,130 - INFO - Train - Loss: 0.1191, IoU: 0.9240, Dice: 0.9603
2025-06-08 16:49:12,130 - INFO - Val   - Loss: 0.6448, IoU: 0.5335, Dice: 0.6929
2025-06-08 16:49:12,941 - INFO - 
Época 182/200
2025-06-08 16:49:14,814 - INFO - Batch 0/14: Loss: 0.0906, IoU: 0.9493, Dice: 0.9740
2025-06-08 16:49:19,140 - INFO - Batch 10/14: Loss: 0.1070, IoU: 0.9343, Dice: 0.9660
2025-06-08 16:49:22,384 - INFO - Train - Loss: 0.1254, IoU: 0.9179, Dice: 0.9569
2025-06-08 16:49:22,384 - INFO - Val   - Loss: 0.6392, IoU: 0.5590, Dice: 0.7116
2025-06-08 16:49:23,164 - INFO - 
Época 183/200
2025-06-08 16:49:24,593 - INFO - Batch 0/14: Loss: 0.1544, IoU: 0.8848, Dice: 0.9389
2025-06-08 16:49:28,936 - INFO - Batch 10/14: Loss: 0.1001, IoU: 0.9464, Dice: 0.9724
2025-06-08 16:49:32,144 - INFO - Train - Loss: 0.1183, IoU: 0.9235, Dice: 0.9601
2025-06-08 16:49:32,144 - INFO - Val   - Loss: 0.6345, IoU: 0.5584, Dice: 0.7109
2025-06-08 16:49:32,915 - INFO - 
Época 184/200
2025-06-08 16:49:34,669 - INFO - Batch 0/14: Loss: 0.1245, IoU: 0.9179, Dice: 0.9572
2025-06-08 16:49:38,989 - INFO - Batch 10/14: Loss: 0.1623, IoU: 0.8832, Dice: 0.9380
2025-06-08 16:49:42,165 - INFO - Train - Loss: 0.1501, IoU: 0.8947, Dice: 0.9435
2025-06-08 16:49:42,165 - INFO - Val   - Loss: 0.5883, IoU: 0.6146, Dice: 0.7540
2025-06-08 16:49:42,912 - INFO - 
Época 185/200
2025-06-08 16:49:44,898 - INFO - Batch 0/14: Loss: 0.0775, IoU: 0.9601, Dice: 0.9796
2025-06-08 16:49:49,229 - INFO - Batch 10/14: Loss: 0.1070, IoU: 0.9300, Dice: 0.9637
2025-06-08 16:49:52,379 - INFO - Train - Loss: 0.1073, IoU: 0.9303, Dice: 0.9636
2025-06-08 16:49:52,379 - INFO - Val   - Loss: 0.6869, IoU: 0.5218, Dice: 0.6791
2025-06-08 16:49:53,129 - INFO - 
Época 186/200
2025-06-08 16:49:54,566 - INFO - Batch 0/14: Loss: 0.1024, IoU: 0.9360, Dice: 0.9670
2025-06-08 16:49:58,885 - INFO - Batch 10/14: Loss: 0.0982, IoU: 0.9347, Dice: 0.9663
2025-06-08 16:50:02,009 - INFO - Train - Loss: 0.1022, IoU: 0.9359, Dice: 0.9668
2025-06-08 16:50:02,009 - INFO - Val   - Loss: 0.6603, IoU: 0.5553, Dice: 0.7043
2025-06-08 16:50:02,748 - INFO - 
Época 187/200
2025-06-08 16:50:04,322 - INFO - Batch 0/14: Loss: 0.0958, IoU: 0.9426, Dice: 0.9705
2025-06-08 16:50:08,713 - INFO - Batch 10/14: Loss: 0.1021, IoU: 0.9396, Dice: 0.9689
2025-06-08 16:50:11,842 - INFO - Train - Loss: 0.1127, IoU: 0.9259, Dice: 0.9615
2025-06-08 16:50:11,842 - INFO - Val   - Loss: 0.4816, IoU: 0.6487, Dice: 0.7832
2025-06-08 16:50:12,571 - INFO - 
Época 188/200
2025-06-08 16:50:14,379 - INFO - Batch 0/14: Loss: 0.0947, IoU: 0.9470, Dice: 0.9728
2025-06-08 16:50:18,681 - INFO - Batch 10/14: Loss: 0.1208, IoU: 0.9194, Dice: 0.9580
2025-06-08 16:50:21,798 - INFO - Train - Loss: 0.1069, IoU: 0.9304, Dice: 0.9637
2025-06-08 16:50:21,798 - INFO - Val   - Loss: 0.5028, IoU: 0.6484, Dice: 0.7830
2025-06-08 16:50:22,535 - INFO - 
Época 189/200
2025-06-08 16:50:23,957 - INFO - Batch 0/14: Loss: 0.1037, IoU: 0.9364, Dice: 0.9671
2025-06-08 16:50:28,260 - INFO - Batch 10/14: Loss: 0.0808, IoU: 0.9571, Dice: 0.9781
2025-06-08 16:50:31,416 - INFO - Train - Loss: 0.0985, IoU: 0.9405, Dice: 0.9693
2025-06-08 16:50:31,416 - INFO - Val   - Loss: 0.5338, IoU: 0.6422, Dice: 0.7767
2025-06-08 16:50:32,159 - INFO - 
Época 190/200
2025-06-08 16:50:33,792 - INFO - Batch 0/14: Loss: 0.0708, IoU: 0.9639, Dice: 0.9816
2025-06-08 16:50:38,094 - INFO - Batch 10/14: Loss: 0.0995, IoU: 0.9404, Dice: 0.9693
2025-06-08 16:50:41,210 - INFO - Train - Loss: 0.1140, IoU: 0.9240, Dice: 0.9599
2025-06-08 16:50:41,210 - INFO - Val   - Loss: 0.6117, IoU: 0.5779, Dice: 0.7236
2025-06-08 16:50:41,946 - INFO - 
Época 191/200
2025-06-08 16:50:43,569 - INFO - Batch 0/14: Loss: 0.1022, IoU: 0.9280, Dice: 0.9627
2025-06-08 16:50:47,874 - INFO - Batch 10/14: Loss: 0.0918, IoU: 0.9446, Dice: 0.9715
2025-06-08 16:50:50,988 - INFO - Train - Loss: 0.1099, IoU: 0.9266, Dice: 0.9618
2025-06-08 16:50:50,988 - INFO - Val   - Loss: 0.6540, IoU: 0.5798, Dice: 0.7265
2025-06-08 16:50:51,717 - INFO - 
Época 192/200
2025-06-08 16:50:53,780 - INFO - Batch 0/14: Loss: 0.1040, IoU: 0.9368, Dice: 0.9674
2025-06-08 16:50:58,080 - INFO - Batch 10/14: Loss: 0.0756, IoU: 0.9623, Dice: 0.9808
2025-06-08 16:51:01,184 - INFO - Train - Loss: 0.0981, IoU: 0.9398, Dice: 0.9689
2025-06-08 16:51:01,184 - INFO - Val   - Loss: 0.5721, IoU: 0.6064, Dice: 0.7496
2025-06-08 16:51:01,913 - INFO - 
Época 193/200
2025-06-08 16:51:03,342 - INFO - Batch 0/14: Loss: 0.1032, IoU: 0.9322, Dice: 0.9649
2025-06-08 16:51:07,652 - INFO - Batch 10/14: Loss: 0.0829, IoU: 0.9528, Dice: 0.9758
2025-06-08 16:51:10,772 - INFO - Train - Loss: 0.1099, IoU: 0.9262, Dice: 0.9614
2025-06-08 16:51:10,773 - INFO - Val   - Loss: 0.6766, IoU: 0.5418, Dice: 0.6994
2025-06-08 16:51:11,512 - INFO - 
Época 194/200
2025-06-08 16:51:13,191 - INFO - Batch 0/14: Loss: 0.1021, IoU: 0.9306, Dice: 0.9640
2025-06-08 16:51:17,495 - INFO - Batch 10/14: Loss: 0.1113, IoU: 0.9196, Dice: 0.9581
2025-06-08 16:51:20,619 - INFO - Train - Loss: 0.0969, IoU: 0.9379, Dice: 0.9679
2025-06-08 16:51:20,619 - INFO - Val   - Loss: 0.6134, IoU: 0.5862, Dice: 0.7343
2025-06-08 16:51:21,356 - INFO - 
Época 195/200
2025-06-08 16:51:22,750 - INFO - Batch 0/14: Loss: 0.0797, IoU: 0.9553, Dice: 0.9771
2025-06-08 16:51:27,052 - INFO - Batch 10/14: Loss: 0.0731, IoU: 0.9586, Dice: 0.9789
2025-06-08 16:51:30,154 - INFO - Train - Loss: 0.0964, IoU: 0.9391, Dice: 0.9685
2025-06-08 16:51:30,154 - INFO - Val   - Loss: 0.6090, IoU: 0.5881, Dice: 0.7373
2025-06-08 16:51:30,889 - INFO - 
Época 196/200
2025-06-08 16:51:32,574 - INFO - Batch 0/14: Loss: 0.1255, IoU: 0.9066, Dice: 0.9510
2025-06-08 16:51:36,867 - INFO - Batch 10/14: Loss: 0.1265, IoU: 0.9107, Dice: 0.9533
2025-06-08 16:51:39,959 - INFO - Train - Loss: 0.1006, IoU: 0.9344, Dice: 0.9659
2025-06-08 16:51:39,959 - INFO - Val   - Loss: 0.6499, IoU: 0.5605, Dice: 0.7152
2025-06-08 16:51:40,696 - INFO - 
Época 197/200
2025-06-08 16:51:42,065 - INFO - Batch 0/14: Loss: 0.0917, IoU: 0.9460, Dice: 0.9723
2025-06-08 16:51:46,375 - INFO - Batch 10/14: Loss: 0.1100, IoU: 0.9226, Dice: 0.9597
2025-06-08 16:51:49,477 - INFO - Train - Loss: 0.1185, IoU: 0.9171, Dice: 0.9564
2025-06-08 16:51:49,477 - INFO - Val   - Loss: 0.7181, IoU: 0.5054, Dice: 0.6690
2025-06-08 16:51:50,216 - INFO - 
Época 198/200
2025-06-08 16:51:51,829 - INFO - Batch 0/14: Loss: 0.1122, IoU: 0.9287, Dice: 0.9630
2025-06-08 16:51:56,130 - INFO - Batch 10/14: Loss: 0.0823, IoU: 0.9521, Dice: 0.9755
2025-06-08 16:51:59,225 - INFO - Train - Loss: 0.1184, IoU: 0.9197, Dice: 0.9577
2025-06-08 16:51:59,225 - INFO - Val   - Loss: 0.4934, IoU: 0.6627, Dice: 0.7929
2025-06-08 16:52:00,639 - INFO - ¡Nuevo mejor modelo! IoU: 0.6627
2025-06-08 16:52:00,639 - INFO - 
Época 199/200
2025-06-08 16:52:02,459 - INFO - Batch 0/14: Loss: 0.1261, IoU: 0.9050, Dice: 0.9501
2025-06-08 16:52:06,759 - INFO - Batch 10/14: Loss: 0.1135, IoU: 0.9251, Dice: 0.9611
2025-06-08 16:52:09,880 - INFO - Train - Loss: 0.1071, IoU: 0.9266, Dice: 0.9617
2025-06-08 16:52:09,881 - INFO - Val   - Loss: 0.6444, IoU: 0.5639, Dice: 0.7174
2025-06-08 16:52:10,615 - INFO - 
Época 200/200
2025-06-08 16:52:12,323 - INFO - Batch 0/14: Loss: 0.0861, IoU: 0.9495, Dice: 0.9741
2025-06-08 16:52:16,616 - INFO - Batch 10/14: Loss: 0.2193, IoU: 0.8507, Dice: 0.9193
2025-06-08 16:52:19,713 - INFO - Train - Loss: 0.1232, IoU: 0.9170, Dice: 0.9562
2025-06-08 16:52:19,713 - INFO - Val   - Loss: 0.6797, IoU: 0.5340, Dice: 0.6915
2025-06-08 16:52:20,432 - INFO - Entrenamiento completado!
2025-06-08 16:52:20,816 - INFO - Entrenamiento completado exitosamente!
